2022-06-08 21:33:38.058 [ main ] - [ INFO  ] [ com.universe.MarketingMgtApplication : 55 ] - Starting MarketingMgtApplication on chhh with PID 20388 (F:\GitTest\MarketingMgt1\backend\target\classes started by 18374 in F:\GitTest\MarketingMgt1\backend)
2022-06-08 21:33:38.064 [ main ] - [ INFO  ] [ com.universe.MarketingMgtApplication : 655 ] - The following profiles are active: dev
2022-06-08 21:33:38.808 [ main ] - [ INFO  ] [ o.s.d.r.config.RepositoryConfigurationDelegate : 249 ] - Multiple Spring Data modules found, entering strict repository configuration mode!
2022-06-08 21:33:38.810 [ main ] - [ INFO  ] [ o.s.d.r.config.RepositoryConfigurationDelegate : 127 ] - Bootstrapping Spring Data Redis repositories in DEFAULT mode.
2022-06-08 21:33:38.832 [ main ] - [ INFO  ] [ o.s.d.r.config.RepositoryConfigurationDelegate : 187 ] - Finished Spring Data repository scanning in 8ms. Found 0 Redis repository interfaces.
2022-06-08 21:33:39.131 [ main ] - [ INFO  ] [ o.s.c.s.PostProcessorRegistrationDelegate$BeanPostProcessorChecker : 330 ] - Bean 'org.springframework.transaction.annotation.ProxyTransactionManagementConfiguration' of type [org.springframework.transaction.annotation.ProxyTransactionManagementConfiguration] is not eligible for getting processed by all BeanPostProcessors (for example: not eligible for auto-proxying)
2022-06-08 21:33:39.433 [ main ] - [ INFO  ] [ o.s.boot.web.embedded.tomcat.TomcatWebServer : 92 ] - Tomcat initialized with port(s): 8080 (http)
2022-06-08 21:33:39.441 [ main ] - [ INFO  ] [ org.apache.coyote.http11.Http11NioProtocol : 173 ] - Initializing ProtocolHandler ["http-nio-8080"]
2022-06-08 21:33:39.442 [ main ] - [ INFO  ] [ org.apache.catalina.core.StandardService : 173 ] - Starting service [Tomcat]
2022-06-08 21:33:39.442 [ main ] - [ INFO  ] [ org.apache.catalina.core.StandardEngine : 173 ] - Starting Servlet engine: [Apache Tomcat/9.0.29]
2022-06-08 21:33:39.525 [ main ] - [ INFO  ] [ o.a.c.core.ContainerBase.[Tomcat].[localhost].[/] : 173 ] - Initializing Spring embedded WebApplicationContext
2022-06-08 21:33:39.525 [ main ] - [ INFO  ] [ org.springframework.web.context.ContextLoader : 284 ] - Root WebApplicationContext: initialization completed in 1386 ms
2022-06-08 21:33:40.911 [ main ] - [ INFO  ] [ s.d.s.w.PropertySourcedRequestMappingHandlerMapping : 69 ] - Mapped URL path [/v2/api-docs] onto method [springfox.documentation.swagger2.web.Swagger2Controller#getDocumentation(String, HttpServletRequest)]
2022-06-08 21:33:41.006 [ main ] - [ INFO  ] [ o.s.scheduling.concurrent.ThreadPoolTaskExecutor : 171 ] - Initializing ExecutorService 'applicationTaskExecutor'
2022-06-08 21:33:41.247 [ main ] - [ INFO  ] [ s.d.s.web.plugins.DocumentationPluginsBootstrapper : 160 ] - Context refreshed
2022-06-08 21:33:41.262 [ main ] - [ INFO  ] [ s.d.s.web.plugins.DocumentationPluginsBootstrapper : 163 ] - Found 1 custom documentation plugin(s)
2022-06-08 21:33:41.288 [ main ] - [ INFO  ] [ s.d.spring.web.scanners.ApiListingReferenceScanner : 41 ] - Scanning for api listing references
2022-06-08 21:33:41.305 [ main ] - [ INFO  ] [ org.apache.coyote.http11.Http11NioProtocol : 173 ] - Starting ProtocolHandler ["http-nio-8080"]
2022-06-08 21:33:41.321 [ main ] - [ INFO  ] [ o.s.boot.web.embedded.tomcat.TomcatWebServer : 204 ] - Tomcat started on port(s): 8080 (http) with context path ''
2022-06-08 21:33:41.323 [ main ] - [ INFO  ] [ com.universe.MarketingMgtApplication : 61 ] - Started MarketingMgtApplication in 3.726 seconds (JVM running for 4.969)
2022-06-08 21:33:46.867 [ http-nio-8080-exec-1 ] - [ INFO  ] [ o.a.c.core.ContainerBase.[Tomcat].[localhost].[/] : 173 ] - Initializing Spring DispatcherServlet 'dispatcherServlet'
2022-06-08 21:33:46.868 [ http-nio-8080-exec-1 ] - [ INFO  ] [ org.springframework.web.servlet.DispatcherServlet : 525 ] - Initializing Servlet 'dispatcherServlet'
2022-06-08 21:33:46.873 [ http-nio-8080-exec-1 ] - [ INFO  ] [ org.springframework.web.servlet.DispatcherServlet : 547 ] - Completed initialization in 5 ms
2022-06-08 22:11:01.941 [ SpringContextShutdownHook ] - [ INFO  ] [ o.s.scheduling.concurrent.ThreadPoolTaskExecutor : 208 ] - Shutting down ExecutorService 'applicationTaskExecutor'
