2022-06-18 16:41:28.063 [ main ] - [ INFO  ] [ com.universe.MarketingMgtApplication : 55 ] - Starting MarketingMgtApplication on 洋垃圾 with PID 29652 (F:\VectorySoftware\bankend\backend-user\MarketingMgt\backend\target\classes started by Haibra Ai in F:\VectorySoftware\bankend\backend-user\MarketingMgt\backend)
2022-06-18 16:41:28.065 [ main ] - [ INFO  ] [ com.universe.MarketingMgtApplication : 655 ] - The following profiles are active: dev
2022-06-18 16:41:28.776 [ main ] - [ INFO  ] [ o.s.c.s.PostProcessorRegistrationDelegate$BeanPostProcessorChecker : 330 ] - Bean 'org.springframework.transaction.annotation.ProxyTransactionManagementConfiguration' of type [org.springframework.transaction.annotation.ProxyTransactionManagementConfiguration] is not eligible for getting processed by all BeanPostProcessors (for example: not eligible for auto-proxying)
2022-06-18 16:41:29.027 [ main ] - [ INFO  ] [ o.s.boot.web.embedded.tomcat.TomcatWebServer : 92 ] - Tomcat initialized with port(s): 8080 (http)
2022-06-18 16:41:29.033 [ main ] - [ INFO  ] [ org.apache.coyote.http11.Http11NioProtocol : 173 ] - Initializing ProtocolHandler ["http-nio-8080"]
2022-06-18 16:41:29.034 [ main ] - [ INFO  ] [ org.apache.catalina.core.StandardService : 173 ] - Starting service [Tomcat]
2022-06-18 16:41:29.034 [ main ] - [ INFO  ] [ org.apache.catalina.core.StandardEngine : 173 ] - Starting Servlet engine: [Apache Tomcat/9.0.29]
2022-06-18 16:41:29.111 [ main ] - [ INFO  ] [ o.a.c.core.ContainerBase.[Tomcat].[localhost].[/] : 173 ] - Initializing Spring embedded WebApplicationContext
2022-06-18 16:41:29.111 [ main ] - [ INFO  ] [ org.springframework.web.context.ContextLoader : 284 ] - Root WebApplicationContext: initialization completed in 1022 ms
2022-06-18 16:41:32.249 [ main ] - [ INFO  ] [ s.d.s.w.PropertySourcedRequestMappingHandlerMapping : 69 ] - Mapped URL path [/v2/api-docs] onto method [springfox.documentation.swagger2.web.Swagger2Controller#getDocumentation(String, HttpServletRequest)]
2022-06-18 16:41:32.320 [ main ] - [ INFO  ] [ o.s.scheduling.concurrent.ThreadPoolTaskExecutor : 171 ] - Initializing ExecutorService 'applicationTaskExecutor'
2022-06-18 16:41:32.447 [ main ] - [ INFO  ] [ o.s.scheduling.concurrent.ThreadPoolTaskScheduler : 171 ] - Initializing ExecutorService 'taskScheduler'
2022-06-18 16:41:32.476 [ main ] - [ INFO  ] [ s.d.s.web.plugins.DocumentationPluginsBootstrapper : 160 ] - Context refreshed
2022-06-18 16:41:32.486 [ main ] - [ INFO  ] [ s.d.s.web.plugins.DocumentationPluginsBootstrapper : 163 ] - Found 1 custom documentation plugin(s)
2022-06-18 16:41:32.506 [ main ] - [ INFO  ] [ s.d.spring.web.scanners.ApiListingReferenceScanner : 41 ] - Scanning for api listing references
2022-06-18 16:41:32.584 [ main ] - [ INFO  ] [ s.d.s.w.r.operation.CachingOperationNameGenerator : 40 ] - Generating unique operation named: deleteUsingDELETE_1
2022-06-18 16:41:32.589 [ main ] - [ INFO  ] [ s.d.s.w.r.operation.CachingOperationNameGenerator : 40 ] - Generating unique operation named: findUsingGET_1
2022-06-18 16:41:32.593 [ main ] - [ INFO  ] [ s.d.s.w.r.operation.CachingOperationNameGenerator : 40 ] - Generating unique operation named: saveUsingPOST_1
2022-06-18 16:41:32.595 [ main ] - [ INFO  ] [ s.d.s.w.r.operation.CachingOperationNameGenerator : 40 ] - Generating unique operation named: updateUsingPUT_1
2022-06-18 16:41:32.597 [ main ] - [ INFO  ] [ s.d.s.w.r.operation.CachingOperationNameGenerator : 40 ] - Generating unique operation named: deleteUsingPOST_1
2022-06-18 16:41:32.599 [ main ] - [ INFO  ] [ s.d.s.w.r.operation.CachingOperationNameGenerator : 40 ] - Generating unique operation named: deleteUsingDELETE_2
2022-06-18 16:41:32.604 [ main ] - [ INFO  ] [ s.d.s.w.r.operation.CachingOperationNameGenerator : 40 ] - Generating unique operation named: findUsingGET_2
2022-06-18 16:41:32.612 [ main ] - [ INFO  ] [ s.d.s.w.r.operation.CachingOperationNameGenerator : 40 ] - Generating unique operation named: saveUsingPOST_2
2022-06-18 16:41:32.614 [ main ] - [ INFO  ] [ s.d.s.w.r.operation.CachingOperationNameGenerator : 40 ] - Generating unique operation named: updateUsingPUT_2
2022-06-18 16:41:32.628 [ main ] - [ INFO  ] [ org.apache.coyote.http11.Http11NioProtocol : 173 ] - Starting ProtocolHandler ["http-nio-8080"]
2022-06-18 16:41:32.644 [ main ] - [ INFO  ] [ o.s.boot.web.embedded.tomcat.TomcatWebServer : 204 ] - Tomcat started on port(s): 8080 (http) with context path ''
2022-06-18 16:41:32.647 [ main ] - [ INFO  ] [ com.universe.MarketingMgtApplication : 61 ] - Started MarketingMgtApplication in 4.879 seconds (JVM running for 7.453)
2022-06-18 19:42:03.505 [ SpringContextShutdownHook ] - [ INFO  ] [ o.s.scheduling.concurrent.ThreadPoolTaskScheduler : 208 ] - Shutting down ExecutorService 'taskScheduler'
2022-06-18 19:42:03.518 [ SpringContextShutdownHook ] - [ INFO  ] [ o.s.scheduling.concurrent.ThreadPoolTaskExecutor : 208 ] - Shutting down ExecutorService 'applicationTaskExecutor'
