2022-06-17 00:02:29.332 [ http-nio-8080-exec-6 ] - [ INFO  ] [ com.universe.aop.LogAspect : 87 ] - 库存管理-查询全部数据
2022-06-17 01:43:18.489 [ SpringContextShutdownHook ] - [ INFO  ] [ o.s.scheduling.concurrent.ThreadPoolTaskExecutor : 208 ] - Shutting down ExecutorService 'applicationTaskExecutor'
2022-06-17 01:43:18.569 [ SpringContextShutdownHook ] - [ INFO  ] [ com.zaxxer.hikari.HikariDataSource : 350 ] - HikariPool-1 - Shutdown initiated...
2022-06-17 01:43:18.577 [ SpringContextShutdownHook ] - [ INFO  ] [ com.zaxxer.hikari.HikariDataSource : 352 ] - HikariPool-1 - Shutdown completed.
2022-06-17 01:43:26.575 [ main ] - [ INFO  ] [ com.universe.MarketingMgtApplication : 55 ] - Starting MarketingMgtApplication on chhh with PID 21324 (F:\GitTest\MarketingMgt1\backend\target\classes started by 18374 in F:\GitTest\MarketingMgt1\backend)
2022-06-17 01:43:26.583 [ main ] - [ INFO  ] [ com.universe.MarketingMgtApplication : 655 ] - The following profiles are active: dev
2022-06-17 01:43:27.716 [ main ] - [ INFO  ] [ o.s.d.r.config.RepositoryConfigurationDelegate : 249 ] - Multiple Spring Data modules found, entering strict repository configuration mode!
2022-06-17 01:43:27.718 [ main ] - [ INFO  ] [ o.s.d.r.config.RepositoryConfigurationDelegate : 127 ] - Bootstrapping Spring Data Redis repositories in DEFAULT mode.
2022-06-17 01:43:27.750 [ main ] - [ INFO  ] [ o.s.d.r.config.RepositoryConfigurationDelegate : 187 ] - Finished Spring Data repository scanning in 13ms. Found 0 Redis repository interfaces.
2022-06-17 01:43:28.064 [ main ] - [ INFO  ] [ o.s.c.s.PostProcessorRegistrationDelegate$BeanPostProcessorChecker : 330 ] - Bean 'org.springframework.transaction.annotation.ProxyTransactionManagementConfiguration' of type [org.springframework.transaction.annotation.ProxyTransactionManagementConfiguration] is not eligible for getting processed by all BeanPostProcessors (for example: not eligible for auto-proxying)
2022-06-17 01:43:28.423 [ main ] - [ INFO  ] [ o.s.boot.web.embedded.tomcat.TomcatWebServer : 92 ] - Tomcat initialized with port(s): 8080 (http)
2022-06-17 01:43:28.432 [ main ] - [ INFO  ] [ org.apache.coyote.http11.Http11NioProtocol : 173 ] - Initializing ProtocolHandler ["http-nio-8080"]
2022-06-17 01:43:28.433 [ main ] - [ INFO  ] [ org.apache.catalina.core.StandardService : 173 ] - Starting service [Tomcat]
2022-06-17 01:43:28.433 [ main ] - [ INFO  ] [ org.apache.catalina.core.StandardEngine : 173 ] - Starting Servlet engine: [Apache Tomcat/9.0.29]
2022-06-17 01:43:28.518 [ main ] - [ INFO  ] [ o.a.c.core.ContainerBase.[Tomcat].[localhost].[/] : 173 ] - Initializing Spring embedded WebApplicationContext
2022-06-17 01:43:28.519 [ main ] - [ INFO  ] [ org.springframework.web.context.ContextLoader : 284 ] - Root WebApplicationContext: initialization completed in 1843 ms
2022-06-17 01:43:29.912 [ main ] - [ INFO  ] [ s.d.s.w.PropertySourcedRequestMappingHandlerMapping : 69 ] - Mapped URL path [/v2/api-docs] onto method [springfox.documentation.swagger2.web.Swagger2Controller#getDocumentation(String, HttpServletRequest)]
2022-06-17 01:43:29.999 [ main ] - [ INFO  ] [ o.s.scheduling.concurrent.ThreadPoolTaskExecutor : 171 ] - Initializing ExecutorService 'applicationTaskExecutor'
2022-06-17 01:43:30.221 [ main ] - [ INFO  ] [ s.d.s.web.plugins.DocumentationPluginsBootstrapper : 160 ] - Context refreshed
2022-06-17 01:43:30.235 [ main ] - [ INFO  ] [ s.d.s.web.plugins.DocumentationPluginsBootstrapper : 163 ] - Found 1 custom documentation plugin(s)
2022-06-17 01:43:30.257 [ main ] - [ INFO  ] [ s.d.spring.web.scanners.ApiListingReferenceScanner : 41 ] - Scanning for api listing references
2022-06-17 01:43:30.274 [ main ] - [ INFO  ] [ org.apache.coyote.http11.Http11NioProtocol : 173 ] - Starting ProtocolHandler ["http-nio-8080"]
2022-06-17 01:43:30.289 [ main ] - [ INFO  ] [ o.s.boot.web.embedded.tomcat.TomcatWebServer : 204 ] - Tomcat started on port(s): 8080 (http) with context path ''
2022-06-17 01:43:30.291 [ main ] - [ INFO  ] [ com.universe.MarketingMgtApplication : 61 ] - Started MarketingMgtApplication in 4.25 seconds (JVM running for 5.637)
2022-06-17 01:43:32.538 [ http-nio-8080-exec-2 ] - [ INFO  ] [ o.a.c.core.ContainerBase.[Tomcat].[localhost].[/] : 173 ] - Initializing Spring DispatcherServlet 'dispatcherServlet'
2022-06-17 01:43:32.538 [ http-nio-8080-exec-2 ] - [ INFO  ] [ org.springframework.web.servlet.DispatcherServlet : 525 ] - Initializing Servlet 'dispatcherServlet'
2022-06-17 01:43:32.546 [ http-nio-8080-exec-2 ] - [ INFO  ] [ org.springframework.web.servlet.DispatcherServlet : 547 ] - Completed initialization in 8 ms
2022-06-17 01:43:32.580 [ http-nio-8080-exec-2 ] - [ INFO  ] [ com.universe.aop.LogAspect : 87 ] - 库存管理-查询全部数据
2022-06-17 01:43:32.601 [ http-nio-8080-exec-2 ] - [ INFO  ] [ com.zaxxer.hikari.HikariDataSource : 110 ] - HikariPool-1 - Starting...
2022-06-17 01:43:32.983 [ http-nio-8080-exec-2 ] - [ INFO  ] [ com.zaxxer.hikari.HikariDataSource : 123 ] - HikariPool-1 - Start completed.
2022-06-17 01:44:03.996 [ http-nio-8080-exec-6 ] - [ INFO  ] [ com.universe.aop.LogAspect : 87 ] - 库存管理-分页模糊查询库存列表
2022-06-17 09:46:20.548 [ main ] - [ INFO  ] [ com.universe.MarketingMgtApplication : 55 ] - Starting MarketingMgtApplication on chhh with PID 13376 (F:\GitTest\MarketingMgt1\backend\target\classes started by 18374 in F:\GitTest\MarketingMgt1\backend)
2022-06-17 09:46:20.553 [ main ] - [ INFO  ] [ com.universe.MarketingMgtApplication : 655 ] - The following profiles are active: dev
2022-06-17 09:46:21.467 [ main ] - [ INFO  ] [ o.s.d.r.config.RepositoryConfigurationDelegate : 249 ] - Multiple Spring Data modules found, entering strict repository configuration mode!
2022-06-17 09:46:21.470 [ main ] - [ INFO  ] [ o.s.d.r.config.RepositoryConfigurationDelegate : 127 ] - Bootstrapping Spring Data Redis repositories in DEFAULT mode.
2022-06-17 09:46:21.497 [ main ] - [ INFO  ] [ o.s.d.r.config.RepositoryConfigurationDelegate : 187 ] - Finished Spring Data repository scanning in 10ms. Found 0 Redis repository interfaces.
2022-06-17 09:46:21.744 [ main ] - [ INFO  ] [ o.s.c.s.PostProcessorRegistrationDelegate$BeanPostProcessorChecker : 330 ] - Bean 'org.springframework.transaction.annotation.ProxyTransactionManagementConfiguration' of type [org.springframework.transaction.annotation.ProxyTransactionManagementConfiguration] is not eligible for getting processed by all BeanPostProcessors (for example: not eligible for auto-proxying)
2022-06-17 09:46:22.086 [ main ] - [ INFO  ] [ o.s.boot.web.embedded.tomcat.TomcatWebServer : 92 ] - Tomcat initialized with port(s): 8080 (http)
2022-06-17 09:46:22.098 [ main ] - [ INFO  ] [ org.apache.coyote.http11.Http11NioProtocol : 173 ] - Initializing ProtocolHandler ["http-nio-8080"]
2022-06-17 09:46:22.098 [ main ] - [ INFO  ] [ org.apache.catalina.core.StandardService : 173 ] - Starting service [Tomcat]
2022-06-17 09:46:22.099 [ main ] - [ INFO  ] [ org.apache.catalina.core.StandardEngine : 173 ] - Starting Servlet engine: [Apache Tomcat/9.0.29]
2022-06-17 09:46:22.191 [ main ] - [ INFO  ] [ o.a.c.core.ContainerBase.[Tomcat].[localhost].[/] : 173 ] - Initializing Spring embedded WebApplicationContext
2022-06-17 09:46:22.192 [ main ] - [ INFO  ] [ org.springframework.web.context.ContextLoader : 284 ] - Root WebApplicationContext: initialization completed in 1537 ms
2022-06-17 09:46:23.663 [ main ] - [ INFO  ] [ s.d.s.w.PropertySourcedRequestMappingHandlerMapping : 69 ] - Mapped URL path [/v2/api-docs] onto method [springfox.documentation.swagger2.web.Swagger2Controller#getDocumentation(String, HttpServletRequest)]
2022-06-17 09:46:23.746 [ main ] - [ INFO  ] [ o.s.scheduling.concurrent.ThreadPoolTaskExecutor : 171 ] - Initializing ExecutorService 'applicationTaskExecutor'
2022-06-17 09:46:24.000 [ main ] - [ INFO  ] [ s.d.s.web.plugins.DocumentationPluginsBootstrapper : 160 ] - Context refreshed
2022-06-17 09:46:24.013 [ main ] - [ INFO  ] [ s.d.s.web.plugins.DocumentationPluginsBootstrapper : 163 ] - Found 1 custom documentation plugin(s)
2022-06-17 09:46:24.033 [ main ] - [ INFO  ] [ s.d.spring.web.scanners.ApiListingReferenceScanner : 41 ] - Scanning for api listing references
2022-06-17 09:46:24.050 [ main ] - [ INFO  ] [ org.apache.coyote.http11.Http11NioProtocol : 173 ] - Starting ProtocolHandler ["http-nio-8080"]
2022-06-17 09:46:24.064 [ main ] - [ INFO  ] [ o.s.boot.web.embedded.tomcat.TomcatWebServer : 204 ] - Tomcat started on port(s): 8080 (http) with context path ''
2022-06-17 09:46:24.066 [ main ] - [ INFO  ] [ com.universe.MarketingMgtApplication : 61 ] - Started MarketingMgtApplication in 4.035 seconds (JVM running for 5.137)
2022-06-17 09:50:57.722 [ SpringContextShutdownHook ] - [ INFO  ] [ o.s.scheduling.concurrent.ThreadPoolTaskExecutor : 208 ] - Shutting down ExecutorService 'applicationTaskExecutor'
2022-06-17 09:51:02.550 [ main ] - [ INFO  ] [ com.universe.MarketingMgtApplication : 55 ] - Starting MarketingMgtApplication on chhh with PID 3992 (F:\GitTest\MarketingMgt1\backend\target\classes started by 18374 in F:\GitTest\MarketingMgt1\backend)
2022-06-17 09:51:02.552 [ main ] - [ INFO  ] [ com.universe.MarketingMgtApplication : 655 ] - The following profiles are active: dev
2022-06-17 09:51:03.200 [ main ] - [ INFO  ] [ o.s.d.r.config.RepositoryConfigurationDelegate : 249 ] - Multiple Spring Data modules found, entering strict repository configuration mode!
2022-06-17 09:51:03.201 [ main ] - [ INFO  ] [ o.s.d.r.config.RepositoryConfigurationDelegate : 127 ] - Bootstrapping Spring Data Redis repositories in DEFAULT mode.
2022-06-17 09:51:03.218 [ main ] - [ INFO  ] [ o.s.d.r.config.RepositoryConfigurationDelegate : 187 ] - Finished Spring Data repository scanning in 8ms. Found 0 Redis repository interfaces.
2022-06-17 09:51:03.415 [ main ] - [ INFO  ] [ o.s.c.s.PostProcessorRegistrationDelegate$BeanPostProcessorChecker : 330 ] - Bean 'org.springframework.transaction.annotation.ProxyTransactionManagementConfiguration' of type [org.springframework.transaction.annotation.ProxyTransactionManagementConfiguration] is not eligible for getting processed by all BeanPostProcessors (for example: not eligible for auto-proxying)
2022-06-17 09:51:03.668 [ main ] - [ INFO  ] [ o.s.boot.web.embedded.tomcat.TomcatWebServer : 92 ] - Tomcat initialized with port(s): 8080 (http)
2022-06-17 09:51:03.668 [ main ] - [ INFO  ] [ org.apache.coyote.http11.Http11NioProtocol : 173 ] - Initializing ProtocolHandler ["http-nio-8080"]
2022-06-17 09:51:03.668 [ main ] - [ INFO  ] [ org.apache.catalina.core.StandardService : 173 ] - Starting service [Tomcat]
2022-06-17 09:51:03.668 [ main ] - [ INFO  ] [ org.apache.catalina.core.StandardEngine : 173 ] - Starting Servlet engine: [Apache Tomcat/9.0.29]
2022-06-17 09:51:03.730 [ main ] - [ INFO  ] [ o.a.c.core.ContainerBase.[Tomcat].[localhost].[/] : 173 ] - Initializing Spring embedded WebApplicationContext
2022-06-17 09:51:03.730 [ main ] - [ INFO  ] [ org.springframework.web.context.ContextLoader : 284 ] - Root WebApplicationContext: initialization completed in 1107 ms
2022-06-17 09:51:04.931 [ main ] - [ INFO  ] [ s.d.s.w.PropertySourcedRequestMappingHandlerMapping : 69 ] - Mapped URL path [/v2/api-docs] onto method [springfox.documentation.swagger2.web.Swagger2Controller#getDocumentation(String, HttpServletRequest)]
2022-06-17 09:51:04.999 [ main ] - [ INFO  ] [ o.s.scheduling.concurrent.ThreadPoolTaskExecutor : 171 ] - Initializing ExecutorService 'applicationTaskExecutor'
2022-06-17 09:51:05.205 [ main ] - [ INFO  ] [ s.d.s.web.plugins.DocumentationPluginsBootstrapper : 160 ] - Context refreshed
2022-06-17 09:51:05.223 [ main ] - [ INFO  ] [ s.d.s.web.plugins.DocumentationPluginsBootstrapper : 163 ] - Found 1 custom documentation plugin(s)
2022-06-17 09:51:05.248 [ main ] - [ INFO  ] [ s.d.spring.web.scanners.ApiListingReferenceScanner : 41 ] - Scanning for api listing references
2022-06-17 09:51:05.265 [ main ] - [ INFO  ] [ org.apache.coyote.http11.Http11NioProtocol : 173 ] - Starting ProtocolHandler ["http-nio-8080"]
2022-06-17 09:51:05.279 [ main ] - [ INFO  ] [ o.s.boot.web.embedded.tomcat.TomcatWebServer : 204 ] - Tomcat started on port(s): 8080 (http) with context path ''
2022-06-17 09:51:05.281 [ main ] - [ INFO  ] [ com.universe.MarketingMgtApplication : 61 ] - Started MarketingMgtApplication in 3.075 seconds (JVM running for 3.838)
2022-06-17 09:51:09.687 [ http-nio-8080-exec-2 ] - [ INFO  ] [ o.a.c.core.ContainerBase.[Tomcat].[localhost].[/] : 173 ] - Initializing Spring DispatcherServlet 'dispatcherServlet'
2022-06-17 09:51:09.687 [ http-nio-8080-exec-2 ] - [ INFO  ] [ org.springframework.web.servlet.DispatcherServlet : 525 ] - Initializing Servlet 'dispatcherServlet'
2022-06-17 09:51:09.692 [ http-nio-8080-exec-2 ] - [ INFO  ] [ org.springframework.web.servlet.DispatcherServlet : 547 ] - Completed initialization in 5 ms
2022-06-17 09:51:09.766 [ http-nio-8080-exec-2 ] - [ INFO  ] [ com.universe.aop.LogAspect : 87 ] - 库存管理-分页模糊查询库存列表
2022-06-17 09:51:09.799 [ http-nio-8080-exec-2 ] - [ INFO  ] [ com.zaxxer.hikari.HikariDataSource : 110 ] - HikariPool-1 - Starting...
2022-06-17 09:51:10.332 [ http-nio-8080-exec-2 ] - [ INFO  ] [ com.zaxxer.hikari.HikariDataSource : 123 ] - HikariPool-1 - Start completed.
2022-06-17 09:51:31.936 [ SpringContextShutdownHook ] - [ INFO  ] [ o.s.scheduling.concurrent.ThreadPoolTaskExecutor : 208 ] - Shutting down ExecutorService 'applicationTaskExecutor'
2022-06-17 09:51:31.952 [ SpringContextShutdownHook ] - [ INFO  ] [ com.zaxxer.hikari.HikariDataSource : 350 ] - HikariPool-1 - Shutdown initiated...
2022-06-17 09:51:31.967 [ SpringContextShutdownHook ] - [ INFO  ] [ com.zaxxer.hikari.HikariDataSource : 352 ] - HikariPool-1 - Shutdown completed.
2022-06-17 09:51:35.417 [ main ] - [ INFO  ] [ com.universe.MarketingMgtApplication : 55 ] - Starting MarketingMgtApplication on chhh with PID 7248 (F:\GitTest\MarketingMgt1\backend\target\classes started by 18374 in F:\GitTest\MarketingMgt1\backend)
2022-06-17 09:51:35.422 [ main ] - [ INFO  ] [ com.universe.MarketingMgtApplication : 655 ] - The following profiles are active: dev
2022-06-17 09:51:36.081 [ main ] - [ INFO  ] [ o.s.d.r.config.RepositoryConfigurationDelegate : 249 ] - Multiple Spring Data modules found, entering strict repository configuration mode!
2022-06-17 09:51:36.082 [ main ] - [ INFO  ] [ o.s.d.r.config.RepositoryConfigurationDelegate : 127 ] - Bootstrapping Spring Data Redis repositories in DEFAULT mode.
2022-06-17 09:51:36.099 [ main ] - [ INFO  ] [ o.s.d.r.config.RepositoryConfigurationDelegate : 187 ] - Finished Spring Data repository scanning in 8ms. Found 0 Redis repository interfaces.
2022-06-17 09:51:36.282 [ main ] - [ INFO  ] [ o.s.c.s.PostProcessorRegistrationDelegate$BeanPostProcessorChecker : 330 ] - Bean 'org.springframework.transaction.annotation.ProxyTransactionManagementConfiguration' of type [org.springframework.transaction.annotation.ProxyTransactionManagementConfiguration] is not eligible for getting processed by all BeanPostProcessors (for example: not eligible for auto-proxying)
2022-06-17 09:51:36.537 [ main ] - [ INFO  ] [ o.s.boot.web.embedded.tomcat.TomcatWebServer : 92 ] - Tomcat initialized with port(s): 8080 (http)
2022-06-17 09:51:36.544 [ main ] - [ INFO  ] [ org.apache.coyote.http11.Http11NioProtocol : 173 ] - Initializing ProtocolHandler ["http-nio-8080"]
2022-06-17 09:51:36.544 [ main ] - [ INFO  ] [ org.apache.catalina.core.StandardService : 173 ] - Starting service [Tomcat]
2022-06-17 09:51:36.544 [ main ] - [ INFO  ] [ org.apache.catalina.core.StandardEngine : 173 ] - Starting Servlet engine: [Apache Tomcat/9.0.29]
2022-06-17 09:51:36.618 [ main ] - [ INFO  ] [ o.a.c.core.ContainerBase.[Tomcat].[localhost].[/] : 173 ] - Initializing Spring embedded WebApplicationContext
2022-06-17 09:51:36.619 [ main ] - [ INFO  ] [ org.springframework.web.context.ContextLoader : 284 ] - Root WebApplicationContext: initialization completed in 1091 ms
2022-06-17 09:51:37.813 [ main ] - [ INFO  ] [ s.d.s.w.PropertySourcedRequestMappingHandlerMapping : 69 ] - Mapped URL path [/v2/api-docs] onto method [springfox.documentation.swagger2.web.Swagger2Controller#getDocumentation(String, HttpServletRequest)]
2022-06-17 09:51:37.882 [ main ] - [ INFO  ] [ o.s.scheduling.concurrent.ThreadPoolTaskExecutor : 171 ] - Initializing ExecutorService 'applicationTaskExecutor'
2022-06-17 09:51:38.060 [ main ] - [ INFO  ] [ s.d.s.web.plugins.DocumentationPluginsBootstrapper : 160 ] - Context refreshed
2022-06-17 09:51:38.073 [ main ] - [ INFO  ] [ s.d.s.web.plugins.DocumentationPluginsBootstrapper : 163 ] - Found 1 custom documentation plugin(s)
2022-06-17 09:51:38.096 [ main ] - [ INFO  ] [ s.d.spring.web.scanners.ApiListingReferenceScanner : 41 ] - Scanning for api listing references
2022-06-17 09:51:38.112 [ main ] - [ INFO  ] [ org.apache.coyote.http11.Http11NioProtocol : 173 ] - Starting ProtocolHandler ["http-nio-8080"]
2022-06-17 09:51:38.129 [ main ] - [ INFO  ] [ o.s.boot.web.embedded.tomcat.TomcatWebServer : 204 ] - Tomcat started on port(s): 8080 (http) with context path ''
2022-06-17 09:51:38.131 [ main ] - [ INFO  ] [ com.universe.MarketingMgtApplication : 61 ] - Started MarketingMgtApplication in 3.14 seconds (JVM running for 3.92)
2022-06-17 09:51:41.247 [ http-nio-8080-exec-2 ] - [ INFO  ] [ o.a.c.core.ContainerBase.[Tomcat].[localhost].[/] : 173 ] - Initializing Spring DispatcherServlet 'dispatcherServlet'
2022-06-17 09:51:41.248 [ http-nio-8080-exec-2 ] - [ INFO  ] [ org.springframework.web.servlet.DispatcherServlet : 525 ] - Initializing Servlet 'dispatcherServlet'
2022-06-17 09:51:41.255 [ http-nio-8080-exec-2 ] - [ INFO  ] [ org.springframework.web.servlet.DispatcherServlet : 547 ] - Completed initialization in 7 ms
2022-06-17 09:51:41.327 [ http-nio-8080-exec-2 ] - [ INFO  ] [ com.universe.aop.LogAspect : 87 ] - 库存管理-分页模糊查询库存列表
2022-06-17 09:51:41.356 [ http-nio-8080-exec-2 ] - [ INFO  ] [ com.zaxxer.hikari.HikariDataSource : 110 ] - HikariPool-1 - Starting...
2022-06-17 09:51:41.838 [ http-nio-8080-exec-2 ] - [ INFO  ] [ com.zaxxer.hikari.HikariDataSource : 123 ] - HikariPool-1 - Start completed.
2022-06-17 09:51:57.877 [ SpringContextShutdownHook ] - [ INFO  ] [ o.s.scheduling.concurrent.ThreadPoolTaskExecutor : 208 ] - Shutting down ExecutorService 'applicationTaskExecutor'
2022-06-17 09:51:57.893 [ SpringContextShutdownHook ] - [ INFO  ] [ com.zaxxer.hikari.HikariDataSource : 350 ] - HikariPool-1 - Shutdown initiated...
2022-06-17 09:51:57.893 [ SpringContextShutdownHook ] - [ INFO  ] [ com.zaxxer.hikari.HikariDataSource : 352 ] - HikariPool-1 - Shutdown completed.
2022-06-17 09:52:03.037 [ main ] - [ INFO  ] [ com.universe.MarketingMgtApplication : 55 ] - Starting MarketingMgtApplication on chhh with PID 2700 (F:\GitTest\MarketingMgt1\backend\target\classes started by 18374 in F:\GitTest\MarketingMgt1\backend)
2022-06-17 09:52:03.041 [ main ] - [ INFO  ] [ com.universe.MarketingMgtApplication : 655 ] - The following profiles are active: dev
2022-06-17 09:52:03.660 [ main ] - [ INFO  ] [ o.s.d.r.config.RepositoryConfigurationDelegate : 249 ] - Multiple Spring Data modules found, entering strict repository configuration mode!
2022-06-17 09:52:03.660 [ main ] - [ INFO  ] [ o.s.d.r.config.RepositoryConfigurationDelegate : 127 ] - Bootstrapping Spring Data Redis repositories in DEFAULT mode.
2022-06-17 09:52:03.675 [ main ] - [ INFO  ] [ o.s.d.r.config.RepositoryConfigurationDelegate : 187 ] - Finished Spring Data repository scanning in 8ms. Found 0 Redis repository interfaces.
2022-06-17 09:52:03.877 [ main ] - [ INFO  ] [ o.s.c.s.PostProcessorRegistrationDelegate$BeanPostProcessorChecker : 330 ] - Bean 'org.springframework.transaction.annotation.ProxyTransactionManagementConfiguration' of type [org.springframework.transaction.annotation.ProxyTransactionManagementConfiguration] is not eligible for getting processed by all BeanPostProcessors (for example: not eligible for auto-proxying)
2022-06-17 09:52:04.126 [ main ] - [ INFO  ] [ o.s.boot.web.embedded.tomcat.TomcatWebServer : 92 ] - Tomcat initialized with port(s): 8080 (http)
2022-06-17 09:52:04.142 [ main ] - [ INFO  ] [ org.apache.coyote.http11.Http11NioProtocol : 173 ] - Initializing ProtocolHandler ["http-nio-8080"]
2022-06-17 09:52:04.143 [ main ] - [ INFO  ] [ org.apache.catalina.core.StandardService : 173 ] - Starting service [Tomcat]
2022-06-17 09:52:04.143 [ main ] - [ INFO  ] [ org.apache.catalina.core.StandardEngine : 173 ] - Starting Servlet engine: [Apache Tomcat/9.0.29]
2022-06-17 09:52:04.209 [ main ] - [ INFO  ] [ o.a.c.core.ContainerBase.[Tomcat].[localhost].[/] : 173 ] - Initializing Spring embedded WebApplicationContext
2022-06-17 09:52:04.210 [ main ] - [ INFO  ] [ org.springframework.web.context.ContextLoader : 284 ] - Root WebApplicationContext: initialization completed in 1095 ms
2022-06-17 09:52:05.374 [ main ] - [ INFO  ] [ s.d.s.w.PropertySourcedRequestMappingHandlerMapping : 69 ] - Mapped URL path [/v2/api-docs] onto method [springfox.documentation.swagger2.web.Swagger2Controller#getDocumentation(String, HttpServletRequest)]
2022-06-17 09:52:05.482 [ main ] - [ INFO  ] [ o.s.scheduling.concurrent.ThreadPoolTaskExecutor : 171 ] - Initializing ExecutorService 'applicationTaskExecutor'
2022-06-17 09:52:05.696 [ main ] - [ INFO  ] [ s.d.s.web.plugins.DocumentationPluginsBootstrapper : 160 ] - Context refreshed
2022-06-17 09:52:05.713 [ main ] - [ INFO  ] [ s.d.s.web.plugins.DocumentationPluginsBootstrapper : 163 ] - Found 1 custom documentation plugin(s)
2022-06-17 09:52:05.742 [ main ] - [ INFO  ] [ s.d.spring.web.scanners.ApiListingReferenceScanner : 41 ] - Scanning for api listing references
2022-06-17 09:52:05.755 [ main ] - [ INFO  ] [ org.apache.coyote.http11.Http11NioProtocol : 173 ] - Starting ProtocolHandler ["http-nio-8080"]
2022-06-17 09:52:05.769 [ main ] - [ INFO  ] [ o.s.boot.web.embedded.tomcat.TomcatWebServer : 204 ] - Tomcat started on port(s): 8080 (http) with context path ''
2022-06-17 09:52:05.771 [ main ] - [ INFO  ] [ com.universe.MarketingMgtApplication : 61 ] - Started MarketingMgtApplication in 3.132 seconds (JVM running for 4.132)
2022-06-17 09:52:07.235 [ http-nio-8080-exec-1 ] - [ INFO  ] [ o.a.c.core.ContainerBase.[Tomcat].[localhost].[/] : 173 ] - Initializing Spring DispatcherServlet 'dispatcherServlet'
2022-06-17 09:52:07.235 [ http-nio-8080-exec-1 ] - [ INFO  ] [ org.springframework.web.servlet.DispatcherServlet : 525 ] - Initializing Servlet 'dispatcherServlet'
2022-06-17 09:52:07.240 [ http-nio-8080-exec-1 ] - [ INFO  ] [ org.springframework.web.servlet.DispatcherServlet : 547 ] - Completed initialization in 5 ms
2022-06-17 09:52:07.302 [ http-nio-8080-exec-1 ] - [ INFO  ] [ com.universe.aop.LogAspect : 87 ] - 库存管理-分页模糊查询库存列表
2022-06-17 09:52:07.327 [ http-nio-8080-exec-1 ] - [ INFO  ] [ com.zaxxer.hikari.HikariDataSource : 110 ] - HikariPool-1 - Starting...
2022-06-17 09:52:07.672 [ http-nio-8080-exec-1 ] - [ INFO  ] [ com.zaxxer.hikari.HikariDataSource : 123 ] - HikariPool-1 - Start completed.
2022-06-17 09:52:18.078 [ http-nio-8080-exec-3 ] - [ INFO  ] [ com.universe.aop.LogAspect : 87 ] - 库存管理-分页模糊查询库存列表
2022-06-17 09:54:43.200 [ http-nio-8080-exec-6 ] - [ INFO  ] [ com.universe.aop.LogAspect : 87 ] - 库存管理-分页模糊查询库存列表
2022-06-17 09:54:51.409 [ http-nio-8080-exec-7 ] - [ INFO  ] [ com.universe.aop.LogAspect : 87 ] - 库存管理-分页模糊查询库存列表
2022-06-17 09:54:56.190 [ http-nio-8080-exec-8 ] - [ INFO  ] [ com.universe.aop.LogAspect : 87 ] - 库存管理-分页模糊查询库存列表
2022-06-17 11:01:57.200 [ SpringContextShutdownHook ] - [ INFO  ] [ o.s.scheduling.concurrent.ThreadPoolTaskExecutor : 208 ] - Shutting down ExecutorService 'applicationTaskExecutor'
2022-06-17 11:01:57.232 [ SpringContextShutdownHook ] - [ INFO  ] [ com.zaxxer.hikari.HikariDataSource : 350 ] - HikariPool-1 - Shutdown initiated...
2022-06-17 11:01:57.241 [ SpringContextShutdownHook ] - [ INFO  ] [ com.zaxxer.hikari.HikariDataSource : 352 ] - HikariPool-1 - Shutdown completed.
