2022-06-10 17:16:19.794 [ main ] - [ INFO  ] [ com.universe.MarketingMgtApplication : 55 ] - Starting MarketingMgtApplication on DESKTOP-KC9MMEO with PID 13716 (D:\spfcode\backend_client\backend\target\classes started by Thinkpad in D:\spfcode\backend_client\backend)
2022-06-10 17:16:19.797 [ main ] - [ INFO  ] [ com.universe.MarketingMgtApplication : 655 ] - The following profiles are active: dev
2022-06-10 17:16:21.165 [ main ] - [ INFO  ] [ o.s.c.s.PostProcessorRegistrationDelegate$BeanPostProcessorChecker : 330 ] - Bean 'org.springframework.transaction.annotation.ProxyTransactionManagementConfiguration' of type [org.springframework.transaction.annotation.ProxyTransactionManagementConfiguration] is not eligible for getting processed by all BeanPostProcessors (for example: not eligible for auto-proxying)
2022-06-10 17:16:21.602 [ main ] - [ INFO  ] [ o.s.boot.web.embedded.tomcat.TomcatWebServer : 92 ] - Tomcat initialized with port(s): 8080 (http)
2022-06-10 17:16:21.630 [ main ] - [ INFO  ] [ org.apache.coyote.http11.Http11NioProtocol : 173 ] - Initializing ProtocolHandler ["http-nio-8080"]
2022-06-10 17:16:21.631 [ main ] - [ INFO  ] [ org.apache.catalina.core.StandardService : 173 ] - Starting service [Tomcat]
2022-06-10 17:16:21.631 [ main ] - [ INFO  ] [ org.apache.catalina.core.StandardEngine : 173 ] - Starting Servlet engine: [Apache Tomcat/9.0.29]
2022-06-10 17:16:21.633 [ main ] - [ INFO  ] [ org.apache.catalina.core.AprLifecycleListener : 173 ] - Loaded APR based Apache Tomcat Native library [1.2.23] using APR version [1.7.0].
2022-06-10 17:16:21.633 [ main ] - [ INFO  ] [ org.apache.catalina.core.AprLifecycleListener : 173 ] - APR capabilities: IPv6 [true], sendfile [true], accept filters [false], random [true].
2022-06-10 17:16:21.633 [ main ] - [ INFO  ] [ org.apache.catalina.core.AprLifecycleListener : 173 ] - APR/OpenSSL configuration: useAprConnector [false], useOpenSSL [true]
2022-06-10 17:16:21.716 [ main ] - [ INFO  ] [ org.apache.catalina.core.AprLifecycleListener : 173 ] - OpenSSL successfully initialized [OpenSSL 1.1.1c  28 May 2019]
2022-06-10 17:16:21.857 [ main ] - [ INFO  ] [ o.a.c.core.ContainerBase.[Tomcat].[localhost].[/] : 173 ] - Initializing Spring embedded WebApplicationContext
2022-06-10 17:16:21.858 [ main ] - [ INFO  ] [ org.springframework.web.context.ContextLoader : 284 ] - Root WebApplicationContext: initialization completed in 2010 ms
2022-06-10 17:16:22.590 [ main ] - [ INFO  ] [ s.d.s.w.PropertySourcedRequestMappingHandlerMapping : 69 ] - Mapped URL path [/v2/api-docs] onto method [springfox.documentation.swagger2.web.Swagger2Controller#getDocumentation(String, HttpServletRequest)]
2022-06-10 17:16:22.695 [ main ] - [ INFO  ] [ o.s.scheduling.concurrent.ThreadPoolTaskExecutor : 171 ] - Initializing ExecutorService 'applicationTaskExecutor'
2022-06-10 17:16:22.828 [ main ] - [ INFO  ] [ t.mybatis.mapper.autoconfigure.MapperCacheDisabler : 60 ] - Clear tk.mybatis.mapper.util.MsUtil CLASS_CACHE cache.
2022-06-10 17:16:22.829 [ main ] - [ INFO  ] [ t.mybatis.mapper.autoconfigure.MapperCacheDisabler : 60 ] - Clear tk.mybatis.mapper.genid.GenIdUtil CACHE cache.
2022-06-10 17:16:22.830 [ main ] - [ INFO  ] [ t.mybatis.mapper.autoconfigure.MapperCacheDisabler : 60 ] - Clear tk.mybatis.mapper.version.VersionUtil CACHE cache.
2022-06-10 17:16:22.830 [ main ] - [ INFO  ] [ t.mybatis.mapper.autoconfigure.MapperCacheDisabler : 83 ] - Clear EntityHelper entityTableMap cache.
2022-06-10 17:16:22.914 [ main ] - [ INFO  ] [ o.s.scheduling.concurrent.ThreadPoolTaskScheduler : 171 ] - Initializing ExecutorService 'taskScheduler'
2022-06-10 17:16:22.950 [ main ] - [ INFO  ] [ s.d.s.web.plugins.DocumentationPluginsBootstrapper : 160 ] - Context refreshed
2022-06-10 17:16:22.965 [ main ] - [ INFO  ] [ s.d.s.web.plugins.DocumentationPluginsBootstrapper : 163 ] - Found 1 custom documentation plugin(s)
2022-06-10 17:16:22.989 [ main ] - [ INFO  ] [ s.d.spring.web.scanners.ApiListingReferenceScanner : 41 ] - Scanning for api listing references
2022-06-10 17:16:23.158 [ main ] - [ INFO  ] [ s.d.s.w.r.operation.CachingOperationNameGenerator : 40 ] - Generating unique operation named: deleteUsingDELETE_1
2022-06-10 17:16:23.175 [ main ] - [ INFO  ] [ s.d.s.w.r.operation.CachingOperationNameGenerator : 40 ] - Generating unique operation named: queryUsingGET_1
2022-06-10 17:16:23.189 [ main ] - [ INFO  ] [ s.d.s.w.r.operation.CachingOperationNameGenerator : 40 ] - Generating unique operation named: saveUsingPOST_1
2022-06-10 17:16:23.214 [ main ] - [ INFO  ] [ org.apache.coyote.http11.Http11NioProtocol : 173 ] - Starting ProtocolHandler ["http-nio-8080"]
2022-06-10 17:16:23.244 [ main ] - [ INFO  ] [ o.s.boot.web.embedded.tomcat.TomcatWebServer : 204 ] - Tomcat started on port(s): 8080 (http) with context path ''
2022-06-10 17:16:23.247 [ main ] - [ INFO  ] [ com.universe.MarketingMgtApplication : 61 ] - Started MarketingMgtApplication in 4.136 seconds (JVM running for 7.993)
2022-06-10 17:17:28.023 [ http-nio-8080-exec-2 ] - [ INFO  ] [ o.a.c.core.ContainerBase.[Tomcat].[localhost].[/] : 173 ] - Initializing Spring DispatcherServlet 'dispatcherServlet'
2022-06-10 17:17:28.024 [ http-nio-8080-exec-2 ] - [ INFO  ] [ org.springframework.web.servlet.DispatcherServlet : 525 ] - Initializing Servlet 'dispatcherServlet'
2022-06-10 17:17:28.034 [ http-nio-8080-exec-2 ] - [ INFO  ] [ org.springframework.web.servlet.DispatcherServlet : 547 ] - Completed initialization in 10 ms
