2022-06-21 10:05:15.764 [ main ] - [ WARN  ] [ org.mybatis.spring.mapper.ClassPathMapperScanner : 44 ] - No MyBatis mapper was found in '[com.mapper]' package. Please check your configuration.
2022-06-21 10:05:15.764 [ main ] - [ WARN  ] [ org.mybatis.spring.mapper.ClassPathMapperScanner : 44 ] - Skipping MapperFactoryBean with name 'userMapper' and 'com.universe.marketing.login.mapper.UserMapper' mapperInterface. Bean already defined with the same name!
2022-06-21 10:05:15.764 [ main ] - [ WARN  ] [ org.mybatis.spring.mapper.ClassPathMapperScanner : 44 ] - Skipping MapperFactoryBean with name 'productMapper' and 'com.universe.marketing.product.mapper.ProductMapper' mapperInterface. Bean already defined with the same name!
2022-06-21 10:05:15.764 [ main ] - [ WARN  ] [ org.mybatis.spring.mapper.ClassPathMapperScanner : 44 ] - Skipping MapperFactoryBean with name 'sortMapper' and 'com.universe.marketing.product.mapper.SortMapper' mapperInterface. Bean already defined with the same name!
2022-06-21 10:05:15.764 [ main ] - [ WARN  ] [ org.mybatis.spring.mapper.ClassPathMapperScanner : 44 ] - Skipping MapperFactoryBean with name 'purchaseMapper' and 'com.universe.marketing.purchase.mapper.PurchaseMapper' mapperInterface. Bean already defined with the same name!
2022-06-21 10:05:15.764 [ main ] - [ WARN  ] [ org.mybatis.spring.mapper.ClassPathMapperScanner : 44 ] - Skipping MapperFactoryBean with name 'purchaseSonMapper' and 'com.universe.marketing.purchase.mapper.PurchaseSonMapper' mapperInterface. Bean already defined with the same name!
2022-06-21 10:05:15.764 [ main ] - [ WARN  ] [ org.mybatis.spring.mapper.ClassPathMapperScanner : 44 ] - Skipping MapperFactoryBean with name 'purchaseSwapMapper' and 'com.universe.marketing.purchase.mapper.PurchaseSwapMapper' mapperInterface. Bean already defined with the same name!
2022-06-21 10:05:15.774 [ main ] - [ WARN  ] [ org.mybatis.spring.mapper.ClassPathMapperScanner : 44 ] - Skipping MapperFactoryBean with name 'productStoreMapper' and 'com.universe.marketing.store.mapper.ProductStoreMapper' mapperInterface. Bean already defined with the same name!
2022-06-21 10:05:15.774 [ main ] - [ WARN  ] [ org.mybatis.spring.mapper.ClassPathMapperScanner : 44 ] - No MyBatis mapper was found in '[com.universe.marketing.*.mapper]' package. Please check your configuration.
2022-06-21 10:06:28.298 [ main ] - [ WARN  ] [ org.mybatis.spring.mapper.ClassPathMapperScanner : 44 ] - No MyBatis mapper was found in '[com.mapper]' package. Please check your configuration.
2022-06-21 10:06:28.301 [ main ] - [ WARN  ] [ org.mybatis.spring.mapper.ClassPathMapperScanner : 44 ] - Skipping MapperFactoryBean with name 'userMapper' and 'com.universe.marketing.login.mapper.UserMapper' mapperInterface. Bean already defined with the same name!
2022-06-21 10:06:28.301 [ main ] - [ WARN  ] [ org.mybatis.spring.mapper.ClassPathMapperScanner : 44 ] - Skipping MapperFactoryBean with name 'productMapper' and 'com.universe.marketing.product.mapper.ProductMapper' mapperInterface. Bean already defined with the same name!
2022-06-21 10:06:28.301 [ main ] - [ WARN  ] [ org.mybatis.spring.mapper.ClassPathMapperScanner : 44 ] - Skipping MapperFactoryBean with name 'sortMapper' and 'com.universe.marketing.product.mapper.SortMapper' mapperInterface. Bean already defined with the same name!
2022-06-21 10:06:28.301 [ main ] - [ WARN  ] [ org.mybatis.spring.mapper.ClassPathMapperScanner : 44 ] - Skipping MapperFactoryBean with name 'purchaseMapper' and 'com.universe.marketing.purchase.mapper.PurchaseMapper' mapperInterface. Bean already defined with the same name!
2022-06-21 10:06:28.301 [ main ] - [ WARN  ] [ org.mybatis.spring.mapper.ClassPathMapperScanner : 44 ] - Skipping MapperFactoryBean with name 'purchaseSonMapper' and 'com.universe.marketing.purchase.mapper.PurchaseSonMapper' mapperInterface. Bean already defined with the same name!
2022-06-21 10:06:28.301 [ main ] - [ WARN  ] [ org.mybatis.spring.mapper.ClassPathMapperScanner : 44 ] - Skipping MapperFactoryBean with name 'purchaseSwapMapper' and 'com.universe.marketing.purchase.mapper.PurchaseSwapMapper' mapperInterface. Bean already defined with the same name!
2022-06-21 10:06:28.301 [ main ] - [ WARN  ] [ org.mybatis.spring.mapper.ClassPathMapperScanner : 44 ] - Skipping MapperFactoryBean with name 'productStoreMapper' and 'com.universe.marketing.store.mapper.ProductStoreMapper' mapperInterface. Bean already defined with the same name!
2022-06-21 10:06:28.302 [ main ] - [ WARN  ] [ org.mybatis.spring.mapper.ClassPathMapperScanner : 44 ] - No MyBatis mapper was found in '[com.universe.marketing.*.mapper]' package. Please check your configuration.
2022-06-21 10:07:04.352 [ main ] - [ WARN  ] [ org.mybatis.spring.mapper.ClassPathMapperScanner : 44 ] - No MyBatis mapper was found in '[com.mapper]' package. Please check your configuration.
2022-06-21 10:07:04.354 [ main ] - [ WARN  ] [ org.mybatis.spring.mapper.ClassPathMapperScanner : 44 ] - Skipping MapperFactoryBean with name 'userMapper' and 'com.universe.marketing.login.mapper.UserMapper' mapperInterface. Bean already defined with the same name!
2022-06-21 10:07:04.355 [ main ] - [ WARN  ] [ org.mybatis.spring.mapper.ClassPathMapperScanner : 44 ] - Skipping MapperFactoryBean with name 'productMapper' and 'com.universe.marketing.product.mapper.ProductMapper' mapperInterface. Bean already defined with the same name!
2022-06-21 10:07:04.355 [ main ] - [ WARN  ] [ org.mybatis.spring.mapper.ClassPathMapperScanner : 44 ] - Skipping MapperFactoryBean with name 'sortMapper' and 'com.universe.marketing.product.mapper.SortMapper' mapperInterface. Bean already defined with the same name!
2022-06-21 10:07:04.355 [ main ] - [ WARN  ] [ org.mybatis.spring.mapper.ClassPathMapperScanner : 44 ] - Skipping MapperFactoryBean with name 'purchaseMapper' and 'com.universe.marketing.purchase.mapper.PurchaseMapper' mapperInterface. Bean already defined with the same name!
2022-06-21 10:07:04.355 [ main ] - [ WARN  ] [ org.mybatis.spring.mapper.ClassPathMapperScanner : 44 ] - Skipping MapperFactoryBean with name 'purchaseSonMapper' and 'com.universe.marketing.purchase.mapper.PurchaseSonMapper' mapperInterface. Bean already defined with the same name!
2022-06-21 10:07:04.355 [ main ] - [ WARN  ] [ org.mybatis.spring.mapper.ClassPathMapperScanner : 44 ] - Skipping MapperFactoryBean with name 'purchaseSwapMapper' and 'com.universe.marketing.purchase.mapper.PurchaseSwapMapper' mapperInterface. Bean already defined with the same name!
2022-06-21 10:07:04.355 [ main ] - [ WARN  ] [ org.mybatis.spring.mapper.ClassPathMapperScanner : 44 ] - Skipping MapperFactoryBean with name 'productStoreMapper' and 'com.universe.marketing.store.mapper.ProductStoreMapper' mapperInterface. Bean already defined with the same name!
2022-06-21 10:07:04.355 [ main ] - [ WARN  ] [ org.mybatis.spring.mapper.ClassPathMapperScanner : 44 ] - No MyBatis mapper was found in '[com.universe.marketing.*.mapper]' package. Please check your configuration.
2022-06-21 11:40:01.965 [ http-nio-8080-exec-7 ] - [ WARN  ] [ com.zaxxer.hikari.pool.PoolBase : 179 ] - HikariPool-1 - Failed to validate connection org.postgresql.jdbc.PgConnection@52040d9d (This connection has been closed.). Possibly consider using a shorter maxLifetime value.
2022-06-21 11:40:08.053 [ http-nio-8080-exec-7 ] - [ WARN  ] [ com.zaxxer.hikari.pool.PoolBase : 179 ] - HikariPool-1 - Failed to validate connection org.postgresql.jdbc.PgConnection@450930d9 (This connection has been closed.). Possibly consider using a shorter maxLifetime value.
2022-06-21 11:40:13.182 [ http-nio-8080-exec-7 ] - [ WARN  ] [ com.zaxxer.hikari.pool.PoolBase : 179 ] - HikariPool-1 - Failed to validate connection org.postgresql.jdbc.PgConnection@4424f594 (This connection has been closed.). Possibly consider using a shorter maxLifetime value.
2022-06-21 11:40:18.279 [ http-nio-8080-exec-7 ] - [ WARN  ] [ com.zaxxer.hikari.pool.PoolBase : 179 ] - HikariPool-1 - Failed to validate connection org.postgresql.jdbc.PgConnection@2f9406cf (This connection has been closed.). Possibly consider using a shorter maxLifetime value.
2022-06-21 11:40:24.378 [ http-nio-8080-exec-7 ] - [ WARN  ] [ com.zaxxer.hikari.pool.PoolBase : 179 ] - HikariPool-1 - Failed to validate connection org.postgresql.jdbc.PgConnection@9752aa2 (This connection has been closed.). Possibly consider using a shorter maxLifetime value.
2022-06-21 11:40:29.490 [ http-nio-8080-exec-7 ] - [ WARN  ] [ com.zaxxer.hikari.pool.PoolBase : 179 ] - HikariPool-1 - Failed to validate connection org.postgresql.jdbc.PgConnection@1e7b4b8e (This connection has been closed.). Possibly consider using a shorter maxLifetime value.
2022-06-21 11:40:35.506 [ http-nio-8080-exec-9 ] - [ WARN  ] [ com.zaxxer.hikari.pool.PoolBase : 179 ] - HikariPool-1 - Failed to validate connection org.postgresql.jdbc.PgConnection@72687230 (This connection has been closed.). Possibly consider using a shorter maxLifetime value.
2022-06-21 11:40:40.614 [ http-nio-8080-exec-9 ] - [ WARN  ] [ com.zaxxer.hikari.pool.PoolBase : 179 ] - HikariPool-1 - Failed to validate connection org.postgresql.jdbc.PgConnection@3355780b (This connection has been closed.). Possibly consider using a shorter maxLifetime value.
2022-06-21 11:40:46.720 [ http-nio-8080-exec-9 ] - [ WARN  ] [ com.zaxxer.hikari.pool.PoolBase : 179 ] - HikariPool-1 - Failed to validate connection org.postgresql.jdbc.PgConnection@2ace921 (This connection has been closed.). Possibly consider using a shorter maxLifetime value.
2022-06-21 11:40:51.798 [ http-nio-8080-exec-9 ] - [ WARN  ] [ com.zaxxer.hikari.pool.PoolBase : 179 ] - HikariPool-1 - Failed to validate connection org.postgresql.jdbc.PgConnection@537a8744 (This connection has been closed.). Possibly consider using a shorter maxLifetime value.
2022-06-21 19:56:08.370 [ main ] - [ WARN  ] [ org.mybatis.spring.mapper.ClassPathMapperScanner : 44 ] - No MyBatis mapper was found in '[com.mapper]' package. Please check your configuration.
2022-06-21 19:56:08.373 [ main ] - [ WARN  ] [ org.mybatis.spring.mapper.ClassPathMapperScanner : 44 ] - Skipping MapperFactoryBean with name 'userMapper' and 'com.universe.marketing.login.mapper.UserMapper' mapperInterface. Bean already defined with the same name!
2022-06-21 19:56:08.373 [ main ] - [ WARN  ] [ org.mybatis.spring.mapper.ClassPathMapperScanner : 44 ] - Skipping MapperFactoryBean with name 'productMapper' and 'com.universe.marketing.product.mapper.ProductMapper' mapperInterface. Bean already defined with the same name!
2022-06-21 19:56:08.373 [ main ] - [ WARN  ] [ org.mybatis.spring.mapper.ClassPathMapperScanner : 44 ] - Skipping MapperFactoryBean with name 'sortMapper' and 'com.universe.marketing.product.mapper.SortMapper' mapperInterface. Bean already defined with the same name!
2022-06-21 19:56:08.373 [ main ] - [ WARN  ] [ org.mybatis.spring.mapper.ClassPathMapperScanner : 44 ] - Skipping MapperFactoryBean with name 'purchaseMapper' and 'com.universe.marketing.purchase.mapper.PurchaseMapper' mapperInterface. Bean already defined with the same name!
2022-06-21 19:56:08.374 [ main ] - [ WARN  ] [ org.mybatis.spring.mapper.ClassPathMapperScanner : 44 ] - Skipping MapperFactoryBean with name 'purchaseSonMapper' and 'com.universe.marketing.purchase.mapper.PurchaseSonMapper' mapperInterface. Bean already defined with the same name!
2022-06-21 19:56:08.374 [ main ] - [ WARN  ] [ org.mybatis.spring.mapper.ClassPathMapperScanner : 44 ] - Skipping MapperFactoryBean with name 'purchaseSwapMapper' and 'com.universe.marketing.purchase.mapper.PurchaseSwapMapper' mapperInterface. Bean already defined with the same name!
2022-06-21 19:56:08.374 [ main ] - [ WARN  ] [ org.mybatis.spring.mapper.ClassPathMapperScanner : 44 ] - Skipping MapperFactoryBean with name 'productStoreMapper' and 'com.universe.marketing.store.mapper.ProductStoreMapper' mapperInterface. Bean already defined with the same name!
2022-06-21 19:56:08.374 [ main ] - [ WARN  ] [ org.mybatis.spring.mapper.ClassPathMapperScanner : 44 ] - No MyBatis mapper was found in '[com.universe.marketing.*.mapper]' package. Please check your configuration.
2022-06-21 20:05:03.781 [ main ] - [ WARN  ] [ org.mybatis.spring.mapper.ClassPathMapperScanner : 44 ] - No MyBatis mapper was found in '[com.mapper]' package. Please check your configuration.
2022-06-21 20:05:03.784 [ main ] - [ WARN  ] [ org.mybatis.spring.mapper.ClassPathMapperScanner : 44 ] - Skipping MapperFactoryBean with name 'userMapper' and 'com.universe.marketing.login.mapper.UserMapper' mapperInterface. Bean already defined with the same name!
2022-06-21 20:05:03.784 [ main ] - [ WARN  ] [ org.mybatis.spring.mapper.ClassPathMapperScanner : 44 ] - Skipping MapperFactoryBean with name 'productMapper' and 'com.universe.marketing.product.mapper.ProductMapper' mapperInterface. Bean already defined with the same name!
2022-06-21 20:05:03.784 [ main ] - [ WARN  ] [ org.mybatis.spring.mapper.ClassPathMapperScanner : 44 ] - Skipping MapperFactoryBean with name 'sortMapper' and 'com.universe.marketing.product.mapper.SortMapper' mapperInterface. Bean already defined with the same name!
2022-06-21 20:05:03.784 [ main ] - [ WARN  ] [ org.mybatis.spring.mapper.ClassPathMapperScanner : 44 ] - Skipping MapperFactoryBean with name 'purchaseMapper' and 'com.universe.marketing.purchase.mapper.PurchaseMapper' mapperInterface. Bean already defined with the same name!
2022-06-21 20:05:03.784 [ main ] - [ WARN  ] [ org.mybatis.spring.mapper.ClassPathMapperScanner : 44 ] - Skipping MapperFactoryBean with name 'purchaseSonMapper' and 'com.universe.marketing.purchase.mapper.PurchaseSonMapper' mapperInterface. Bean already defined with the same name!
2022-06-21 20:05:03.785 [ main ] - [ WARN  ] [ org.mybatis.spring.mapper.ClassPathMapperScanner : 44 ] - Skipping MapperFactoryBean with name 'purchaseSwapMapper' and 'com.universe.marketing.purchase.mapper.PurchaseSwapMapper' mapperInterface. Bean already defined with the same name!
2022-06-21 20:05:03.785 [ main ] - [ WARN  ] [ org.mybatis.spring.mapper.ClassPathMapperScanner : 44 ] - Skipping MapperFactoryBean with name 'productStoreMapper' and 'com.universe.marketing.store.mapper.ProductStoreMapper' mapperInterface. Bean already defined with the same name!
2022-06-21 20:05:03.785 [ main ] - [ WARN  ] [ org.mybatis.spring.mapper.ClassPathMapperScanner : 44 ] - No MyBatis mapper was found in '[com.universe.marketing.*.mapper]' package. Please check your configuration.
2022-06-21 20:06:42.769 [ main ] - [ WARN  ] [ org.mybatis.spring.mapper.ClassPathMapperScanner : 44 ] - No MyBatis mapper was found in '[com.mapper]' package. Please check your configuration.
2022-06-21 20:06:42.772 [ main ] - [ WARN  ] [ org.mybatis.spring.mapper.ClassPathMapperScanner : 44 ] - Skipping MapperFactoryBean with name 'userMapper' and 'com.universe.marketing.login.mapper.UserMapper' mapperInterface. Bean already defined with the same name!
2022-06-21 20:06:42.772 [ main ] - [ WARN  ] [ org.mybatis.spring.mapper.ClassPathMapperScanner : 44 ] - Skipping MapperFactoryBean with name 'productMapper' and 'com.universe.marketing.product.mapper.ProductMapper' mapperInterface. Bean already defined with the same name!
2022-06-21 20:06:42.772 [ main ] - [ WARN  ] [ org.mybatis.spring.mapper.ClassPathMapperScanner : 44 ] - Skipping MapperFactoryBean with name 'sortMapper' and 'com.universe.marketing.product.mapper.SortMapper' mapperInterface. Bean already defined with the same name!
2022-06-21 20:06:42.772 [ main ] - [ WARN  ] [ org.mybatis.spring.mapper.ClassPathMapperScanner : 44 ] - Skipping MapperFactoryBean with name 'purchaseMapper' and 'com.universe.marketing.purchase.mapper.PurchaseMapper' mapperInterface. Bean already defined with the same name!
2022-06-21 20:06:42.772 [ main ] - [ WARN  ] [ org.mybatis.spring.mapper.ClassPathMapperScanner : 44 ] - Skipping MapperFactoryBean with name 'purchaseSonMapper' and 'com.universe.marketing.purchase.mapper.PurchaseSonMapper' mapperInterface. Bean already defined with the same name!
2022-06-21 20:06:42.772 [ main ] - [ WARN  ] [ org.mybatis.spring.mapper.ClassPathMapperScanner : 44 ] - Skipping MapperFactoryBean with name 'purchaseSwapMapper' and 'com.universe.marketing.purchase.mapper.PurchaseSwapMapper' mapperInterface. Bean already defined with the same name!
2022-06-21 20:06:42.772 [ main ] - [ WARN  ] [ org.mybatis.spring.mapper.ClassPathMapperScanner : 44 ] - Skipping MapperFactoryBean with name 'productStoreMapper' and 'com.universe.marketing.store.mapper.ProductStoreMapper' mapperInterface. Bean already defined with the same name!
2022-06-21 20:06:42.772 [ main ] - [ WARN  ] [ org.mybatis.spring.mapper.ClassPathMapperScanner : 44 ] - No MyBatis mapper was found in '[com.universe.marketing.*.mapper]' package. Please check your configuration.
2022-06-21 20:09:04.820 [ main ] - [ WARN  ] [ org.mybatis.spring.mapper.ClassPathMapperScanner : 44 ] - No MyBatis mapper was found in '[com.mapper]' package. Please check your configuration.
2022-06-21 20:09:04.823 [ main ] - [ WARN  ] [ org.mybatis.spring.mapper.ClassPathMapperScanner : 44 ] - Skipping MapperFactoryBean with name 'userMapper' and 'com.universe.marketing.login.mapper.UserMapper' mapperInterface. Bean already defined with the same name!
2022-06-21 20:09:04.823 [ main ] - [ WARN  ] [ org.mybatis.spring.mapper.ClassPathMapperScanner : 44 ] - Skipping MapperFactoryBean with name 'productMapper' and 'com.universe.marketing.product.mapper.ProductMapper' mapperInterface. Bean already defined with the same name!
2022-06-21 20:09:04.823 [ main ] - [ WARN  ] [ org.mybatis.spring.mapper.ClassPathMapperScanner : 44 ] - Skipping MapperFactoryBean with name 'sortMapper' and 'com.universe.marketing.product.mapper.SortMapper' mapperInterface. Bean already defined with the same name!
2022-06-21 20:09:04.823 [ main ] - [ WARN  ] [ org.mybatis.spring.mapper.ClassPathMapperScanner : 44 ] - Skipping MapperFactoryBean with name 'purchaseMapper' and 'com.universe.marketing.purchase.mapper.PurchaseMapper' mapperInterface. Bean already defined with the same name!
2022-06-21 20:09:04.823 [ main ] - [ WARN  ] [ org.mybatis.spring.mapper.ClassPathMapperScanner : 44 ] - Skipping MapperFactoryBean with name 'purchaseSonMapper' and 'com.universe.marketing.purchase.mapper.PurchaseSonMapper' mapperInterface. Bean already defined with the same name!
2022-06-21 20:09:04.823 [ main ] - [ WARN  ] [ org.mybatis.spring.mapper.ClassPathMapperScanner : 44 ] - Skipping MapperFactoryBean with name 'purchaseSwapMapper' and 'com.universe.marketing.purchase.mapper.PurchaseSwapMapper' mapperInterface. Bean already defined with the same name!
2022-06-21 20:09:04.823 [ main ] - [ WARN  ] [ org.mybatis.spring.mapper.ClassPathMapperScanner : 44 ] - Skipping MapperFactoryBean with name 'productStoreMapper' and 'com.universe.marketing.store.mapper.ProductStoreMapper' mapperInterface. Bean already defined with the same name!
2022-06-21 20:09:04.823 [ main ] - [ WARN  ] [ org.mybatis.spring.mapper.ClassPathMapperScanner : 44 ] - No MyBatis mapper was found in '[com.universe.marketing.*.mapper]' package. Please check your configuration.
2022-06-21 20:09:51.216 [ main ] - [ WARN  ] [ org.mybatis.spring.mapper.ClassPathMapperScanner : 44 ] - No MyBatis mapper was found in '[com.mapper]' package. Please check your configuration.
2022-06-21 20:09:51.218 [ main ] - [ WARN  ] [ org.mybatis.spring.mapper.ClassPathMapperScanner : 44 ] - Skipping MapperFactoryBean with name 'userMapper' and 'com.universe.marketing.login.mapper.UserMapper' mapperInterface. Bean already defined with the same name!
2022-06-21 20:09:51.219 [ main ] - [ WARN  ] [ org.mybatis.spring.mapper.ClassPathMapperScanner : 44 ] - Skipping MapperFactoryBean with name 'productMapper' and 'com.universe.marketing.product.mapper.ProductMapper' mapperInterface. Bean already defined with the same name!
2022-06-21 20:09:51.219 [ main ] - [ WARN  ] [ org.mybatis.spring.mapper.ClassPathMapperScanner : 44 ] - Skipping MapperFactoryBean with name 'sortMapper' and 'com.universe.marketing.product.mapper.SortMapper' mapperInterface. Bean already defined with the same name!
2022-06-21 20:09:51.219 [ main ] - [ WARN  ] [ org.mybatis.spring.mapper.ClassPathMapperScanner : 44 ] - Skipping MapperFactoryBean with name 'purchaseMapper' and 'com.universe.marketing.purchase.mapper.PurchaseMapper' mapperInterface. Bean already defined with the same name!
2022-06-21 20:09:51.219 [ main ] - [ WARN  ] [ org.mybatis.spring.mapper.ClassPathMapperScanner : 44 ] - Skipping MapperFactoryBean with name 'purchaseSonMapper' and 'com.universe.marketing.purchase.mapper.PurchaseSonMapper' mapperInterface. Bean already defined with the same name!
2022-06-21 20:09:51.219 [ main ] - [ WARN  ] [ org.mybatis.spring.mapper.ClassPathMapperScanner : 44 ] - Skipping MapperFactoryBean with name 'purchaseSwapMapper' and 'com.universe.marketing.purchase.mapper.PurchaseSwapMapper' mapperInterface. Bean already defined with the same name!
2022-06-21 20:09:51.220 [ main ] - [ WARN  ] [ org.mybatis.spring.mapper.ClassPathMapperScanner : 44 ] - Skipping MapperFactoryBean with name 'productStoreMapper' and 'com.universe.marketing.store.mapper.ProductStoreMapper' mapperInterface. Bean already defined with the same name!
2022-06-21 20:09:51.220 [ main ] - [ WARN  ] [ org.mybatis.spring.mapper.ClassPathMapperScanner : 44 ] - No MyBatis mapper was found in '[com.universe.marketing.*.mapper]' package. Please check your configuration.
2022-06-21 20:11:17.539 [ main ] - [ WARN  ] [ org.mybatis.spring.mapper.ClassPathMapperScanner : 44 ] - No MyBatis mapper was found in '[com.mapper]' package. Please check your configuration.
2022-06-21 20:11:17.541 [ main ] - [ WARN  ] [ org.mybatis.spring.mapper.ClassPathMapperScanner : 44 ] - Skipping MapperFactoryBean with name 'userMapper' and 'com.universe.marketing.login.mapper.UserMapper' mapperInterface. Bean already defined with the same name!
2022-06-21 20:11:17.541 [ main ] - [ WARN  ] [ org.mybatis.spring.mapper.ClassPathMapperScanner : 44 ] - Skipping MapperFactoryBean with name 'productMapper' and 'com.universe.marketing.product.mapper.ProductMapper' mapperInterface. Bean already defined with the same name!
2022-06-21 20:11:17.541 [ main ] - [ WARN  ] [ org.mybatis.spring.mapper.ClassPathMapperScanner : 44 ] - Skipping MapperFactoryBean with name 'sortMapper' and 'com.universe.marketing.product.mapper.SortMapper' mapperInterface. Bean already defined with the same name!
2022-06-21 20:11:17.541 [ main ] - [ WARN  ] [ org.mybatis.spring.mapper.ClassPathMapperScanner : 44 ] - Skipping MapperFactoryBean with name 'purchaseMapper' and 'com.universe.marketing.purchase.mapper.PurchaseMapper' mapperInterface. Bean already defined with the same name!
2022-06-21 20:11:17.542 [ main ] - [ WARN  ] [ org.mybatis.spring.mapper.ClassPathMapperScanner : 44 ] - Skipping MapperFactoryBean with name 'purchaseSonMapper' and 'com.universe.marketing.purchase.mapper.PurchaseSonMapper' mapperInterface. Bean already defined with the same name!
2022-06-21 20:11:17.542 [ main ] - [ WARN  ] [ org.mybatis.spring.mapper.ClassPathMapperScanner : 44 ] - Skipping MapperFactoryBean with name 'purchaseSwapMapper' and 'com.universe.marketing.purchase.mapper.PurchaseSwapMapper' mapperInterface. Bean already defined with the same name!
2022-06-21 20:11:17.542 [ main ] - [ WARN  ] [ org.mybatis.spring.mapper.ClassPathMapperScanner : 44 ] - Skipping MapperFactoryBean with name 'productStoreMapper' and 'com.universe.marketing.store.mapper.ProductStoreMapper' mapperInterface. Bean already defined with the same name!
2022-06-21 20:11:17.542 [ main ] - [ WARN  ] [ org.mybatis.spring.mapper.ClassPathMapperScanner : 44 ] - No MyBatis mapper was found in '[com.universe.marketing.*.mapper]' package. Please check your configuration.
2022-06-21 20:11:50.743 [ main ] - [ WARN  ] [ org.mybatis.spring.mapper.ClassPathMapperScanner : 44 ] - No MyBatis mapper was found in '[com.mapper]' package. Please check your configuration.
2022-06-21 20:11:50.745 [ main ] - [ WARN  ] [ org.mybatis.spring.mapper.ClassPathMapperScanner : 44 ] - Skipping MapperFactoryBean with name 'userMapper' and 'com.universe.marketing.login.mapper.UserMapper' mapperInterface. Bean already defined with the same name!
2022-06-21 20:11:50.745 [ main ] - [ WARN  ] [ org.mybatis.spring.mapper.ClassPathMapperScanner : 44 ] - Skipping MapperFactoryBean with name 'productMapper' and 'com.universe.marketing.product.mapper.ProductMapper' mapperInterface. Bean already defined with the same name!
2022-06-21 20:11:50.745 [ main ] - [ WARN  ] [ org.mybatis.spring.mapper.ClassPathMapperScanner : 44 ] - Skipping MapperFactoryBean with name 'sortMapper' and 'com.universe.marketing.product.mapper.SortMapper' mapperInterface. Bean already defined with the same name!
2022-06-21 20:11:50.745 [ main ] - [ WARN  ] [ org.mybatis.spring.mapper.ClassPathMapperScanner : 44 ] - Skipping MapperFactoryBean with name 'purchaseMapper' and 'com.universe.marketing.purchase.mapper.PurchaseMapper' mapperInterface. Bean already defined with the same name!
2022-06-21 20:11:50.745 [ main ] - [ WARN  ] [ org.mybatis.spring.mapper.ClassPathMapperScanner : 44 ] - Skipping MapperFactoryBean with name 'purchaseSonMapper' and 'com.universe.marketing.purchase.mapper.PurchaseSonMapper' mapperInterface. Bean already defined with the same name!
2022-06-21 20:11:50.746 [ main ] - [ WARN  ] [ org.mybatis.spring.mapper.ClassPathMapperScanner : 44 ] - Skipping MapperFactoryBean with name 'purchaseSwapMapper' and 'com.universe.marketing.purchase.mapper.PurchaseSwapMapper' mapperInterface. Bean already defined with the same name!
2022-06-21 20:11:50.746 [ main ] - [ WARN  ] [ org.mybatis.spring.mapper.ClassPathMapperScanner : 44 ] - Skipping MapperFactoryBean with name 'productStoreMapper' and 'com.universe.marketing.store.mapper.ProductStoreMapper' mapperInterface. Bean already defined with the same name!
2022-06-21 20:11:50.746 [ main ] - [ WARN  ] [ org.mybatis.spring.mapper.ClassPathMapperScanner : 44 ] - No MyBatis mapper was found in '[com.universe.marketing.*.mapper]' package. Please check your configuration.
2022-06-21 20:12:16.170 [ main ] - [ WARN  ] [ org.mybatis.spring.mapper.ClassPathMapperScanner : 44 ] - No MyBatis mapper was found in '[com.mapper]' package. Please check your configuration.
2022-06-21 20:12:16.173 [ main ] - [ WARN  ] [ org.mybatis.spring.mapper.ClassPathMapperScanner : 44 ] - Skipping MapperFactoryBean with name 'userMapper' and 'com.universe.marketing.login.mapper.UserMapper' mapperInterface. Bean already defined with the same name!
2022-06-21 20:12:16.174 [ main ] - [ WARN  ] [ org.mybatis.spring.mapper.ClassPathMapperScanner : 44 ] - Skipping MapperFactoryBean with name 'productMapper' and 'com.universe.marketing.product.mapper.ProductMapper' mapperInterface. Bean already defined with the same name!
2022-06-21 20:12:16.174 [ main ] - [ WARN  ] [ org.mybatis.spring.mapper.ClassPathMapperScanner : 44 ] - Skipping MapperFactoryBean with name 'sortMapper' and 'com.universe.marketing.product.mapper.SortMapper' mapperInterface. Bean already defined with the same name!
2022-06-21 20:12:16.174 [ main ] - [ WARN  ] [ org.mybatis.spring.mapper.ClassPathMapperScanner : 44 ] - Skipping MapperFactoryBean with name 'purchaseMapper' and 'com.universe.marketing.purchase.mapper.PurchaseMapper' mapperInterface. Bean already defined with the same name!
2022-06-21 20:12:16.174 [ main ] - [ WARN  ] [ org.mybatis.spring.mapper.ClassPathMapperScanner : 44 ] - Skipping MapperFactoryBean with name 'purchaseSonMapper' and 'com.universe.marketing.purchase.mapper.PurchaseSonMapper' mapperInterface. Bean already defined with the same name!
2022-06-21 20:12:16.174 [ main ] - [ WARN  ] [ org.mybatis.spring.mapper.ClassPathMapperScanner : 44 ] - Skipping MapperFactoryBean with name 'purchaseSwapMapper' and 'com.universe.marketing.purchase.mapper.PurchaseSwapMapper' mapperInterface. Bean already defined with the same name!
2022-06-21 20:12:16.174 [ main ] - [ WARN  ] [ org.mybatis.spring.mapper.ClassPathMapperScanner : 44 ] - Skipping MapperFactoryBean with name 'productStoreMapper' and 'com.universe.marketing.store.mapper.ProductStoreMapper' mapperInterface. Bean already defined with the same name!
2022-06-21 20:12:16.174 [ main ] - [ WARN  ] [ org.mybatis.spring.mapper.ClassPathMapperScanner : 44 ] - No MyBatis mapper was found in '[com.universe.marketing.*.mapper]' package. Please check your configuration.
2022-06-21 20:16:39.893 [ main ] - [ WARN  ] [ org.mybatis.spring.mapper.ClassPathMapperScanner : 44 ] - No MyBatis mapper was found in '[com.mapper]' package. Please check your configuration.
2022-06-21 20:16:39.896 [ main ] - [ WARN  ] [ org.mybatis.spring.mapper.ClassPathMapperScanner : 44 ] - Skipping MapperFactoryBean with name 'userMapper' and 'com.universe.marketing.login.mapper.UserMapper' mapperInterface. Bean already defined with the same name!
2022-06-21 20:16:39.896 [ main ] - [ WARN  ] [ org.mybatis.spring.mapper.ClassPathMapperScanner : 44 ] - Skipping MapperFactoryBean with name 'productMapper' and 'com.universe.marketing.product.mapper.ProductMapper' mapperInterface. Bean already defined with the same name!
2022-06-21 20:16:39.896 [ main ] - [ WARN  ] [ org.mybatis.spring.mapper.ClassPathMapperScanner : 44 ] - Skipping MapperFactoryBean with name 'sortMapper' and 'com.universe.marketing.product.mapper.SortMapper' mapperInterface. Bean already defined with the same name!
2022-06-21 20:16:39.896 [ main ] - [ WARN  ] [ org.mybatis.spring.mapper.ClassPathMapperScanner : 44 ] - Skipping MapperFactoryBean with name 'purchaseMapper' and 'com.universe.marketing.purchase.mapper.PurchaseMapper' mapperInterface. Bean already defined with the same name!
2022-06-21 20:16:39.896 [ main ] - [ WARN  ] [ org.mybatis.spring.mapper.ClassPathMapperScanner : 44 ] - Skipping MapperFactoryBean with name 'purchaseSonMapper' and 'com.universe.marketing.purchase.mapper.PurchaseSonMapper' mapperInterface. Bean already defined with the same name!
2022-06-21 20:16:39.896 [ main ] - [ WARN  ] [ org.mybatis.spring.mapper.ClassPathMapperScanner : 44 ] - Skipping MapperFactoryBean with name 'purchaseSwapMapper' and 'com.universe.marketing.purchase.mapper.PurchaseSwapMapper' mapperInterface. Bean already defined with the same name!
2022-06-21 20:16:39.896 [ main ] - [ WARN  ] [ org.mybatis.spring.mapper.ClassPathMapperScanner : 44 ] - Skipping MapperFactoryBean with name 'productStoreMapper' and 'com.universe.marketing.store.mapper.ProductStoreMapper' mapperInterface. Bean already defined with the same name!
2022-06-21 20:16:39.896 [ main ] - [ WARN  ] [ org.mybatis.spring.mapper.ClassPathMapperScanner : 44 ] - No MyBatis mapper was found in '[com.universe.marketing.*.mapper]' package. Please check your configuration.
2022-06-21 20:17:12.386 [ main ] - [ WARN  ] [ org.mybatis.spring.mapper.ClassPathMapperScanner : 44 ] - No MyBatis mapper was found in '[com.mapper]' package. Please check your configuration.
2022-06-21 20:17:12.388 [ main ] - [ WARN  ] [ org.mybatis.spring.mapper.ClassPathMapperScanner : 44 ] - Skipping MapperFactoryBean with name 'userMapper' and 'com.universe.marketing.login.mapper.UserMapper' mapperInterface. Bean already defined with the same name!
2022-06-21 20:17:12.388 [ main ] - [ WARN  ] [ org.mybatis.spring.mapper.ClassPathMapperScanner : 44 ] - Skipping MapperFactoryBean with name 'productMapper' and 'com.universe.marketing.product.mapper.ProductMapper' mapperInterface. Bean already defined with the same name!
2022-06-21 20:17:12.388 [ main ] - [ WARN  ] [ org.mybatis.spring.mapper.ClassPathMapperScanner : 44 ] - Skipping MapperFactoryBean with name 'sortMapper' and 'com.universe.marketing.product.mapper.SortMapper' mapperInterface. Bean already defined with the same name!
2022-06-21 20:17:12.388 [ main ] - [ WARN  ] [ org.mybatis.spring.mapper.ClassPathMapperScanner : 44 ] - Skipping MapperFactoryBean with name 'purchaseMapper' and 'com.universe.marketing.purchase.mapper.PurchaseMapper' mapperInterface. Bean already defined with the same name!
2022-06-21 20:17:12.389 [ main ] - [ WARN  ] [ org.mybatis.spring.mapper.ClassPathMapperScanner : 44 ] - Skipping MapperFactoryBean with name 'purchaseSonMapper' and 'com.universe.marketing.purchase.mapper.PurchaseSonMapper' mapperInterface. Bean already defined with the same name!
2022-06-21 20:17:12.389 [ main ] - [ WARN  ] [ org.mybatis.spring.mapper.ClassPathMapperScanner : 44 ] - Skipping MapperFactoryBean with name 'purchaseSwapMapper' and 'com.universe.marketing.purchase.mapper.PurchaseSwapMapper' mapperInterface. Bean already defined with the same name!
2022-06-21 20:17:12.389 [ main ] - [ WARN  ] [ org.mybatis.spring.mapper.ClassPathMapperScanner : 44 ] - Skipping MapperFactoryBean with name 'productStoreMapper' and 'com.universe.marketing.store.mapper.ProductStoreMapper' mapperInterface. Bean already defined with the same name!
2022-06-21 20:17:12.389 [ main ] - [ WARN  ] [ org.mybatis.spring.mapper.ClassPathMapperScanner : 44 ] - No MyBatis mapper was found in '[com.universe.marketing.*.mapper]' package. Please check your configuration.
2022-06-21 20:18:52.473 [ main ] - [ WARN  ] [ org.mybatis.spring.mapper.ClassPathMapperScanner : 44 ] - No MyBatis mapper was found in '[com.mapper]' package. Please check your configuration.
2022-06-21 20:18:52.476 [ main ] - [ WARN  ] [ org.mybatis.spring.mapper.ClassPathMapperScanner : 44 ] - Skipping MapperFactoryBean with name 'userMapper' and 'com.universe.marketing.login.mapper.UserMapper' mapperInterface. Bean already defined with the same name!
2022-06-21 20:18:52.476 [ main ] - [ WARN  ] [ org.mybatis.spring.mapper.ClassPathMapperScanner : 44 ] - Skipping MapperFactoryBean with name 'productMapper' and 'com.universe.marketing.product.mapper.ProductMapper' mapperInterface. Bean already defined with the same name!
2022-06-21 20:18:52.476 [ main ] - [ WARN  ] [ org.mybatis.spring.mapper.ClassPathMapperScanner : 44 ] - Skipping MapperFactoryBean with name 'sortMapper' and 'com.universe.marketing.product.mapper.SortMapper' mapperInterface. Bean already defined with the same name!
2022-06-21 20:18:52.476 [ main ] - [ WARN  ] [ org.mybatis.spring.mapper.ClassPathMapperScanner : 44 ] - Skipping MapperFactoryBean with name 'purchaseMapper' and 'com.universe.marketing.purchase.mapper.PurchaseMapper' mapperInterface. Bean already defined with the same name!
2022-06-21 20:18:52.476 [ main ] - [ WARN  ] [ org.mybatis.spring.mapper.ClassPathMapperScanner : 44 ] - Skipping MapperFactoryBean with name 'purchaseSonMapper' and 'com.universe.marketing.purchase.mapper.PurchaseSonMapper' mapperInterface. Bean already defined with the same name!
2022-06-21 20:18:52.476 [ main ] - [ WARN  ] [ org.mybatis.spring.mapper.ClassPathMapperScanner : 44 ] - Skipping MapperFactoryBean with name 'purchaseSwapMapper' and 'com.universe.marketing.purchase.mapper.PurchaseSwapMapper' mapperInterface. Bean already defined with the same name!
2022-06-21 20:18:52.477 [ main ] - [ WARN  ] [ org.mybatis.spring.mapper.ClassPathMapperScanner : 44 ] - Skipping MapperFactoryBean with name 'productStoreMapper' and 'com.universe.marketing.store.mapper.ProductStoreMapper' mapperInterface. Bean already defined with the same name!
2022-06-21 20:18:52.477 [ main ] - [ WARN  ] [ org.mybatis.spring.mapper.ClassPathMapperScanner : 44 ] - No MyBatis mapper was found in '[com.universe.marketing.*.mapper]' package. Please check your configuration.
2022-06-21 20:19:23.060 [ main ] - [ WARN  ] [ org.mybatis.spring.mapper.ClassPathMapperScanner : 44 ] - No MyBatis mapper was found in '[com.mapper]' package. Please check your configuration.
2022-06-21 20:19:23.063 [ main ] - [ WARN  ] [ org.mybatis.spring.mapper.ClassPathMapperScanner : 44 ] - Skipping MapperFactoryBean with name 'userMapper' and 'com.universe.marketing.login.mapper.UserMapper' mapperInterface. Bean already defined with the same name!
2022-06-21 20:19:23.063 [ main ] - [ WARN  ] [ org.mybatis.spring.mapper.ClassPathMapperScanner : 44 ] - Skipping MapperFactoryBean with name 'productMapper' and 'com.universe.marketing.product.mapper.ProductMapper' mapperInterface. Bean already defined with the same name!
2022-06-21 20:19:23.063 [ main ] - [ WARN  ] [ org.mybatis.spring.mapper.ClassPathMapperScanner : 44 ] - Skipping MapperFactoryBean with name 'sortMapper' and 'com.universe.marketing.product.mapper.SortMapper' mapperInterface. Bean already defined with the same name!
2022-06-21 20:19:23.063 [ main ] - [ WARN  ] [ org.mybatis.spring.mapper.ClassPathMapperScanner : 44 ] - Skipping MapperFactoryBean with name 'purchaseMapper' and 'com.universe.marketing.purchase.mapper.PurchaseMapper' mapperInterface. Bean already defined with the same name!
2022-06-21 20:19:23.063 [ main ] - [ WARN  ] [ org.mybatis.spring.mapper.ClassPathMapperScanner : 44 ] - Skipping MapperFactoryBean with name 'purchaseSonMapper' and 'com.universe.marketing.purchase.mapper.PurchaseSonMapper' mapperInterface. Bean already defined with the same name!
2022-06-21 20:19:23.063 [ main ] - [ WARN  ] [ org.mybatis.spring.mapper.ClassPathMapperScanner : 44 ] - Skipping MapperFactoryBean with name 'purchaseSwapMapper' and 'com.universe.marketing.purchase.mapper.PurchaseSwapMapper' mapperInterface. Bean already defined with the same name!
2022-06-21 20:19:23.063 [ main ] - [ WARN  ] [ org.mybatis.spring.mapper.ClassPathMapperScanner : 44 ] - Skipping MapperFactoryBean with name 'productStoreMapper' and 'com.universe.marketing.store.mapper.ProductStoreMapper' mapperInterface. Bean already defined with the same name!
2022-06-21 20:19:23.063 [ main ] - [ WARN  ] [ org.mybatis.spring.mapper.ClassPathMapperScanner : 44 ] - No MyBatis mapper was found in '[com.universe.marketing.*.mapper]' package. Please check your configuration.
2022-06-21 20:20:29.595 [ main ] - [ WARN  ] [ org.mybatis.spring.mapper.ClassPathMapperScanner : 44 ] - No MyBatis mapper was found in '[com.mapper]' package. Please check your configuration.
2022-06-21 20:20:29.598 [ main ] - [ WARN  ] [ org.mybatis.spring.mapper.ClassPathMapperScanner : 44 ] - Skipping MapperFactoryBean with name 'userMapper' and 'com.universe.marketing.login.mapper.UserMapper' mapperInterface. Bean already defined with the same name!
2022-06-21 20:20:29.598 [ main ] - [ WARN  ] [ org.mybatis.spring.mapper.ClassPathMapperScanner : 44 ] - Skipping MapperFactoryBean with name 'productMapper' and 'com.universe.marketing.product.mapper.ProductMapper' mapperInterface. Bean already defined with the same name!
2022-06-21 20:20:29.598 [ main ] - [ WARN  ] [ org.mybatis.spring.mapper.ClassPathMapperScanner : 44 ] - Skipping MapperFactoryBean with name 'sortMapper' and 'com.universe.marketing.product.mapper.SortMapper' mapperInterface. Bean already defined with the same name!
2022-06-21 20:20:29.598 [ main ] - [ WARN  ] [ org.mybatis.spring.mapper.ClassPathMapperScanner : 44 ] - Skipping MapperFactoryBean with name 'purchaseMapper' and 'com.universe.marketing.purchase.mapper.PurchaseMapper' mapperInterface. Bean already defined with the same name!
2022-06-21 20:20:29.598 [ main ] - [ WARN  ] [ org.mybatis.spring.mapper.ClassPathMapperScanner : 44 ] - Skipping MapperFactoryBean with name 'purchaseSonMapper' and 'com.universe.marketing.purchase.mapper.PurchaseSonMapper' mapperInterface. Bean already defined with the same name!
2022-06-21 20:20:29.598 [ main ] - [ WARN  ] [ org.mybatis.spring.mapper.ClassPathMapperScanner : 44 ] - Skipping MapperFactoryBean with name 'purchaseSwapMapper' and 'com.universe.marketing.purchase.mapper.PurchaseSwapMapper' mapperInterface. Bean already defined with the same name!
2022-06-21 20:20:29.599 [ main ] - [ WARN  ] [ org.mybatis.spring.mapper.ClassPathMapperScanner : 44 ] - Skipping MapperFactoryBean with name 'productStoreMapper' and 'com.universe.marketing.store.mapper.ProductStoreMapper' mapperInterface. Bean already defined with the same name!
2022-06-21 20:20:29.599 [ main ] - [ WARN  ] [ org.mybatis.spring.mapper.ClassPathMapperScanner : 44 ] - No MyBatis mapper was found in '[com.universe.marketing.*.mapper]' package. Please check your configuration.
2022-06-21 20:20:57.168 [ main ] - [ WARN  ] [ org.mybatis.spring.mapper.ClassPathMapperScanner : 44 ] - No MyBatis mapper was found in '[com.mapper]' package. Please check your configuration.
2022-06-21 20:20:57.177 [ main ] - [ WARN  ] [ org.mybatis.spring.mapper.ClassPathMapperScanner : 44 ] - Skipping MapperFactoryBean with name 'userMapper' and 'com.universe.marketing.login.mapper.UserMapper' mapperInterface. Bean already defined with the same name!
2022-06-21 20:20:57.177 [ main ] - [ WARN  ] [ org.mybatis.spring.mapper.ClassPathMapperScanner : 44 ] - Skipping MapperFactoryBean with name 'productMapper' and 'com.universe.marketing.product.mapper.ProductMapper' mapperInterface. Bean already defined with the same name!
2022-06-21 20:20:57.177 [ main ] - [ WARN  ] [ org.mybatis.spring.mapper.ClassPathMapperScanner : 44 ] - Skipping MapperFactoryBean with name 'sortMapper' and 'com.universe.marketing.product.mapper.SortMapper' mapperInterface. Bean already defined with the same name!
2022-06-21 20:20:57.177 [ main ] - [ WARN  ] [ org.mybatis.spring.mapper.ClassPathMapperScanner : 44 ] - Skipping MapperFactoryBean with name 'purchaseMapper' and 'com.universe.marketing.purchase.mapper.PurchaseMapper' mapperInterface. Bean already defined with the same name!
2022-06-21 20:20:57.177 [ main ] - [ WARN  ] [ org.mybatis.spring.mapper.ClassPathMapperScanner : 44 ] - Skipping MapperFactoryBean with name 'purchaseSonMapper' and 'com.universe.marketing.purchase.mapper.PurchaseSonMapper' mapperInterface. Bean already defined with the same name!
2022-06-21 20:20:57.177 [ main ] - [ WARN  ] [ org.mybatis.spring.mapper.ClassPathMapperScanner : 44 ] - Skipping MapperFactoryBean with name 'purchaseSwapMapper' and 'com.universe.marketing.purchase.mapper.PurchaseSwapMapper' mapperInterface. Bean already defined with the same name!
2022-06-21 20:20:57.177 [ main ] - [ WARN  ] [ org.mybatis.spring.mapper.ClassPathMapperScanner : 44 ] - Skipping MapperFactoryBean with name 'productStoreMapper' and 'com.universe.marketing.store.mapper.ProductStoreMapper' mapperInterface. Bean already defined with the same name!
2022-06-21 20:20:57.177 [ main ] - [ WARN  ] [ org.mybatis.spring.mapper.ClassPathMapperScanner : 44 ] - No MyBatis mapper was found in '[com.universe.marketing.*.mapper]' package. Please check your configuration.
2022-06-21 20:21:36.307 [ main ] - [ WARN  ] [ org.mybatis.spring.mapper.ClassPathMapperScanner : 44 ] - No MyBatis mapper was found in '[com.mapper]' package. Please check your configuration.
2022-06-21 20:21:36.312 [ main ] - [ WARN  ] [ org.mybatis.spring.mapper.ClassPathMapperScanner : 44 ] - Skipping MapperFactoryBean with name 'userMapper' and 'com.universe.marketing.login.mapper.UserMapper' mapperInterface. Bean already defined with the same name!
2022-06-21 20:21:36.312 [ main ] - [ WARN  ] [ org.mybatis.spring.mapper.ClassPathMapperScanner : 44 ] - Skipping MapperFactoryBean with name 'productMapper' and 'com.universe.marketing.product.mapper.ProductMapper' mapperInterface. Bean already defined with the same name!
2022-06-21 20:21:36.312 [ main ] - [ WARN  ] [ org.mybatis.spring.mapper.ClassPathMapperScanner : 44 ] - Skipping MapperFactoryBean with name 'sortMapper' and 'com.universe.marketing.product.mapper.SortMapper' mapperInterface. Bean already defined with the same name!
2022-06-21 20:21:36.312 [ main ] - [ WARN  ] [ org.mybatis.spring.mapper.ClassPathMapperScanner : 44 ] - Skipping MapperFactoryBean with name 'purchaseMapper' and 'com.universe.marketing.purchase.mapper.PurchaseMapper' mapperInterface. Bean already defined with the same name!
2022-06-21 20:21:36.312 [ main ] - [ WARN  ] [ org.mybatis.spring.mapper.ClassPathMapperScanner : 44 ] - Skipping MapperFactoryBean with name 'purchaseSonMapper' and 'com.universe.marketing.purchase.mapper.PurchaseSonMapper' mapperInterface. Bean already defined with the same name!
2022-06-21 20:21:36.312 [ main ] - [ WARN  ] [ org.mybatis.spring.mapper.ClassPathMapperScanner : 44 ] - Skipping MapperFactoryBean with name 'purchaseSwapMapper' and 'com.universe.marketing.purchase.mapper.PurchaseSwapMapper' mapperInterface. Bean already defined with the same name!
2022-06-21 20:21:36.312 [ main ] - [ WARN  ] [ org.mybatis.spring.mapper.ClassPathMapperScanner : 44 ] - Skipping MapperFactoryBean with name 'productStoreMapper' and 'com.universe.marketing.store.mapper.ProductStoreMapper' mapperInterface. Bean already defined with the same name!
2022-06-21 20:21:36.312 [ main ] - [ WARN  ] [ org.mybatis.spring.mapper.ClassPathMapperScanner : 44 ] - No MyBatis mapper was found in '[com.universe.marketing.*.mapper]' package. Please check your configuration.
2022-06-21 20:22:50.883 [ main ] - [ WARN  ] [ org.mybatis.spring.mapper.ClassPathMapperScanner : 44 ] - No MyBatis mapper was found in '[com.mapper]' package. Please check your configuration.
2022-06-21 20:22:50.887 [ main ] - [ WARN  ] [ org.mybatis.spring.mapper.ClassPathMapperScanner : 44 ] - Skipping MapperFactoryBean with name 'userMapper' and 'com.universe.marketing.login.mapper.UserMapper' mapperInterface. Bean already defined with the same name!
2022-06-21 20:22:50.887 [ main ] - [ WARN  ] [ org.mybatis.spring.mapper.ClassPathMapperScanner : 44 ] - Skipping MapperFactoryBean with name 'productMapper' and 'com.universe.marketing.product.mapper.ProductMapper' mapperInterface. Bean already defined with the same name!
2022-06-21 20:22:50.887 [ main ] - [ WARN  ] [ org.mybatis.spring.mapper.ClassPathMapperScanner : 44 ] - Skipping MapperFactoryBean with name 'sortMapper' and 'com.universe.marketing.product.mapper.SortMapper' mapperInterface. Bean already defined with the same name!
2022-06-21 20:22:50.887 [ main ] - [ WARN  ] [ org.mybatis.spring.mapper.ClassPathMapperScanner : 44 ] - Skipping MapperFactoryBean with name 'purchaseMapper' and 'com.universe.marketing.purchase.mapper.PurchaseMapper' mapperInterface. Bean already defined with the same name!
2022-06-21 20:22:50.887 [ main ] - [ WARN  ] [ org.mybatis.spring.mapper.ClassPathMapperScanner : 44 ] - Skipping MapperFactoryBean with name 'purchaseSonMapper' and 'com.universe.marketing.purchase.mapper.PurchaseSonMapper' mapperInterface. Bean already defined with the same name!
2022-06-21 20:22:50.887 [ main ] - [ WARN  ] [ org.mybatis.spring.mapper.ClassPathMapperScanner : 44 ] - Skipping MapperFactoryBean with name 'purchaseSwapMapper' and 'com.universe.marketing.purchase.mapper.PurchaseSwapMapper' mapperInterface. Bean already defined with the same name!
2022-06-21 20:22:50.887 [ main ] - [ WARN  ] [ org.mybatis.spring.mapper.ClassPathMapperScanner : 44 ] - Skipping MapperFactoryBean with name 'productStoreMapper' and 'com.universe.marketing.store.mapper.ProductStoreMapper' mapperInterface. Bean already defined with the same name!
2022-06-21 20:22:50.887 [ main ] - [ WARN  ] [ org.mybatis.spring.mapper.ClassPathMapperScanner : 44 ] - No MyBatis mapper was found in '[com.universe.marketing.*.mapper]' package. Please check your configuration.
2022-06-21 20:24:13.698 [ main ] - [ WARN  ] [ org.mybatis.spring.mapper.ClassPathMapperScanner : 44 ] - No MyBatis mapper was found in '[com.mapper]' package. Please check your configuration.
2022-06-21 20:24:13.699 [ main ] - [ WARN  ] [ org.mybatis.spring.mapper.ClassPathMapperScanner : 44 ] - Skipping MapperFactoryBean with name 'userMapper' and 'com.universe.marketing.login.mapper.UserMapper' mapperInterface. Bean already defined with the same name!
2022-06-21 20:24:13.699 [ main ] - [ WARN  ] [ org.mybatis.spring.mapper.ClassPathMapperScanner : 44 ] - Skipping MapperFactoryBean with name 'productMapper' and 'com.universe.marketing.product.mapper.ProductMapper' mapperInterface. Bean already defined with the same name!
2022-06-21 20:24:13.699 [ main ] - [ WARN  ] [ org.mybatis.spring.mapper.ClassPathMapperScanner : 44 ] - Skipping MapperFactoryBean with name 'sortMapper' and 'com.universe.marketing.product.mapper.SortMapper' mapperInterface. Bean already defined with the same name!
2022-06-21 20:24:13.699 [ main ] - [ WARN  ] [ org.mybatis.spring.mapper.ClassPathMapperScanner : 44 ] - Skipping MapperFactoryBean with name 'purchaseMapper' and 'com.universe.marketing.purchase.mapper.PurchaseMapper' mapperInterface. Bean already defined with the same name!
2022-06-21 20:24:13.699 [ main ] - [ WARN  ] [ org.mybatis.spring.mapper.ClassPathMapperScanner : 44 ] - Skipping MapperFactoryBean with name 'purchaseSonMapper' and 'com.universe.marketing.purchase.mapper.PurchaseSonMapper' mapperInterface. Bean already defined with the same name!
2022-06-21 20:24:13.699 [ main ] - [ WARN  ] [ org.mybatis.spring.mapper.ClassPathMapperScanner : 44 ] - Skipping MapperFactoryBean with name 'purchaseSwapMapper' and 'com.universe.marketing.purchase.mapper.PurchaseSwapMapper' mapperInterface. Bean already defined with the same name!
2022-06-21 20:24:13.699 [ main ] - [ WARN  ] [ org.mybatis.spring.mapper.ClassPathMapperScanner : 44 ] - Skipping MapperFactoryBean with name 'productStoreMapper' and 'com.universe.marketing.store.mapper.ProductStoreMapper' mapperInterface. Bean already defined with the same name!
2022-06-21 20:24:13.699 [ main ] - [ WARN  ] [ org.mybatis.spring.mapper.ClassPathMapperScanner : 44 ] - No MyBatis mapper was found in '[com.universe.marketing.*.mapper]' package. Please check your configuration.
2022-06-21 20:27:13.716 [ main ] - [ WARN  ] [ org.mybatis.spring.mapper.ClassPathMapperScanner : 44 ] - No MyBatis mapper was found in '[com.mapper]' package. Please check your configuration.
2022-06-21 20:27:13.718 [ main ] - [ WARN  ] [ org.mybatis.spring.mapper.ClassPathMapperScanner : 44 ] - Skipping MapperFactoryBean with name 'userMapper' and 'com.universe.marketing.login.mapper.UserMapper' mapperInterface. Bean already defined with the same name!
2022-06-21 20:27:13.718 [ main ] - [ WARN  ] [ org.mybatis.spring.mapper.ClassPathMapperScanner : 44 ] - Skipping MapperFactoryBean with name 'productMapper' and 'com.universe.marketing.product.mapper.ProductMapper' mapperInterface. Bean already defined with the same name!
2022-06-21 20:27:13.718 [ main ] - [ WARN  ] [ org.mybatis.spring.mapper.ClassPathMapperScanner : 44 ] - Skipping MapperFactoryBean with name 'sortMapper' and 'com.universe.marketing.product.mapper.SortMapper' mapperInterface. Bean already defined with the same name!
2022-06-21 20:27:13.719 [ main ] - [ WARN  ] [ org.mybatis.spring.mapper.ClassPathMapperScanner : 44 ] - Skipping MapperFactoryBean with name 'purchaseMapper' and 'com.universe.marketing.purchase.mapper.PurchaseMapper' mapperInterface. Bean already defined with the same name!
2022-06-21 20:27:13.719 [ main ] - [ WARN  ] [ org.mybatis.spring.mapper.ClassPathMapperScanner : 44 ] - Skipping MapperFactoryBean with name 'purchaseSonMapper' and 'com.universe.marketing.purchase.mapper.PurchaseSonMapper' mapperInterface. Bean already defined with the same name!
2022-06-21 20:27:13.719 [ main ] - [ WARN  ] [ org.mybatis.spring.mapper.ClassPathMapperScanner : 44 ] - Skipping MapperFactoryBean with name 'purchaseSwapMapper' and 'com.universe.marketing.purchase.mapper.PurchaseSwapMapper' mapperInterface. Bean already defined with the same name!
2022-06-21 20:27:13.719 [ main ] - [ WARN  ] [ org.mybatis.spring.mapper.ClassPathMapperScanner : 44 ] - Skipping MapperFactoryBean with name 'productStoreMapper' and 'com.universe.marketing.store.mapper.ProductStoreMapper' mapperInterface. Bean already defined with the same name!
2022-06-21 20:27:13.719 [ main ] - [ WARN  ] [ org.mybatis.spring.mapper.ClassPathMapperScanner : 44 ] - No MyBatis mapper was found in '[com.universe.marketing.*.mapper]' package. Please check your configuration.
2022-06-21 20:33:24.393 [ main ] - [ WARN  ] [ org.mybatis.spring.mapper.ClassPathMapperScanner : 44 ] - No MyBatis mapper was found in '[com.mapper]' package. Please check your configuration.
2022-06-21 20:33:24.393 [ main ] - [ WARN  ] [ org.mybatis.spring.mapper.ClassPathMapperScanner : 44 ] - Skipping MapperFactoryBean with name 'userMapper' and 'com.universe.marketing.login.mapper.UserMapper' mapperInterface. Bean already defined with the same name!
2022-06-21 20:33:24.393 [ main ] - [ WARN  ] [ org.mybatis.spring.mapper.ClassPathMapperScanner : 44 ] - Skipping MapperFactoryBean with name 'productMapper' and 'com.universe.marketing.product.mapper.ProductMapper' mapperInterface. Bean already defined with the same name!
2022-06-21 20:33:24.393 [ main ] - [ WARN  ] [ org.mybatis.spring.mapper.ClassPathMapperScanner : 44 ] - Skipping MapperFactoryBean with name 'sortMapper' and 'com.universe.marketing.product.mapper.SortMapper' mapperInterface. Bean already defined with the same name!
2022-06-21 20:33:24.393 [ main ] - [ WARN  ] [ org.mybatis.spring.mapper.ClassPathMapperScanner : 44 ] - Skipping MapperFactoryBean with name 'purchaseMapper' and 'com.universe.marketing.purchase.mapper.PurchaseMapper' mapperInterface. Bean already defined with the same name!
2022-06-21 20:33:24.393 [ main ] - [ WARN  ] [ org.mybatis.spring.mapper.ClassPathMapperScanner : 44 ] - Skipping MapperFactoryBean with name 'purchaseSonMapper' and 'com.universe.marketing.purchase.mapper.PurchaseSonMapper' mapperInterface. Bean already defined with the same name!
2022-06-21 20:33:24.398 [ main ] - [ WARN  ] [ org.mybatis.spring.mapper.ClassPathMapperScanner : 44 ] - Skipping MapperFactoryBean with name 'purchaseSwapMapper' and 'com.universe.marketing.purchase.mapper.PurchaseSwapMapper' mapperInterface. Bean already defined with the same name!
2022-06-21 20:33:24.398 [ main ] - [ WARN  ] [ org.mybatis.spring.mapper.ClassPathMapperScanner : 44 ] - Skipping MapperFactoryBean with name 'productStoreMapper' and 'com.universe.marketing.store.mapper.ProductStoreMapper' mapperInterface. Bean already defined with the same name!
2022-06-21 20:33:24.398 [ main ] - [ WARN  ] [ org.mybatis.spring.mapper.ClassPathMapperScanner : 44 ] - No MyBatis mapper was found in '[com.universe.marketing.*.mapper]' package. Please check your configuration.
2022-06-21 20:37:46.038 [ main ] - [ WARN  ] [ org.mybatis.spring.mapper.ClassPathMapperScanner : 44 ] - No MyBatis mapper was found in '[com.mapper]' package. Please check your configuration.
2022-06-21 20:37:46.038 [ main ] - [ WARN  ] [ org.mybatis.spring.mapper.ClassPathMapperScanner : 44 ] - Skipping MapperFactoryBean with name 'userMapper' and 'com.universe.marketing.login.mapper.UserMapper' mapperInterface. Bean already defined with the same name!
2022-06-21 20:37:46.038 [ main ] - [ WARN  ] [ org.mybatis.spring.mapper.ClassPathMapperScanner : 44 ] - Skipping MapperFactoryBean with name 'productMapper' and 'com.universe.marketing.product.mapper.ProductMapper' mapperInterface. Bean already defined with the same name!
2022-06-21 20:37:46.038 [ main ] - [ WARN  ] [ org.mybatis.spring.mapper.ClassPathMapperScanner : 44 ] - Skipping MapperFactoryBean with name 'sortMapper' and 'com.universe.marketing.product.mapper.SortMapper' mapperInterface. Bean already defined with the same name!
2022-06-21 20:37:46.038 [ main ] - [ WARN  ] [ org.mybatis.spring.mapper.ClassPathMapperScanner : 44 ] - Skipping MapperFactoryBean with name 'purchaseMapper' and 'com.universe.marketing.purchase.mapper.PurchaseMapper' mapperInterface. Bean already defined with the same name!
2022-06-21 20:37:46.042 [ main ] - [ WARN  ] [ org.mybatis.spring.mapper.ClassPathMapperScanner : 44 ] - Skipping MapperFactoryBean with name 'purchaseSonMapper' and 'com.universe.marketing.purchase.mapper.PurchaseSonMapper' mapperInterface. Bean already defined with the same name!
2022-06-21 20:37:46.042 [ main ] - [ WARN  ] [ org.mybatis.spring.mapper.ClassPathMapperScanner : 44 ] - Skipping MapperFactoryBean with name 'purchaseSwapMapper' and 'com.universe.marketing.purchase.mapper.PurchaseSwapMapper' mapperInterface. Bean already defined with the same name!
2022-06-21 20:37:46.042 [ main ] - [ WARN  ] [ org.mybatis.spring.mapper.ClassPathMapperScanner : 44 ] - Skipping MapperFactoryBean with name 'productStoreMapper' and 'com.universe.marketing.store.mapper.ProductStoreMapper' mapperInterface. Bean already defined with the same name!
2022-06-21 20:37:46.042 [ main ] - [ WARN  ] [ org.mybatis.spring.mapper.ClassPathMapperScanner : 44 ] - No MyBatis mapper was found in '[com.universe.marketing.*.mapper]' package. Please check your configuration.
2022-06-21 20:40:21.458 [ main ] - [ WARN  ] [ org.mybatis.spring.mapper.ClassPathMapperScanner : 44 ] - No MyBatis mapper was found in '[com.mapper]' package. Please check your configuration.
2022-06-21 20:40:21.458 [ main ] - [ WARN  ] [ org.mybatis.spring.mapper.ClassPathMapperScanner : 44 ] - Skipping MapperFactoryBean with name 'userMapper' and 'com.universe.marketing.login.mapper.UserMapper' mapperInterface. Bean already defined with the same name!
2022-06-21 20:40:21.458 [ main ] - [ WARN  ] [ org.mybatis.spring.mapper.ClassPathMapperScanner : 44 ] - Skipping MapperFactoryBean with name 'productMapper' and 'com.universe.marketing.product.mapper.ProductMapper' mapperInterface. Bean already defined with the same name!
2022-06-21 20:40:21.458 [ main ] - [ WARN  ] [ org.mybatis.spring.mapper.ClassPathMapperScanner : 44 ] - Skipping MapperFactoryBean with name 'sortMapper' and 'com.universe.marketing.product.mapper.SortMapper' mapperInterface. Bean already defined with the same name!
2022-06-21 20:40:21.458 [ main ] - [ WARN  ] [ org.mybatis.spring.mapper.ClassPathMapperScanner : 44 ] - Skipping MapperFactoryBean with name 'purchaseMapper' and 'com.universe.marketing.purchase.mapper.PurchaseMapper' mapperInterface. Bean already defined with the same name!
2022-06-21 20:40:21.458 [ main ] - [ WARN  ] [ org.mybatis.spring.mapper.ClassPathMapperScanner : 44 ] - Skipping MapperFactoryBean with name 'purchaseSonMapper' and 'com.universe.marketing.purchase.mapper.PurchaseSonMapper' mapperInterface. Bean already defined with the same name!
2022-06-21 20:40:21.458 [ main ] - [ WARN  ] [ org.mybatis.spring.mapper.ClassPathMapperScanner : 44 ] - Skipping MapperFactoryBean with name 'purchaseSwapMapper' and 'com.universe.marketing.purchase.mapper.PurchaseSwapMapper' mapperInterface. Bean already defined with the same name!
2022-06-21 20:40:21.458 [ main ] - [ WARN  ] [ org.mybatis.spring.mapper.ClassPathMapperScanner : 44 ] - Skipping MapperFactoryBean with name 'productStoreMapper' and 'com.universe.marketing.store.mapper.ProductStoreMapper' mapperInterface. Bean already defined with the same name!
2022-06-21 20:40:21.458 [ main ] - [ WARN  ] [ org.mybatis.spring.mapper.ClassPathMapperScanner : 44 ] - No MyBatis mapper was found in '[com.universe.marketing.*.mapper]' package. Please check your configuration.
2022-06-21 20:41:01.686 [ main ] - [ WARN  ] [ org.mybatis.spring.mapper.ClassPathMapperScanner : 44 ] - No MyBatis mapper was found in '[com.mapper]' package. Please check your configuration.
2022-06-21 20:41:01.689 [ main ] - [ WARN  ] [ org.mybatis.spring.mapper.ClassPathMapperScanner : 44 ] - Skipping MapperFactoryBean with name 'userMapper' and 'com.universe.marketing.login.mapper.UserMapper' mapperInterface. Bean already defined with the same name!
2022-06-21 20:41:01.689 [ main ] - [ WARN  ] [ org.mybatis.spring.mapper.ClassPathMapperScanner : 44 ] - Skipping MapperFactoryBean with name 'productMapper' and 'com.universe.marketing.product.mapper.ProductMapper' mapperInterface. Bean already defined with the same name!
2022-06-21 20:41:01.690 [ main ] - [ WARN  ] [ org.mybatis.spring.mapper.ClassPathMapperScanner : 44 ] - Skipping MapperFactoryBean with name 'sortMapper' and 'com.universe.marketing.product.mapper.SortMapper' mapperInterface. Bean already defined with the same name!
2022-06-21 20:41:01.690 [ main ] - [ WARN  ] [ org.mybatis.spring.mapper.ClassPathMapperScanner : 44 ] - Skipping MapperFactoryBean with name 'purchaseMapper' and 'com.universe.marketing.purchase.mapper.PurchaseMapper' mapperInterface. Bean already defined with the same name!
2022-06-21 20:41:01.690 [ main ] - [ WARN  ] [ org.mybatis.spring.mapper.ClassPathMapperScanner : 44 ] - Skipping MapperFactoryBean with name 'purchaseSonMapper' and 'com.universe.marketing.purchase.mapper.PurchaseSonMapper' mapperInterface. Bean already defined with the same name!
2022-06-21 20:41:01.690 [ main ] - [ WARN  ] [ org.mybatis.spring.mapper.ClassPathMapperScanner : 44 ] - Skipping MapperFactoryBean with name 'purchaseSwapMapper' and 'com.universe.marketing.purchase.mapper.PurchaseSwapMapper' mapperInterface. Bean already defined with the same name!
2022-06-21 20:41:01.690 [ main ] - [ WARN  ] [ org.mybatis.spring.mapper.ClassPathMapperScanner : 44 ] - Skipping MapperFactoryBean with name 'productStoreMapper' and 'com.universe.marketing.store.mapper.ProductStoreMapper' mapperInterface. Bean already defined with the same name!
2022-06-21 20:41:01.690 [ main ] - [ WARN  ] [ org.mybatis.spring.mapper.ClassPathMapperScanner : 44 ] - No MyBatis mapper was found in '[com.universe.marketing.*.mapper]' package. Please check your configuration.
2022-06-21 21:34:38.460 [ main ] - [ WARN  ] [ org.mybatis.spring.mapper.ClassPathMapperScanner : 44 ] - No MyBatis mapper was found in '[com.mapper]' package. Please check your configuration.
2022-06-21 21:34:38.462 [ main ] - [ WARN  ] [ org.mybatis.spring.mapper.ClassPathMapperScanner : 44 ] - Skipping MapperFactoryBean with name 'userMapper' and 'com.universe.marketing.login.mapper.UserMapper' mapperInterface. Bean already defined with the same name!
2022-06-21 21:34:38.462 [ main ] - [ WARN  ] [ org.mybatis.spring.mapper.ClassPathMapperScanner : 44 ] - Skipping MapperFactoryBean with name 'productMapper' and 'com.universe.marketing.product.mapper.ProductMapper' mapperInterface. Bean already defined with the same name!
2022-06-21 21:34:38.462 [ main ] - [ WARN  ] [ org.mybatis.spring.mapper.ClassPathMapperScanner : 44 ] - Skipping MapperFactoryBean with name 'sortMapper' and 'com.universe.marketing.product.mapper.SortMapper' mapperInterface. Bean already defined with the same name!
2022-06-21 21:34:38.462 [ main ] - [ WARN  ] [ org.mybatis.spring.mapper.ClassPathMapperScanner : 44 ] - Skipping MapperFactoryBean with name 'purchaseMapper' and 'com.universe.marketing.purchase.mapper.PurchaseMapper' mapperInterface. Bean already defined with the same name!
2022-06-21 21:34:38.462 [ main ] - [ WARN  ] [ org.mybatis.spring.mapper.ClassPathMapperScanner : 44 ] - Skipping MapperFactoryBean with name 'purchaseSonMapper' and 'com.universe.marketing.purchase.mapper.PurchaseSonMapper' mapperInterface. Bean already defined with the same name!
2022-06-21 21:34:38.463 [ main ] - [ WARN  ] [ org.mybatis.spring.mapper.ClassPathMapperScanner : 44 ] - Skipping MapperFactoryBean with name 'purchaseSwapMapper' and 'com.universe.marketing.purchase.mapper.PurchaseSwapMapper' mapperInterface. Bean already defined with the same name!
2022-06-21 21:34:38.463 [ main ] - [ WARN  ] [ org.mybatis.spring.mapper.ClassPathMapperScanner : 44 ] - Skipping MapperFactoryBean with name 'productStoreMapper' and 'com.universe.marketing.store.mapper.ProductStoreMapper' mapperInterface. Bean already defined with the same name!
2022-06-21 21:34:38.463 [ main ] - [ WARN  ] [ org.mybatis.spring.mapper.ClassPathMapperScanner : 44 ] - No MyBatis mapper was found in '[com.universe.marketing.*.mapper]' package. Please check your configuration.
2022-06-21 21:35:32.915 [ main ] - [ WARN  ] [ org.mybatis.spring.mapper.ClassPathMapperScanner : 44 ] - No MyBatis mapper was found in '[com.mapper]' package. Please check your configuration.
2022-06-21 21:35:32.917 [ main ] - [ WARN  ] [ org.mybatis.spring.mapper.ClassPathMapperScanner : 44 ] - Skipping MapperFactoryBean with name 'userMapper' and 'com.universe.marketing.login.mapper.UserMapper' mapperInterface. Bean already defined with the same name!
2022-06-21 21:35:32.917 [ main ] - [ WARN  ] [ org.mybatis.spring.mapper.ClassPathMapperScanner : 44 ] - Skipping MapperFactoryBean with name 'productMapper' and 'com.universe.marketing.product.mapper.ProductMapper' mapperInterface. Bean already defined with the same name!
2022-06-21 21:35:32.917 [ main ] - [ WARN  ] [ org.mybatis.spring.mapper.ClassPathMapperScanner : 44 ] - Skipping MapperFactoryBean with name 'sortMapper' and 'com.universe.marketing.product.mapper.SortMapper' mapperInterface. Bean already defined with the same name!
2022-06-21 21:35:32.917 [ main ] - [ WARN  ] [ org.mybatis.spring.mapper.ClassPathMapperScanner : 44 ] - Skipping MapperFactoryBean with name 'purchaseMapper' and 'com.universe.marketing.purchase.mapper.PurchaseMapper' mapperInterface. Bean already defined with the same name!
2022-06-21 21:35:32.917 [ main ] - [ WARN  ] [ org.mybatis.spring.mapper.ClassPathMapperScanner : 44 ] - Skipping MapperFactoryBean with name 'purchaseSonMapper' and 'com.universe.marketing.purchase.mapper.PurchaseSonMapper' mapperInterface. Bean already defined with the same name!
2022-06-21 21:35:32.918 [ main ] - [ WARN  ] [ org.mybatis.spring.mapper.ClassPathMapperScanner : 44 ] - Skipping MapperFactoryBean with name 'purchaseSwapMapper' and 'com.universe.marketing.purchase.mapper.PurchaseSwapMapper' mapperInterface. Bean already defined with the same name!
2022-06-21 21:35:32.918 [ main ] - [ WARN  ] [ org.mybatis.spring.mapper.ClassPathMapperScanner : 44 ] - Skipping MapperFactoryBean with name 'productStoreMapper' and 'com.universe.marketing.store.mapper.ProductStoreMapper' mapperInterface. Bean already defined with the same name!
2022-06-21 21:35:32.918 [ main ] - [ WARN  ] [ org.mybatis.spring.mapper.ClassPathMapperScanner : 44 ] - No MyBatis mapper was found in '[com.universe.marketing.*.mapper]' package. Please check your configuration.
2022-06-21 21:53:40.144 [ main ] - [ WARN  ] [ org.mybatis.spring.mapper.ClassPathMapperScanner : 44 ] - No MyBatis mapper was found in '[com.mapper]' package. Please check your configuration.
2022-06-21 21:53:40.147 [ main ] - [ WARN  ] [ org.mybatis.spring.mapper.ClassPathMapperScanner : 44 ] - Skipping MapperFactoryBean with name 'userMapper' and 'com.universe.marketing.login.mapper.UserMapper' mapperInterface. Bean already defined with the same name!
2022-06-21 21:53:40.147 [ main ] - [ WARN  ] [ org.mybatis.spring.mapper.ClassPathMapperScanner : 44 ] - Skipping MapperFactoryBean with name 'productMapper' and 'com.universe.marketing.product.mapper.ProductMapper' mapperInterface. Bean already defined with the same name!
2022-06-21 21:53:40.148 [ main ] - [ WARN  ] [ org.mybatis.spring.mapper.ClassPathMapperScanner : 44 ] - Skipping MapperFactoryBean with name 'sortMapper' and 'com.universe.marketing.product.mapper.SortMapper' mapperInterface. Bean already defined with the same name!
2022-06-21 21:53:40.148 [ main ] - [ WARN  ] [ org.mybatis.spring.mapper.ClassPathMapperScanner : 44 ] - Skipping MapperFactoryBean with name 'purchaseMapper' and 'com.universe.marketing.purchase.mapper.PurchaseMapper' mapperInterface. Bean already defined with the same name!
2022-06-21 21:53:40.148 [ main ] - [ WARN  ] [ org.mybatis.spring.mapper.ClassPathMapperScanner : 44 ] - Skipping MapperFactoryBean with name 'purchaseSonMapper' and 'com.universe.marketing.purchase.mapper.PurchaseSonMapper' mapperInterface. Bean already defined with the same name!
2022-06-21 21:53:40.148 [ main ] - [ WARN  ] [ org.mybatis.spring.mapper.ClassPathMapperScanner : 44 ] - Skipping MapperFactoryBean with name 'purchaseSwapMapper' and 'com.universe.marketing.purchase.mapper.PurchaseSwapMapper' mapperInterface. Bean already defined with the same name!
2022-06-21 21:53:40.148 [ main ] - [ WARN  ] [ org.mybatis.spring.mapper.ClassPathMapperScanner : 44 ] - Skipping MapperFactoryBean with name 'productStoreMapper' and 'com.universe.marketing.store.mapper.ProductStoreMapper' mapperInterface. Bean already defined with the same name!
2022-06-21 21:53:40.148 [ main ] - [ WARN  ] [ org.mybatis.spring.mapper.ClassPathMapperScanner : 44 ] - No MyBatis mapper was found in '[com.universe.marketing.*.mapper]' package. Please check your configuration.
2022-06-21 23:23:03.657 [ http-nio-8080-exec-5 ] - [ WARN  ] [ com.zaxxer.hikari.pool.PoolBase : 179 ] - HikariPool-1 - Failed to validate connection org.postgresql.jdbc.PgConnection@501784c1 (This connection has been closed.). Possibly consider using a shorter maxLifetime value.
2022-06-21 23:33:24.004 [ main ] - [ WARN  ] [ org.mybatis.spring.mapper.ClassPathMapperScanner : 44 ] - No MyBatis mapper was found in '[com.mapper]' package. Please check your configuration.
2022-06-21 23:33:24.007 [ main ] - [ WARN  ] [ org.mybatis.spring.mapper.ClassPathMapperScanner : 44 ] - Skipping MapperFactoryBean with name 'userMapper' and 'com.universe.marketing.login.mapper.UserMapper' mapperInterface. Bean already defined with the same name!
2022-06-21 23:33:24.007 [ main ] - [ WARN  ] [ org.mybatis.spring.mapper.ClassPathMapperScanner : 44 ] - Skipping MapperFactoryBean with name 'productMapper' and 'com.universe.marketing.product.mapper.ProductMapper' mapperInterface. Bean already defined with the same name!
2022-06-21 23:33:24.008 [ main ] - [ WARN  ] [ org.mybatis.spring.mapper.ClassPathMapperScanner : 44 ] - Skipping MapperFactoryBean with name 'sortMapper' and 'com.universe.marketing.product.mapper.SortMapper' mapperInterface. Bean already defined with the same name!
2022-06-21 23:33:24.008 [ main ] - [ WARN  ] [ org.mybatis.spring.mapper.ClassPathMapperScanner : 44 ] - Skipping MapperFactoryBean with name 'purchaseMapper' and 'com.universe.marketing.purchase.mapper.PurchaseMapper' mapperInterface. Bean already defined with the same name!
2022-06-21 23:33:24.008 [ main ] - [ WARN  ] [ org.mybatis.spring.mapper.ClassPathMapperScanner : 44 ] - Skipping MapperFactoryBean with name 'purchaseSonMapper' and 'com.universe.marketing.purchase.mapper.PurchaseSonMapper' mapperInterface. Bean already defined with the same name!
2022-06-21 23:33:24.008 [ main ] - [ WARN  ] [ org.mybatis.spring.mapper.ClassPathMapperScanner : 44 ] - Skipping MapperFactoryBean with name 'purchaseSwapMapper' and 'com.universe.marketing.purchase.mapper.PurchaseSwapMapper' mapperInterface. Bean already defined with the same name!
2022-06-21 23:33:24.008 [ main ] - [ WARN  ] [ org.mybatis.spring.mapper.ClassPathMapperScanner : 44 ] - Skipping MapperFactoryBean with name 'productStoreMapper' and 'com.universe.marketing.store.mapper.ProductStoreMapper' mapperInterface. Bean already defined with the same name!
2022-06-21 23:33:24.008 [ main ] - [ WARN  ] [ org.mybatis.spring.mapper.ClassPathMapperScanner : 44 ] - No MyBatis mapper was found in '[com.universe.marketing.*.mapper]' package. Please check your configuration.
2022-06-21 23:35:22.068 [ main ] - [ WARN  ] [ org.mybatis.spring.mapper.ClassPathMapperScanner : 44 ] - No MyBatis mapper was found in '[com.mapper]' package. Please check your configuration.
2022-06-21 23:35:22.070 [ main ] - [ WARN  ] [ org.mybatis.spring.mapper.ClassPathMapperScanner : 44 ] - Skipping MapperFactoryBean with name 'userMapper' and 'com.universe.marketing.login.mapper.UserMapper' mapperInterface. Bean already defined with the same name!
2022-06-21 23:35:22.071 [ main ] - [ WARN  ] [ org.mybatis.spring.mapper.ClassPathMapperScanner : 44 ] - Skipping MapperFactoryBean with name 'productMapper' and 'com.universe.marketing.product.mapper.ProductMapper' mapperInterface. Bean already defined with the same name!
2022-06-21 23:35:22.071 [ main ] - [ WARN  ] [ org.mybatis.spring.mapper.ClassPathMapperScanner : 44 ] - Skipping MapperFactoryBean with name 'sortMapper' and 'com.universe.marketing.product.mapper.SortMapper' mapperInterface. Bean already defined with the same name!
2022-06-21 23:35:22.071 [ main ] - [ WARN  ] [ org.mybatis.spring.mapper.ClassPathMapperScanner : 44 ] - Skipping MapperFactoryBean with name 'purchaseMapper' and 'com.universe.marketing.purchase.mapper.PurchaseMapper' mapperInterface. Bean already defined with the same name!
2022-06-21 23:35:22.071 [ main ] - [ WARN  ] [ org.mybatis.spring.mapper.ClassPathMapperScanner : 44 ] - Skipping MapperFactoryBean with name 'purchaseSonMapper' and 'com.universe.marketing.purchase.mapper.PurchaseSonMapper' mapperInterface. Bean already defined with the same name!
2022-06-21 23:35:22.071 [ main ] - [ WARN  ] [ org.mybatis.spring.mapper.ClassPathMapperScanner : 44 ] - Skipping MapperFactoryBean with name 'purchaseSwapMapper' and 'com.universe.marketing.purchase.mapper.PurchaseSwapMapper' mapperInterface. Bean already defined with the same name!
2022-06-21 23:35:22.071 [ main ] - [ WARN  ] [ org.mybatis.spring.mapper.ClassPathMapperScanner : 44 ] - Skipping MapperFactoryBean with name 'productStoreMapper' and 'com.universe.marketing.store.mapper.ProductStoreMapper' mapperInterface. Bean already defined with the same name!
2022-06-21 23:35:22.071 [ main ] - [ WARN  ] [ org.mybatis.spring.mapper.ClassPathMapperScanner : 44 ] - No MyBatis mapper was found in '[com.universe.marketing.*.mapper]' package. Please check your configuration.
2022-06-21 23:36:05.535 [ main ] - [ WARN  ] [ org.mybatis.spring.mapper.ClassPathMapperScanner : 44 ] - No MyBatis mapper was found in '[com.mapper]' package. Please check your configuration.
2022-06-21 23:36:05.538 [ main ] - [ WARN  ] [ org.mybatis.spring.mapper.ClassPathMapperScanner : 44 ] - Skipping MapperFactoryBean with name 'userMapper' and 'com.universe.marketing.login.mapper.UserMapper' mapperInterface. Bean already defined with the same name!
2022-06-21 23:36:05.538 [ main ] - [ WARN  ] [ org.mybatis.spring.mapper.ClassPathMapperScanner : 44 ] - Skipping MapperFactoryBean with name 'productMapper' and 'com.universe.marketing.product.mapper.ProductMapper' mapperInterface. Bean already defined with the same name!
2022-06-21 23:36:05.538 [ main ] - [ WARN  ] [ org.mybatis.spring.mapper.ClassPathMapperScanner : 44 ] - Skipping MapperFactoryBean with name 'sortMapper' and 'com.universe.marketing.product.mapper.SortMapper' mapperInterface. Bean already defined with the same name!
2022-06-21 23:36:05.538 [ main ] - [ WARN  ] [ org.mybatis.spring.mapper.ClassPathMapperScanner : 44 ] - Skipping MapperFactoryBean with name 'purchaseMapper' and 'com.universe.marketing.purchase.mapper.PurchaseMapper' mapperInterface. Bean already defined with the same name!
2022-06-21 23:36:05.538 [ main ] - [ WARN  ] [ org.mybatis.spring.mapper.ClassPathMapperScanner : 44 ] - Skipping MapperFactoryBean with name 'purchaseSonMapper' and 'com.universe.marketing.purchase.mapper.PurchaseSonMapper' mapperInterface. Bean already defined with the same name!
2022-06-21 23:36:05.538 [ main ] - [ WARN  ] [ org.mybatis.spring.mapper.ClassPathMapperScanner : 44 ] - Skipping MapperFactoryBean with name 'purchaseSwapMapper' and 'com.universe.marketing.purchase.mapper.PurchaseSwapMapper' mapperInterface. Bean already defined with the same name!
2022-06-21 23:36:05.538 [ main ] - [ WARN  ] [ org.mybatis.spring.mapper.ClassPathMapperScanner : 44 ] - Skipping MapperFactoryBean with name 'productStoreMapper' and 'com.universe.marketing.store.mapper.ProductStoreMapper' mapperInterface. Bean already defined with the same name!
2022-06-21 23:36:05.538 [ main ] - [ WARN  ] [ org.mybatis.spring.mapper.ClassPathMapperScanner : 44 ] - No MyBatis mapper was found in '[com.universe.marketing.*.mapper]' package. Please check your configuration.
2022-06-21 23:39:57.321 [ main ] - [ WARN  ] [ org.mybatis.spring.mapper.ClassPathMapperScanner : 44 ] - No MyBatis mapper was found in '[com.mapper]' package. Please check your configuration.
2022-06-21 23:39:57.324 [ main ] - [ WARN  ] [ org.mybatis.spring.mapper.ClassPathMapperScanner : 44 ] - Skipping MapperFactoryBean with name 'userMapper' and 'com.universe.marketing.login.mapper.UserMapper' mapperInterface. Bean already defined with the same name!
2022-06-21 23:39:57.324 [ main ] - [ WARN  ] [ org.mybatis.spring.mapper.ClassPathMapperScanner : 44 ] - Skipping MapperFactoryBean with name 'productMapper' and 'com.universe.marketing.product.mapper.ProductMapper' mapperInterface. Bean already defined with the same name!
2022-06-21 23:39:57.324 [ main ] - [ WARN  ] [ org.mybatis.spring.mapper.ClassPathMapperScanner : 44 ] - Skipping MapperFactoryBean with name 'sortMapper' and 'com.universe.marketing.product.mapper.SortMapper' mapperInterface. Bean already defined with the same name!
2022-06-21 23:39:57.325 [ main ] - [ WARN  ] [ org.mybatis.spring.mapper.ClassPathMapperScanner : 44 ] - Skipping MapperFactoryBean with name 'purchaseMapper' and 'com.universe.marketing.purchase.mapper.PurchaseMapper' mapperInterface. Bean already defined with the same name!
2022-06-21 23:39:57.325 [ main ] - [ WARN  ] [ org.mybatis.spring.mapper.ClassPathMapperScanner : 44 ] - Skipping MapperFactoryBean with name 'purchaseSonMapper' and 'com.universe.marketing.purchase.mapper.PurchaseSonMapper' mapperInterface. Bean already defined with the same name!
2022-06-21 23:39:57.325 [ main ] - [ WARN  ] [ org.mybatis.spring.mapper.ClassPathMapperScanner : 44 ] - Skipping MapperFactoryBean with name 'purchaseSwapMapper' and 'com.universe.marketing.purchase.mapper.PurchaseSwapMapper' mapperInterface. Bean already defined with the same name!
2022-06-21 23:39:57.325 [ main ] - [ WARN  ] [ org.mybatis.spring.mapper.ClassPathMapperScanner : 44 ] - Skipping MapperFactoryBean with name 'productStoreMapper' and 'com.universe.marketing.store.mapper.ProductStoreMapper' mapperInterface. Bean already defined with the same name!
2022-06-21 23:39:57.325 [ main ] - [ WARN  ] [ org.mybatis.spring.mapper.ClassPathMapperScanner : 44 ] - No MyBatis mapper was found in '[com.universe.marketing.*.mapper]' package. Please check your configuration.
