2022-06-23 17:35:57.071 [ main ] - [ WARN  ] [ org.mybatis.spring.mapper.ClassPathMapperScanner : 44 ] - No MyBatis mapper was found in '[com.mapper]' package. Please check your configuration.
2022-06-23 17:35:57.074 [ main ] - [ WARN  ] [ org.mybatis.spring.mapper.ClassPathMapperScanner : 44 ] - Skipping MapperFactoryBean with name 'userMapper' and 'com.universe.marketing.login.mapper.UserMapper' mapperInterface. Bean already defined with the same name!
2022-06-23 17:35:57.074 [ main ] - [ WARN  ] [ org.mybatis.spring.mapper.ClassPathMapperScanner : 44 ] - Skipping MapperFactoryBean with name 'productMapper' and 'com.universe.marketing.product.mapper.ProductMapper' mapperInterface. Bean already defined with the same name!
2022-06-23 17:35:57.075 [ main ] - [ WARN  ] [ org.mybatis.spring.mapper.ClassPathMapperScanner : 44 ] - Skipping MapperFactoryBean with name 'sortMapper' and 'com.universe.marketing.product.mapper.SortMapper' mapperInterface. Bean already defined with the same name!
2022-06-23 17:35:57.075 [ main ] - [ WARN  ] [ org.mybatis.spring.mapper.ClassPathMapperScanner : 44 ] - Skipping MapperFactoryBean with name 'purchaseMapper' and 'com.universe.marketing.purchase.mapper.PurchaseMapper' mapperInterface. Bean already defined with the same name!
2022-06-23 17:35:57.075 [ main ] - [ WARN  ] [ org.mybatis.spring.mapper.ClassPathMapperScanner : 44 ] - Skipping MapperFactoryBean with name 'purchaseSonMapper' and 'com.universe.marketing.purchase.mapper.PurchaseSonMapper' mapperInterface. Bean already defined with the same name!
2022-06-23 17:35:57.075 [ main ] - [ WARN  ] [ org.mybatis.spring.mapper.ClassPathMapperScanner : 44 ] - Skipping MapperFactoryBean with name 'purchaseSwapMapper' and 'com.universe.marketing.purchase.mapper.PurchaseSwapMapper' mapperInterface. Bean already defined with the same name!
2022-06-23 17:35:57.075 [ main ] - [ WARN  ] [ org.mybatis.spring.mapper.ClassPathMapperScanner : 44 ] - Skipping MapperFactoryBean with name 'productStoreMapper' and 'com.universe.marketing.store.mapper.ProductStoreMapper' mapperInterface. Bean already defined with the same name!
2022-06-23 17:35:57.075 [ main ] - [ WARN  ] [ org.mybatis.spring.mapper.ClassPathMapperScanner : 44 ] - No MyBatis mapper was found in '[com.universe.marketing.*.mapper]' package. Please check your configuration.
2022-06-23 19:22:10.577 [ main ] - [ WARN  ] [ org.mybatis.spring.mapper.ClassPathMapperScanner : 44 ] - No MyBatis mapper was found in '[com.mapper]' package. Please check your configuration.
2022-06-23 19:22:10.579 [ main ] - [ WARN  ] [ org.mybatis.spring.mapper.ClassPathMapperScanner : 44 ] - Skipping MapperFactoryBean with name 'userMapper' and 'com.universe.marketing.login.mapper.UserMapper' mapperInterface. Bean already defined with the same name!
2022-06-23 19:22:10.579 [ main ] - [ WARN  ] [ org.mybatis.spring.mapper.ClassPathMapperScanner : 44 ] - Skipping MapperFactoryBean with name 'productMapper' and 'com.universe.marketing.product.mapper.ProductMapper' mapperInterface. Bean already defined with the same name!
2022-06-23 19:22:10.580 [ main ] - [ WARN  ] [ org.mybatis.spring.mapper.ClassPathMapperScanner : 44 ] - Skipping MapperFactoryBean with name 'sortMapper' and 'com.universe.marketing.product.mapper.SortMapper' mapperInterface. Bean already defined with the same name!
2022-06-23 19:22:10.580 [ main ] - [ WARN  ] [ org.mybatis.spring.mapper.ClassPathMapperScanner : 44 ] - Skipping MapperFactoryBean with name 'purchaseMapper' and 'com.universe.marketing.purchase.mapper.PurchaseMapper' mapperInterface. Bean already defined with the same name!
2022-06-23 19:22:10.580 [ main ] - [ WARN  ] [ org.mybatis.spring.mapper.ClassPathMapperScanner : 44 ] - Skipping MapperFactoryBean with name 'purchaseSonMapper' and 'com.universe.marketing.purchase.mapper.PurchaseSonMapper' mapperInterface. Bean already defined with the same name!
2022-06-23 19:22:10.580 [ main ] - [ WARN  ] [ org.mybatis.spring.mapper.ClassPathMapperScanner : 44 ] - Skipping MapperFactoryBean with name 'purchaseSwapMapper' and 'com.universe.marketing.purchase.mapper.PurchaseSwapMapper' mapperInterface. Bean already defined with the same name!
2022-06-23 19:22:10.581 [ main ] - [ WARN  ] [ org.mybatis.spring.mapper.ClassPathMapperScanner : 44 ] - Skipping MapperFactoryBean with name 'productStoreMapper' and 'com.universe.marketing.store.mapper.ProductStoreMapper' mapperInterface. Bean already defined with the same name!
2022-06-23 19:22:10.581 [ main ] - [ WARN  ] [ org.mybatis.spring.mapper.ClassPathMapperScanner : 44 ] - No MyBatis mapper was found in '[com.universe.marketing.*.mapper]' package. Please check your configuration.
2022-06-23 19:27:23.269 [ main ] - [ WARN  ] [ org.mybatis.spring.mapper.ClassPathMapperScanner : 44 ] - No MyBatis mapper was found in '[com.mapper]' package. Please check your configuration.
2022-06-23 19:27:23.271 [ main ] - [ WARN  ] [ org.mybatis.spring.mapper.ClassPathMapperScanner : 44 ] - Skipping MapperFactoryBean with name 'userMapper' and 'com.universe.marketing.login.mapper.UserMapper' mapperInterface. Bean already defined with the same name!
2022-06-23 19:27:23.271 [ main ] - [ WARN  ] [ org.mybatis.spring.mapper.ClassPathMapperScanner : 44 ] - Skipping MapperFactoryBean with name 'productMapper' and 'com.universe.marketing.product.mapper.ProductMapper' mapperInterface. Bean already defined with the same name!
2022-06-23 19:27:23.272 [ main ] - [ WARN  ] [ org.mybatis.spring.mapper.ClassPathMapperScanner : 44 ] - Skipping MapperFactoryBean with name 'sortMapper' and 'com.universe.marketing.product.mapper.SortMapper' mapperInterface. Bean already defined with the same name!
2022-06-23 19:27:23.272 [ main ] - [ WARN  ] [ org.mybatis.spring.mapper.ClassPathMapperScanner : 44 ] - Skipping MapperFactoryBean with name 'purchaseMapper' and 'com.universe.marketing.purchase.mapper.PurchaseMapper' mapperInterface. Bean already defined with the same name!
2022-06-23 19:27:23.272 [ main ] - [ WARN  ] [ org.mybatis.spring.mapper.ClassPathMapperScanner : 44 ] - Skipping MapperFactoryBean with name 'purchaseSonMapper' and 'com.universe.marketing.purchase.mapper.PurchaseSonMapper' mapperInterface. Bean already defined with the same name!
2022-06-23 19:27:23.272 [ main ] - [ WARN  ] [ org.mybatis.spring.mapper.ClassPathMapperScanner : 44 ] - Skipping MapperFactoryBean with name 'purchaseSwapMapper' and 'com.universe.marketing.purchase.mapper.PurchaseSwapMapper' mapperInterface. Bean already defined with the same name!
2022-06-23 19:27:23.272 [ main ] - [ WARN  ] [ org.mybatis.spring.mapper.ClassPathMapperScanner : 44 ] - Skipping MapperFactoryBean with name 'productStoreMapper' and 'com.universe.marketing.store.mapper.ProductStoreMapper' mapperInterface. Bean already defined with the same name!
2022-06-23 19:27:23.272 [ main ] - [ WARN  ] [ org.mybatis.spring.mapper.ClassPathMapperScanner : 44 ] - No MyBatis mapper was found in '[com.universe.marketing.*.mapper]' package. Please check your configuration.
2022-06-23 19:32:49.819 [ main ] - [ WARN  ] [ org.mybatis.spring.mapper.ClassPathMapperScanner : 44 ] - No MyBatis mapper was found in '[com.mapper]' package. Please check your configuration.
2022-06-23 19:32:49.819 [ main ] - [ WARN  ] [ org.mybatis.spring.mapper.ClassPathMapperScanner : 44 ] - Skipping MapperFactoryBean with name 'userMapper' and 'com.universe.marketing.login.mapper.UserMapper' mapperInterface. Bean already defined with the same name!
2022-06-23 19:32:49.819 [ main ] - [ WARN  ] [ org.mybatis.spring.mapper.ClassPathMapperScanner : 44 ] - Skipping MapperFactoryBean with name 'productMapper' and 'com.universe.marketing.product.mapper.ProductMapper' mapperInterface. Bean already defined with the same name!
2022-06-23 19:32:49.819 [ main ] - [ WARN  ] [ org.mybatis.spring.mapper.ClassPathMapperScanner : 44 ] - Skipping MapperFactoryBean with name 'sortMapper' and 'com.universe.marketing.product.mapper.SortMapper' mapperInterface. Bean already defined with the same name!
2022-06-23 19:32:49.819 [ main ] - [ WARN  ] [ org.mybatis.spring.mapper.ClassPathMapperScanner : 44 ] - Skipping MapperFactoryBean with name 'purchaseMapper' and 'com.universe.marketing.purchase.mapper.PurchaseMapper' mapperInterface. Bean already defined with the same name!
2022-06-23 19:32:49.819 [ main ] - [ WARN  ] [ org.mybatis.spring.mapper.ClassPathMapperScanner : 44 ] - Skipping MapperFactoryBean with name 'purchaseSonMapper' and 'com.universe.marketing.purchase.mapper.PurchaseSonMapper' mapperInterface. Bean already defined with the same name!
2022-06-23 19:32:49.819 [ main ] - [ WARN  ] [ org.mybatis.spring.mapper.ClassPathMapperScanner : 44 ] - Skipping MapperFactoryBean with name 'purchaseSwapMapper' and 'com.universe.marketing.purchase.mapper.PurchaseSwapMapper' mapperInterface. Bean already defined with the same name!
2022-06-23 19:32:49.819 [ main ] - [ WARN  ] [ org.mybatis.spring.mapper.ClassPathMapperScanner : 44 ] - Skipping MapperFactoryBean with name 'productStoreMapper' and 'com.universe.marketing.store.mapper.ProductStoreMapper' mapperInterface. Bean already defined with the same name!
2022-06-23 19:32:49.819 [ main ] - [ WARN  ] [ org.mybatis.spring.mapper.ClassPathMapperScanner : 44 ] - No MyBatis mapper was found in '[com.universe.marketing.*.mapper]' package. Please check your configuration.
2022-06-23 19:40:15.102 [ http-nio-8080-exec-7 ] - [ WARN  ] [ com.zaxxer.hikari.pool.PoolBase : 179 ] - HikariPool-1 - Failed to validate connection org.postgresql.jdbc.PgConnection@19365a63 (This connection has been closed.). Possibly consider using a shorter maxLifetime value.
2022-06-23 19:40:20.200 [ http-nio-8080-exec-7 ] - [ WARN  ] [ com.zaxxer.hikari.pool.PoolBase : 179 ] - HikariPool-1 - Failed to validate connection org.postgresql.jdbc.PgConnection@77752e6f (This connection has been closed.). Possibly consider using a shorter maxLifetime value.
2022-06-23 19:40:25.306 [ http-nio-8080-exec-7 ] - [ WARN  ] [ com.zaxxer.hikari.pool.PoolBase : 179 ] - HikariPool-1 - Failed to validate connection org.postgresql.jdbc.PgConnection@4e2c518 (This connection has been closed.). Possibly consider using a shorter maxLifetime value.
2022-06-23 19:40:30.432 [ http-nio-8080-exec-7 ] - [ WARN  ] [ com.zaxxer.hikari.pool.PoolBase : 179 ] - HikariPool-1 - Failed to validate connection org.postgresql.jdbc.PgConnection@4ad287db (This connection has been closed.). Possibly consider using a shorter maxLifetime value.
2022-06-23 19:40:35.541 [ http-nio-8080-exec-7 ] - [ WARN  ] [ com.zaxxer.hikari.pool.PoolBase : 179 ] - HikariPool-1 - Failed to validate connection org.postgresql.jdbc.PgConnection@5a357edd (This connection has been closed.). Possibly consider using a shorter maxLifetime value.
2022-06-23 19:40:40.645 [ http-nio-8080-exec-7 ] - [ WARN  ] [ com.zaxxer.hikari.pool.PoolBase : 179 ] - HikariPool-1 - Failed to validate connection org.postgresql.jdbc.PgConnection@4664a92b (This connection has been closed.). Possibly consider using a shorter maxLifetime value.
2022-06-23 19:44:16.124 [ main ] - [ WARN  ] [ org.mybatis.spring.mapper.ClassPathMapperScanner : 44 ] - No MyBatis mapper was found in '[com.mapper]' package. Please check your configuration.
2022-06-23 19:44:16.126 [ main ] - [ WARN  ] [ org.mybatis.spring.mapper.ClassPathMapperScanner : 44 ] - Skipping MapperFactoryBean with name 'userMapper' and 'com.universe.marketing.login.mapper.UserMapper' mapperInterface. Bean already defined with the same name!
2022-06-23 19:44:16.126 [ main ] - [ WARN  ] [ org.mybatis.spring.mapper.ClassPathMapperScanner : 44 ] - Skipping MapperFactoryBean with name 'productMapper' and 'com.universe.marketing.product.mapper.ProductMapper' mapperInterface. Bean already defined with the same name!
2022-06-23 19:44:16.126 [ main ] - [ WARN  ] [ org.mybatis.spring.mapper.ClassPathMapperScanner : 44 ] - Skipping MapperFactoryBean with name 'sortMapper' and 'com.universe.marketing.product.mapper.SortMapper' mapperInterface. Bean already defined with the same name!
2022-06-23 19:44:16.127 [ main ] - [ WARN  ] [ org.mybatis.spring.mapper.ClassPathMapperScanner : 44 ] - Skipping MapperFactoryBean with name 'purchaseMapper' and 'com.universe.marketing.purchase.mapper.PurchaseMapper' mapperInterface. Bean already defined with the same name!
2022-06-23 19:44:16.127 [ main ] - [ WARN  ] [ org.mybatis.spring.mapper.ClassPathMapperScanner : 44 ] - Skipping MapperFactoryBean with name 'purchaseSonMapper' and 'com.universe.marketing.purchase.mapper.PurchaseSonMapper' mapperInterface. Bean already defined with the same name!
2022-06-23 19:44:16.127 [ main ] - [ WARN  ] [ org.mybatis.spring.mapper.ClassPathMapperScanner : 44 ] - Skipping MapperFactoryBean with name 'purchaseSwapMapper' and 'com.universe.marketing.purchase.mapper.PurchaseSwapMapper' mapperInterface. Bean already defined with the same name!
2022-06-23 19:44:16.127 [ main ] - [ WARN  ] [ org.mybatis.spring.mapper.ClassPathMapperScanner : 44 ] - Skipping MapperFactoryBean with name 'productStoreMapper' and 'com.universe.marketing.store.mapper.ProductStoreMapper' mapperInterface. Bean already defined with the same name!
2022-06-23 19:44:16.127 [ main ] - [ WARN  ] [ org.mybatis.spring.mapper.ClassPathMapperScanner : 44 ] - No MyBatis mapper was found in '[com.universe.marketing.*.mapper]' package. Please check your configuration.
2022-06-23 19:45:14.698 [ main ] - [ WARN  ] [ org.mybatis.spring.mapper.ClassPathMapperScanner : 44 ] - No MyBatis mapper was found in '[com.mapper]' package. Please check your configuration.
2022-06-23 19:45:14.700 [ main ] - [ WARN  ] [ org.mybatis.spring.mapper.ClassPathMapperScanner : 44 ] - Skipping MapperFactoryBean with name 'userMapper' and 'com.universe.marketing.login.mapper.UserMapper' mapperInterface. Bean already defined with the same name!
2022-06-23 19:45:14.701 [ main ] - [ WARN  ] [ org.mybatis.spring.mapper.ClassPathMapperScanner : 44 ] - Skipping MapperFactoryBean with name 'productMapper' and 'com.universe.marketing.product.mapper.ProductMapper' mapperInterface. Bean already defined with the same name!
2022-06-23 19:45:14.701 [ main ] - [ WARN  ] [ org.mybatis.spring.mapper.ClassPathMapperScanner : 44 ] - Skipping MapperFactoryBean with name 'sortMapper' and 'com.universe.marketing.product.mapper.SortMapper' mapperInterface. Bean already defined with the same name!
2022-06-23 19:45:14.701 [ main ] - [ WARN  ] [ org.mybatis.spring.mapper.ClassPathMapperScanner : 44 ] - Skipping MapperFactoryBean with name 'purchaseMapper' and 'com.universe.marketing.purchase.mapper.PurchaseMapper' mapperInterface. Bean already defined with the same name!
2022-06-23 19:45:14.701 [ main ] - [ WARN  ] [ org.mybatis.spring.mapper.ClassPathMapperScanner : 44 ] - Skipping MapperFactoryBean with name 'purchaseSonMapper' and 'com.universe.marketing.purchase.mapper.PurchaseSonMapper' mapperInterface. Bean already defined with the same name!
2022-06-23 19:45:14.701 [ main ] - [ WARN  ] [ org.mybatis.spring.mapper.ClassPathMapperScanner : 44 ] - Skipping MapperFactoryBean with name 'purchaseSwapMapper' and 'com.universe.marketing.purchase.mapper.PurchaseSwapMapper' mapperInterface. Bean already defined with the same name!
2022-06-23 19:45:14.701 [ main ] - [ WARN  ] [ org.mybatis.spring.mapper.ClassPathMapperScanner : 44 ] - Skipping MapperFactoryBean with name 'productStoreMapper' and 'com.universe.marketing.store.mapper.ProductStoreMapper' mapperInterface. Bean already defined with the same name!
2022-06-23 19:45:14.701 [ main ] - [ WARN  ] [ org.mybatis.spring.mapper.ClassPathMapperScanner : 44 ] - No MyBatis mapper was found in '[com.universe.marketing.*.mapper]' package. Please check your configuration.
2022-06-23 19:58:35.740 [ http-nio-8080-exec-2 ] - [ WARN  ] [ com.zaxxer.hikari.pool.PoolBase : 179 ] - HikariPool-1 - Failed to validate connection org.postgresql.jdbc.PgConnection@5298aa89 (This connection has been closed.). Possibly consider using a shorter maxLifetime value.
2022-06-23 19:58:40.631 [ http-nio-8080-exec-2 ] - [ WARN  ] [ com.zaxxer.hikari.pool.PoolBase : 179 ] - HikariPool-1 - Failed to validate connection org.postgresql.jdbc.PgConnection@1409fca0 (This connection has been closed.). Possibly consider using a shorter maxLifetime value.
2022-06-23 19:58:43.373 [ http-nio-8080-exec-2 ] - [ WARN  ] [ o.s.w.s.m.m.a.ExceptionHandlerExceptionResolver : 414 ] - Failure in @ExceptionHandler com.universe.handler.AllExceptionHandler#doException(Exception)
java.lang.NullPointerException: null
	at org.springframework.web.util.UrlPathHelper.removeJsessionid(UrlPathHelper.java:542)
	at org.springframework.web.util.UrlPathHelper.removeSemicolonContent(UrlPathHelper.java:527)
	at org.springframework.web.util.UrlPathHelper.decodeAndCleanUriString(UrlPathHelper.java:460)
	at org.springframework.web.util.UrlPathHelper.getOriginatingRequestUri(UrlPathHelper.java:407)
	at org.springframework.web.servlet.mvc.method.annotation.AbstractMessageConverterMethodProcessor.addContentDispositionHeader(AbstractMessageConverterMethodProcessor.java:437)
	at org.springframework.web.servlet.mvc.method.annotation.AbstractMessageConverterMethodProcessor.writeWithMessageConverters(AbstractMessageConverterMethodProcessor.java:293)
	at org.springframework.web.servlet.mvc.method.annotation.RequestResponseBodyMethodProcessor.handleReturnValue(RequestResponseBodyMethodProcessor.java:181)
	at org.springframework.web.method.support.HandlerMethodReturnValueHandlerComposite.handleReturnValue(HandlerMethodReturnValueHandlerComposite.java:82)
	at org.springframework.web.servlet.mvc.method.annotation.ServletInvocableHandlerMethod.invokeAndHandle(ServletInvocableHandlerMethod.java:124)
	at org.springframework.web.servlet.mvc.method.annotation.ExceptionHandlerExceptionResolver.doResolveHandlerMethodException(ExceptionHandlerExceptionResolver.java:403)
	at org.springframework.web.servlet.handler.AbstractHandlerMethodExceptionResolver.doResolveException(AbstractHandlerMethodExceptionResolver.java:61)
	at org.springframework.web.servlet.handler.AbstractHandlerExceptionResolver.resolveException(AbstractHandlerExceptionResolver.java:141)
	at org.springframework.web.servlet.handler.HandlerExceptionResolverComposite.resolveException(HandlerExceptionResolverComposite.java:80)
	at org.springframework.web.servlet.DispatcherServlet.processHandlerException(DispatcherServlet.java:1300)
	at org.springframework.web.servlet.DispatcherServlet.processDispatchResult(DispatcherServlet.java:1111)
	at org.springframework.web.servlet.DispatcherServlet.doDispatch(DispatcherServlet.java:1057)
	at org.springframework.web.servlet.DispatcherServlet.doService(DispatcherServlet.java:943)
	at org.springframework.web.servlet.FrameworkServlet.processRequest(FrameworkServlet.java:1006)
	at org.springframework.web.servlet.FrameworkServlet.doPost(FrameworkServlet.java:909)
	at javax.servlet.http.HttpServlet.service(HttpServlet.java:660)
	at org.springframework.web.servlet.FrameworkServlet.service(FrameworkServlet.java:883)
	at javax.servlet.http.HttpServlet.service(HttpServlet.java:741)
	at org.apache.catalina.core.ApplicationFilterChain.internalDoFilter(ApplicationFilterChain.java:231)
	at org.apache.catalina.core.ApplicationFilterChain.doFilter(ApplicationFilterChain.java:166)
	at org.apache.tomcat.websocket.server.WsFilter.doFilter(WsFilter.java:53)
	at org.apache.catalina.core.ApplicationFilterChain.internalDoFilter(ApplicationFilterChain.java:193)
	at org.apache.catalina.core.ApplicationFilterChain.doFilter(ApplicationFilterChain.java:166)
	at org.springframework.web.filter.RequestContextFilter.doFilterInternal(RequestContextFilter.java:100)
	at org.springframework.web.filter.OncePerRequestFilter.doFilter(OncePerRequestFilter.java:119)
	at org.apache.catalina.core.ApplicationFilterChain.internalDoFilter(ApplicationFilterChain.java:193)
	at org.apache.catalina.core.ApplicationFilterChain.doFilter(ApplicationFilterChain.java:166)
	at org.springframework.web.filter.FormContentFilter.doFilterInternal(FormContentFilter.java:93)
	at org.springframework.web.filter.OncePerRequestFilter.doFilter(OncePerRequestFilter.java:119)
	at org.apache.catalina.core.ApplicationFilterChain.internalDoFilter(ApplicationFilterChain.java:193)
	at org.apache.catalina.core.ApplicationFilterChain.doFilter(ApplicationFilterChain.java:166)
	at org.springframework.web.filter.CharacterEncodingFilter.doFilterInternal(CharacterEncodingFilter.java:201)
	at org.springframework.web.filter.OncePerRequestFilter.doFilter(OncePerRequestFilter.java:119)
	at org.apache.catalina.core.ApplicationFilterChain.internalDoFilter(ApplicationFilterChain.java:193)
	at org.apache.catalina.core.ApplicationFilterChain.doFilter(ApplicationFilterChain.java:166)
	at org.apache.catalina.core.StandardWrapperValve.invoke(StandardWrapperValve.java:202)
	at org.apache.catalina.core.StandardContextValve.invoke(StandardContextValve.java:96)
	at org.apache.catalina.authenticator.AuthenticatorBase.invoke(AuthenticatorBase.java:526)
	at org.apache.catalina.core.StandardHostValve.invoke(StandardHostValve.java:139)
	at org.apache.catalina.valves.ErrorReportValve.invoke(ErrorReportValve.java:92)
	at org.apache.catalina.core.StandardEngineValve.invoke(StandardEngineValve.java:74)
	at org.apache.catalina.connector.CoyoteAdapter.service(CoyoteAdapter.java:343)
	at org.apache.coyote.http11.Http11Processor.service(Http11Processor.java:367)
	at org.apache.coyote.AbstractProcessorLight.process(AbstractProcessorLight.java:65)
	at org.apache.coyote.AbstractProtocol$ConnectionHandler.process(AbstractProtocol.java:860)
	at org.apache.tomcat.util.net.NioEndpoint$SocketProcessor.doRun(NioEndpoint.java:1591)
	at org.apache.tomcat.util.net.SocketProcessorBase.run(SocketProcessorBase.java:49)
	at java.util.concurrent.ThreadPoolExecutor.runWorker(ThreadPoolExecutor.java:1149)
	at java.util.concurrent.ThreadPoolExecutor$Worker.run(ThreadPoolExecutor.java:624)
	at org.apache.tomcat.util.threads.TaskThread$WrappingRunnable.run(TaskThread.java:61)
	at java.lang.Thread.run(Thread.java:748)
2022-06-23 19:58:51.503 [ main ] - [ WARN  ] [ org.mybatis.spring.mapper.ClassPathMapperScanner : 44 ] - No MyBatis mapper was found in '[com.mapper]' package. Please check your configuration.
2022-06-23 19:58:51.506 [ main ] - [ WARN  ] [ org.mybatis.spring.mapper.ClassPathMapperScanner : 44 ] - Skipping MapperFactoryBean with name 'userMapper' and 'com.universe.marketing.login.mapper.UserMapper' mapperInterface. Bean already defined with the same name!
2022-06-23 19:58:51.506 [ main ] - [ WARN  ] [ org.mybatis.spring.mapper.ClassPathMapperScanner : 44 ] - Skipping MapperFactoryBean with name 'productMapper' and 'com.universe.marketing.product.mapper.ProductMapper' mapperInterface. Bean already defined with the same name!
2022-06-23 19:58:51.506 [ main ] - [ WARN  ] [ org.mybatis.spring.mapper.ClassPathMapperScanner : 44 ] - Skipping MapperFactoryBean with name 'sortMapper' and 'com.universe.marketing.product.mapper.SortMapper' mapperInterface. Bean already defined with the same name!
2022-06-23 19:58:51.506 [ main ] - [ WARN  ] [ org.mybatis.spring.mapper.ClassPathMapperScanner : 44 ] - Skipping MapperFactoryBean with name 'purchaseMapper' and 'com.universe.marketing.purchase.mapper.PurchaseMapper' mapperInterface. Bean already defined with the same name!
2022-06-23 19:58:51.506 [ main ] - [ WARN  ] [ org.mybatis.spring.mapper.ClassPathMapperScanner : 44 ] - Skipping MapperFactoryBean with name 'purchaseSonMapper' and 'com.universe.marketing.purchase.mapper.PurchaseSonMapper' mapperInterface. Bean already defined with the same name!
2022-06-23 19:58:51.507 [ main ] - [ WARN  ] [ org.mybatis.spring.mapper.ClassPathMapperScanner : 44 ] - Skipping MapperFactoryBean with name 'purchaseSwapMapper' and 'com.universe.marketing.purchase.mapper.PurchaseSwapMapper' mapperInterface. Bean already defined with the same name!
2022-06-23 19:58:51.507 [ main ] - [ WARN  ] [ org.mybatis.spring.mapper.ClassPathMapperScanner : 44 ] - Skipping MapperFactoryBean with name 'productStoreMapper' and 'com.universe.marketing.store.mapper.ProductStoreMapper' mapperInterface. Bean already defined with the same name!
2022-06-23 19:58:51.507 [ main ] - [ WARN  ] [ org.mybatis.spring.mapper.ClassPathMapperScanner : 44 ] - No MyBatis mapper was found in '[com.universe.marketing.*.mapper]' package. Please check your configuration.
2022-06-23 20:06:56.235 [ main ] - [ WARN  ] [ org.mybatis.spring.mapper.ClassPathMapperScanner : 44 ] - No MyBatis mapper was found in '[com.mapper]' package. Please check your configuration.
2022-06-23 20:06:56.235 [ main ] - [ WARN  ] [ org.mybatis.spring.mapper.ClassPathMapperScanner : 44 ] - Skipping MapperFactoryBean with name 'userMapper' and 'com.universe.marketing.login.mapper.UserMapper' mapperInterface. Bean already defined with the same name!
2022-06-23 20:06:56.235 [ main ] - [ WARN  ] [ org.mybatis.spring.mapper.ClassPathMapperScanner : 44 ] - Skipping MapperFactoryBean with name 'productMapper' and 'com.universe.marketing.product.mapper.ProductMapper' mapperInterface. Bean already defined with the same name!
2022-06-23 20:06:56.235 [ main ] - [ WARN  ] [ org.mybatis.spring.mapper.ClassPathMapperScanner : 44 ] - Skipping MapperFactoryBean with name 'sortMapper' and 'com.universe.marketing.product.mapper.SortMapper' mapperInterface. Bean already defined with the same name!
2022-06-23 20:06:56.235 [ main ] - [ WARN  ] [ org.mybatis.spring.mapper.ClassPathMapperScanner : 44 ] - Skipping MapperFactoryBean with name 'purchaseMapper' and 'com.universe.marketing.purchase.mapper.PurchaseMapper' mapperInterface. Bean already defined with the same name!
2022-06-23 20:06:56.235 [ main ] - [ WARN  ] [ org.mybatis.spring.mapper.ClassPathMapperScanner : 44 ] - Skipping MapperFactoryBean with name 'purchaseSonMapper' and 'com.universe.marketing.purchase.mapper.PurchaseSonMapper' mapperInterface. Bean already defined with the same name!
2022-06-23 20:06:56.235 [ main ] - [ WARN  ] [ org.mybatis.spring.mapper.ClassPathMapperScanner : 44 ] - Skipping MapperFactoryBean with name 'purchaseSwapMapper' and 'com.universe.marketing.purchase.mapper.PurchaseSwapMapper' mapperInterface. Bean already defined with the same name!
2022-06-23 20:06:56.235 [ main ] - [ WARN  ] [ org.mybatis.spring.mapper.ClassPathMapperScanner : 44 ] - Skipping MapperFactoryBean with name 'productStoreMapper' and 'com.universe.marketing.store.mapper.ProductStoreMapper' mapperInterface. Bean already defined with the same name!
2022-06-23 20:06:56.235 [ main ] - [ WARN  ] [ org.mybatis.spring.mapper.ClassPathMapperScanner : 44 ] - No MyBatis mapper was found in '[com.universe.marketing.*.mapper]' package. Please check your configuration.
2022-06-23 20:10:45.405 [ main ] - [ WARN  ] [ org.mybatis.spring.mapper.ClassPathMapperScanner : 44 ] - No MyBatis mapper was found in '[com.mapper]' package. Please check your configuration.
2022-06-23 20:10:45.405 [ main ] - [ WARN  ] [ org.mybatis.spring.mapper.ClassPathMapperScanner : 44 ] - Skipping MapperFactoryBean with name 'userMapper' and 'com.universe.marketing.login.mapper.UserMapper' mapperInterface. Bean already defined with the same name!
2022-06-23 20:10:45.405 [ main ] - [ WARN  ] [ org.mybatis.spring.mapper.ClassPathMapperScanner : 44 ] - Skipping MapperFactoryBean with name 'productMapper' and 'com.universe.marketing.product.mapper.ProductMapper' mapperInterface. Bean already defined with the same name!
2022-06-23 20:10:45.405 [ main ] - [ WARN  ] [ org.mybatis.spring.mapper.ClassPathMapperScanner : 44 ] - Skipping MapperFactoryBean with name 'sortMapper' and 'com.universe.marketing.product.mapper.SortMapper' mapperInterface. Bean already defined with the same name!
2022-06-23 20:10:45.405 [ main ] - [ WARN  ] [ org.mybatis.spring.mapper.ClassPathMapperScanner : 44 ] - Skipping MapperFactoryBean with name 'purchaseMapper' and 'com.universe.marketing.purchase.mapper.PurchaseMapper' mapperInterface. Bean already defined with the same name!
2022-06-23 20:10:45.405 [ main ] - [ WARN  ] [ org.mybatis.spring.mapper.ClassPathMapperScanner : 44 ] - Skipping MapperFactoryBean with name 'purchaseSonMapper' and 'com.universe.marketing.purchase.mapper.PurchaseSonMapper' mapperInterface. Bean already defined with the same name!
2022-06-23 20:10:45.405 [ main ] - [ WARN  ] [ org.mybatis.spring.mapper.ClassPathMapperScanner : 44 ] - Skipping MapperFactoryBean with name 'purchaseSwapMapper' and 'com.universe.marketing.purchase.mapper.PurchaseSwapMapper' mapperInterface. Bean already defined with the same name!
2022-06-23 20:10:45.405 [ main ] - [ WARN  ] [ org.mybatis.spring.mapper.ClassPathMapperScanner : 44 ] - Skipping MapperFactoryBean with name 'productStoreMapper' and 'com.universe.marketing.store.mapper.ProductStoreMapper' mapperInterface. Bean already defined with the same name!
2022-06-23 20:10:45.405 [ main ] - [ WARN  ] [ org.mybatis.spring.mapper.ClassPathMapperScanner : 44 ] - No MyBatis mapper was found in '[com.universe.marketing.*.mapper]' package. Please check your configuration.
2022-06-23 20:15:33.342 [ http-nio-8080-exec-10 ] - [ WARN  ] [ com.zaxxer.hikari.pool.PoolBase : 179 ] - HikariPool-1 - Failed to validate connection org.postgresql.jdbc.PgConnection@76c48890 (This connection has been closed.). Possibly consider using a shorter maxLifetime value.
2022-06-23 20:15:39.485 [ http-nio-8080-exec-10 ] - [ WARN  ] [ com.zaxxer.hikari.pool.PoolBase : 179 ] - HikariPool-1 - Failed to validate connection org.postgresql.jdbc.PgConnection@564a9743 (This connection has been closed.). Possibly consider using a shorter maxLifetime value.
2022-06-23 20:15:44.587 [ http-nio-8080-exec-10 ] - [ WARN  ] [ com.zaxxer.hikari.pool.PoolBase : 179 ] - HikariPool-1 - Failed to validate connection org.postgresql.jdbc.PgConnection@57292925 (This connection has been closed.). Possibly consider using a shorter maxLifetime value.
2022-06-23 20:15:46.766 [ http-nio-8080-exec-10 ] - [ WARN  ] [ com.zaxxer.hikari.pool.PoolBase : 179 ] - HikariPool-1 - Failed to validate connection org.postgresql.jdbc.PgConnection@247974ea (This connection has been closed.). Possibly consider using a shorter maxLifetime value.
2022-06-23 20:15:49.454 [ http-nio-8080-exec-10 ] - [ WARN  ] [ o.s.w.s.m.m.a.ExceptionHandlerExceptionResolver : 414 ] - Failure in @ExceptionHandler com.universe.handler.AllExceptionHandler#doException(Exception)
java.lang.NullPointerException: null
	at org.springframework.web.util.UrlPathHelper.removeJsessionid(UrlPathHelper.java:542)
	at org.springframework.web.util.UrlPathHelper.removeSemicolonContent(UrlPathHelper.java:527)
	at org.springframework.web.util.UrlPathHelper.decodeAndCleanUriString(UrlPathHelper.java:460)
	at org.springframework.web.util.UrlPathHelper.getOriginatingRequestUri(UrlPathHelper.java:407)
	at org.springframework.web.servlet.mvc.method.annotation.AbstractMessageConverterMethodProcessor.addContentDispositionHeader(AbstractMessageConverterMethodProcessor.java:437)
	at org.springframework.web.servlet.mvc.method.annotation.AbstractMessageConverterMethodProcessor.writeWithMessageConverters(AbstractMessageConverterMethodProcessor.java:293)
	at org.springframework.web.servlet.mvc.method.annotation.RequestResponseBodyMethodProcessor.handleReturnValue(RequestResponseBodyMethodProcessor.java:181)
	at org.springframework.web.method.support.HandlerMethodReturnValueHandlerComposite.handleReturnValue(HandlerMethodReturnValueHandlerComposite.java:82)
	at org.springframework.web.servlet.mvc.method.annotation.ServletInvocableHandlerMethod.invokeAndHandle(ServletInvocableHandlerMethod.java:124)
	at org.springframework.web.servlet.mvc.method.annotation.ExceptionHandlerExceptionResolver.doResolveHandlerMethodException(ExceptionHandlerExceptionResolver.java:403)
	at org.springframework.web.servlet.handler.AbstractHandlerMethodExceptionResolver.doResolveException(AbstractHandlerMethodExceptionResolver.java:61)
	at org.springframework.web.servlet.handler.AbstractHandlerExceptionResolver.resolveException(AbstractHandlerExceptionResolver.java:141)
	at org.springframework.web.servlet.handler.HandlerExceptionResolverComposite.resolveException(HandlerExceptionResolverComposite.java:80)
	at org.springframework.web.servlet.DispatcherServlet.processHandlerException(DispatcherServlet.java:1300)
	at org.springframework.web.servlet.DispatcherServlet.processDispatchResult(DispatcherServlet.java:1111)
	at org.springframework.web.servlet.DispatcherServlet.doDispatch(DispatcherServlet.java:1057)
	at org.springframework.web.servlet.DispatcherServlet.doService(DispatcherServlet.java:943)
	at org.springframework.web.servlet.FrameworkServlet.processRequest(FrameworkServlet.java:1006)
	at org.springframework.web.servlet.FrameworkServlet.doPost(FrameworkServlet.java:909)
	at javax.servlet.http.HttpServlet.service(HttpServlet.java:660)
	at org.springframework.web.servlet.FrameworkServlet.service(FrameworkServlet.java:883)
	at javax.servlet.http.HttpServlet.service(HttpServlet.java:741)
	at org.apache.catalina.core.ApplicationFilterChain.internalDoFilter(ApplicationFilterChain.java:231)
	at org.apache.catalina.core.ApplicationFilterChain.doFilter(ApplicationFilterChain.java:166)
	at org.apache.tomcat.websocket.server.WsFilter.doFilter(WsFilter.java:53)
	at org.apache.catalina.core.ApplicationFilterChain.internalDoFilter(ApplicationFilterChain.java:193)
	at org.apache.catalina.core.ApplicationFilterChain.doFilter(ApplicationFilterChain.java:166)
	at org.springframework.web.filter.RequestContextFilter.doFilterInternal(RequestContextFilter.java:100)
	at org.springframework.web.filter.OncePerRequestFilter.doFilter(OncePerRequestFilter.java:119)
	at org.apache.catalina.core.ApplicationFilterChain.internalDoFilter(ApplicationFilterChain.java:193)
	at org.apache.catalina.core.ApplicationFilterChain.doFilter(ApplicationFilterChain.java:166)
	at org.springframework.web.filter.FormContentFilter.doFilterInternal(FormContentFilter.java:93)
	at org.springframework.web.filter.OncePerRequestFilter.doFilter(OncePerRequestFilter.java:119)
	at org.apache.catalina.core.ApplicationFilterChain.internalDoFilter(ApplicationFilterChain.java:193)
	at org.apache.catalina.core.ApplicationFilterChain.doFilter(ApplicationFilterChain.java:166)
	at org.springframework.web.filter.CharacterEncodingFilter.doFilterInternal(CharacterEncodingFilter.java:201)
	at org.springframework.web.filter.OncePerRequestFilter.doFilter(OncePerRequestFilter.java:119)
	at org.apache.catalina.core.ApplicationFilterChain.internalDoFilter(ApplicationFilterChain.java:193)
	at org.apache.catalina.core.ApplicationFilterChain.doFilter(ApplicationFilterChain.java:166)
	at org.apache.catalina.core.StandardWrapperValve.invoke(StandardWrapperValve.java:202)
	at org.apache.catalina.core.StandardContextValve.invoke(StandardContextValve.java:96)
	at org.apache.catalina.authenticator.AuthenticatorBase.invoke(AuthenticatorBase.java:526)
	at org.apache.catalina.core.StandardHostValve.invoke(StandardHostValve.java:139)
	at org.apache.catalina.valves.ErrorReportValve.invoke(ErrorReportValve.java:92)
	at org.apache.catalina.core.StandardEngineValve.invoke(StandardEngineValve.java:74)
	at org.apache.catalina.connector.CoyoteAdapter.service(CoyoteAdapter.java:343)
	at org.apache.coyote.http11.Http11Processor.service(Http11Processor.java:367)
	at org.apache.coyote.AbstractProcessorLight.process(AbstractProcessorLight.java:65)
	at org.apache.coyote.AbstractProtocol$ConnectionHandler.process(AbstractProtocol.java:860)
	at org.apache.tomcat.util.net.NioEndpoint$SocketProcessor.doRun(NioEndpoint.java:1591)
	at org.apache.tomcat.util.net.SocketProcessorBase.run(SocketProcessorBase.java:49)
	at java.util.concurrent.ThreadPoolExecutor.runWorker(ThreadPoolExecutor.java:1149)
	at java.util.concurrent.ThreadPoolExecutor$Worker.run(ThreadPoolExecutor.java:624)
	at org.apache.tomcat.util.threads.TaskThread$WrappingRunnable.run(TaskThread.java:61)
	at java.lang.Thread.run(Thread.java:748)
2022-06-23 20:15:54.477 [ main ] - [ WARN  ] [ org.mybatis.spring.mapper.ClassPathMapperScanner : 44 ] - No MyBatis mapper was found in '[com.mapper]' package. Please check your configuration.
2022-06-23 20:15:54.479 [ main ] - [ WARN  ] [ org.mybatis.spring.mapper.ClassPathMapperScanner : 44 ] - Skipping MapperFactoryBean with name 'userMapper' and 'com.universe.marketing.login.mapper.UserMapper' mapperInterface. Bean already defined with the same name!
2022-06-23 20:15:54.480 [ main ] - [ WARN  ] [ org.mybatis.spring.mapper.ClassPathMapperScanner : 44 ] - Skipping MapperFactoryBean with name 'productMapper' and 'com.universe.marketing.product.mapper.ProductMapper' mapperInterface. Bean already defined with the same name!
2022-06-23 20:15:54.518 [ main ] - [ WARN  ] [ org.mybatis.spring.mapper.ClassPathMapperScanner : 44 ] - Skipping MapperFactoryBean with name 'sortMapper' and 'com.universe.marketing.product.mapper.SortMapper' mapperInterface. Bean already defined with the same name!
2022-06-23 20:15:54.518 [ main ] - [ WARN  ] [ org.mybatis.spring.mapper.ClassPathMapperScanner : 44 ] - Skipping MapperFactoryBean with name 'purchaseMapper' and 'com.universe.marketing.purchase.mapper.PurchaseMapper' mapperInterface. Bean already defined with the same name!
2022-06-23 20:15:54.518 [ main ] - [ WARN  ] [ org.mybatis.spring.mapper.ClassPathMapperScanner : 44 ] - Skipping MapperFactoryBean with name 'purchaseSonMapper' and 'com.universe.marketing.purchase.mapper.PurchaseSonMapper' mapperInterface. Bean already defined with the same name!
2022-06-23 20:15:54.518 [ main ] - [ WARN  ] [ org.mybatis.spring.mapper.ClassPathMapperScanner : 44 ] - Skipping MapperFactoryBean with name 'purchaseSwapMapper' and 'com.universe.marketing.purchase.mapper.PurchaseSwapMapper' mapperInterface. Bean already defined with the same name!
2022-06-23 20:15:54.521 [ main ] - [ WARN  ] [ org.mybatis.spring.mapper.ClassPathMapperScanner : 44 ] - Skipping MapperFactoryBean with name 'productStoreMapper' and 'com.universe.marketing.store.mapper.ProductStoreMapper' mapperInterface. Bean already defined with the same name!
2022-06-23 20:15:54.521 [ main ] - [ WARN  ] [ org.mybatis.spring.mapper.ClassPathMapperScanner : 44 ] - No MyBatis mapper was found in '[com.universe.marketing.*.mapper]' package. Please check your configuration.
2022-06-23 20:16:37.804 [ main ] - [ WARN  ] [ org.mybatis.spring.mapper.ClassPathMapperScanner : 44 ] - No MyBatis mapper was found in '[com.mapper]' package. Please check your configuration.
2022-06-23 20:16:37.808 [ main ] - [ WARN  ] [ org.mybatis.spring.mapper.ClassPathMapperScanner : 44 ] - Skipping MapperFactoryBean with name 'userMapper' and 'com.universe.marketing.login.mapper.UserMapper' mapperInterface. Bean already defined with the same name!
2022-06-23 20:16:37.808 [ main ] - [ WARN  ] [ org.mybatis.spring.mapper.ClassPathMapperScanner : 44 ] - Skipping MapperFactoryBean with name 'productMapper' and 'com.universe.marketing.product.mapper.ProductMapper' mapperInterface. Bean already defined with the same name!
2022-06-23 20:16:37.808 [ main ] - [ WARN  ] [ org.mybatis.spring.mapper.ClassPathMapperScanner : 44 ] - Skipping MapperFactoryBean with name 'sortMapper' and 'com.universe.marketing.product.mapper.SortMapper' mapperInterface. Bean already defined with the same name!
2022-06-23 20:16:37.808 [ main ] - [ WARN  ] [ org.mybatis.spring.mapper.ClassPathMapperScanner : 44 ] - Skipping MapperFactoryBean with name 'purchaseMapper' and 'com.universe.marketing.purchase.mapper.PurchaseMapper' mapperInterface. Bean already defined with the same name!
2022-06-23 20:16:37.808 [ main ] - [ WARN  ] [ org.mybatis.spring.mapper.ClassPathMapperScanner : 44 ] - Skipping MapperFactoryBean with name 'purchaseSonMapper' and 'com.universe.marketing.purchase.mapper.PurchaseSonMapper' mapperInterface. Bean already defined with the same name!
2022-06-23 20:16:37.809 [ main ] - [ WARN  ] [ org.mybatis.spring.mapper.ClassPathMapperScanner : 44 ] - Skipping MapperFactoryBean with name 'purchaseSwapMapper' and 'com.universe.marketing.purchase.mapper.PurchaseSwapMapper' mapperInterface. Bean already defined with the same name!
2022-06-23 20:16:37.809 [ main ] - [ WARN  ] [ org.mybatis.spring.mapper.ClassPathMapperScanner : 44 ] - Skipping MapperFactoryBean with name 'productStoreMapper' and 'com.universe.marketing.store.mapper.ProductStoreMapper' mapperInterface. Bean already defined with the same name!
2022-06-23 20:16:37.809 [ main ] - [ WARN  ] [ org.mybatis.spring.mapper.ClassPathMapperScanner : 44 ] - No MyBatis mapper was found in '[com.universe.marketing.*.mapper]' package. Please check your configuration.
2022-06-23 20:17:19.176 [ main ] - [ WARN  ] [ org.mybatis.spring.mapper.ClassPathMapperScanner : 44 ] - No MyBatis mapper was found in '[com.mapper]' package. Please check your configuration.
2022-06-23 20:17:19.180 [ main ] - [ WARN  ] [ org.mybatis.spring.mapper.ClassPathMapperScanner : 44 ] - Skipping MapperFactoryBean with name 'userMapper' and 'com.universe.marketing.login.mapper.UserMapper' mapperInterface. Bean already defined with the same name!
2022-06-23 20:17:19.180 [ main ] - [ WARN  ] [ org.mybatis.spring.mapper.ClassPathMapperScanner : 44 ] - Skipping MapperFactoryBean with name 'productMapper' and 'com.universe.marketing.product.mapper.ProductMapper' mapperInterface. Bean already defined with the same name!
2022-06-23 20:17:19.180 [ main ] - [ WARN  ] [ org.mybatis.spring.mapper.ClassPathMapperScanner : 44 ] - Skipping MapperFactoryBean with name 'sortMapper' and 'com.universe.marketing.product.mapper.SortMapper' mapperInterface. Bean already defined with the same name!
2022-06-23 20:17:19.180 [ main ] - [ WARN  ] [ org.mybatis.spring.mapper.ClassPathMapperScanner : 44 ] - Skipping MapperFactoryBean with name 'purchaseMapper' and 'com.universe.marketing.purchase.mapper.PurchaseMapper' mapperInterface. Bean already defined with the same name!
2022-06-23 20:17:19.180 [ main ] - [ WARN  ] [ org.mybatis.spring.mapper.ClassPathMapperScanner : 44 ] - Skipping MapperFactoryBean with name 'purchaseSonMapper' and 'com.universe.marketing.purchase.mapper.PurchaseSonMapper' mapperInterface. Bean already defined with the same name!
2022-06-23 20:17:19.180 [ main ] - [ WARN  ] [ org.mybatis.spring.mapper.ClassPathMapperScanner : 44 ] - Skipping MapperFactoryBean with name 'purchaseSwapMapper' and 'com.universe.marketing.purchase.mapper.PurchaseSwapMapper' mapperInterface. Bean already defined with the same name!
2022-06-23 20:17:19.180 [ main ] - [ WARN  ] [ org.mybatis.spring.mapper.ClassPathMapperScanner : 44 ] - Skipping MapperFactoryBean with name 'productStoreMapper' and 'com.universe.marketing.store.mapper.ProductStoreMapper' mapperInterface. Bean already defined with the same name!
2022-06-23 20:17:19.181 [ main ] - [ WARN  ] [ org.mybatis.spring.mapper.ClassPathMapperScanner : 44 ] - No MyBatis mapper was found in '[com.universe.marketing.*.mapper]' package. Please check your configuration.
2022-06-23 20:21:49.445 [ main ] - [ WARN  ] [ org.mybatis.spring.mapper.ClassPathMapperScanner : 44 ] - No MyBatis mapper was found in '[com.mapper]' package. Please check your configuration.
2022-06-23 20:21:49.451 [ main ] - [ WARN  ] [ org.mybatis.spring.mapper.ClassPathMapperScanner : 44 ] - Skipping MapperFactoryBean with name 'userMapper' and 'com.universe.marketing.login.mapper.UserMapper' mapperInterface. Bean already defined with the same name!
2022-06-23 20:21:49.451 [ main ] - [ WARN  ] [ org.mybatis.spring.mapper.ClassPathMapperScanner : 44 ] - Skipping MapperFactoryBean with name 'productMapper' and 'com.universe.marketing.product.mapper.ProductMapper' mapperInterface. Bean already defined with the same name!
2022-06-23 20:21:49.451 [ main ] - [ WARN  ] [ org.mybatis.spring.mapper.ClassPathMapperScanner : 44 ] - Skipping MapperFactoryBean with name 'sortMapper' and 'com.universe.marketing.product.mapper.SortMapper' mapperInterface. Bean already defined with the same name!
2022-06-23 20:21:49.451 [ main ] - [ WARN  ] [ org.mybatis.spring.mapper.ClassPathMapperScanner : 44 ] - Skipping MapperFactoryBean with name 'purchaseMapper' and 'com.universe.marketing.purchase.mapper.PurchaseMapper' mapperInterface. Bean already defined with the same name!
2022-06-23 20:21:49.451 [ main ] - [ WARN  ] [ org.mybatis.spring.mapper.ClassPathMapperScanner : 44 ] - Skipping MapperFactoryBean with name 'purchaseSonMapper' and 'com.universe.marketing.purchase.mapper.PurchaseSonMapper' mapperInterface. Bean already defined with the same name!
2022-06-23 20:21:49.451 [ main ] - [ WARN  ] [ org.mybatis.spring.mapper.ClassPathMapperScanner : 44 ] - Skipping MapperFactoryBean with name 'purchaseSwapMapper' and 'com.universe.marketing.purchase.mapper.PurchaseSwapMapper' mapperInterface. Bean already defined with the same name!
2022-06-23 20:21:49.451 [ main ] - [ WARN  ] [ org.mybatis.spring.mapper.ClassPathMapperScanner : 44 ] - Skipping MapperFactoryBean with name 'productStoreMapper' and 'com.universe.marketing.store.mapper.ProductStoreMapper' mapperInterface. Bean already defined with the same name!
2022-06-23 20:21:49.451 [ main ] - [ WARN  ] [ org.mybatis.spring.mapper.ClassPathMapperScanner : 44 ] - No MyBatis mapper was found in '[com.universe.marketing.*.mapper]' package. Please check your configuration.
2022-06-23 20:23:10.797 [ main ] - [ WARN  ] [ org.mybatis.spring.mapper.ClassPathMapperScanner : 44 ] - No MyBatis mapper was found in '[com.mapper]' package. Please check your configuration.
2022-06-23 20:23:10.799 [ main ] - [ WARN  ] [ org.mybatis.spring.mapper.ClassPathMapperScanner : 44 ] - Skipping MapperFactoryBean with name 'userMapper' and 'com.universe.marketing.login.mapper.UserMapper' mapperInterface. Bean already defined with the same name!
2022-06-23 20:23:10.800 [ main ] - [ WARN  ] [ org.mybatis.spring.mapper.ClassPathMapperScanner : 44 ] - Skipping MapperFactoryBean with name 'productMapper' and 'com.universe.marketing.product.mapper.ProductMapper' mapperInterface. Bean already defined with the same name!
2022-06-23 20:23:10.800 [ main ] - [ WARN  ] [ org.mybatis.spring.mapper.ClassPathMapperScanner : 44 ] - Skipping MapperFactoryBean with name 'sortMapper' and 'com.universe.marketing.product.mapper.SortMapper' mapperInterface. Bean already defined with the same name!
2022-06-23 20:23:10.800 [ main ] - [ WARN  ] [ org.mybatis.spring.mapper.ClassPathMapperScanner : 44 ] - Skipping MapperFactoryBean with name 'purchaseMapper' and 'com.universe.marketing.purchase.mapper.PurchaseMapper' mapperInterface. Bean already defined with the same name!
2022-06-23 20:23:10.800 [ main ] - [ WARN  ] [ org.mybatis.spring.mapper.ClassPathMapperScanner : 44 ] - Skipping MapperFactoryBean with name 'purchaseSonMapper' and 'com.universe.marketing.purchase.mapper.PurchaseSonMapper' mapperInterface. Bean already defined with the same name!
2022-06-23 20:23:10.800 [ main ] - [ WARN  ] [ org.mybatis.spring.mapper.ClassPathMapperScanner : 44 ] - Skipping MapperFactoryBean with name 'purchaseSwapMapper' and 'com.universe.marketing.purchase.mapper.PurchaseSwapMapper' mapperInterface. Bean already defined with the same name!
2022-06-23 20:23:10.800 [ main ] - [ WARN  ] [ org.mybatis.spring.mapper.ClassPathMapperScanner : 44 ] - Skipping MapperFactoryBean with name 'productStoreMapper' and 'com.universe.marketing.store.mapper.ProductStoreMapper' mapperInterface. Bean already defined with the same name!
2022-06-23 20:23:10.800 [ main ] - [ WARN  ] [ org.mybatis.spring.mapper.ClassPathMapperScanner : 44 ] - No MyBatis mapper was found in '[com.universe.marketing.*.mapper]' package. Please check your configuration.
2022-06-23 20:23:47.197 [ main ] - [ WARN  ] [ org.mybatis.spring.mapper.ClassPathMapperScanner : 44 ] - No MyBatis mapper was found in '[com.mapper]' package. Please check your configuration.
2022-06-23 20:23:47.206 [ main ] - [ WARN  ] [ org.mybatis.spring.mapper.ClassPathMapperScanner : 44 ] - Skipping MapperFactoryBean with name 'userMapper' and 'com.universe.marketing.login.mapper.UserMapper' mapperInterface. Bean already defined with the same name!
2022-06-23 20:23:47.206 [ main ] - [ WARN  ] [ org.mybatis.spring.mapper.ClassPathMapperScanner : 44 ] - Skipping MapperFactoryBean with name 'productMapper' and 'com.universe.marketing.product.mapper.ProductMapper' mapperInterface. Bean already defined with the same name!
2022-06-23 20:23:47.206 [ main ] - [ WARN  ] [ org.mybatis.spring.mapper.ClassPathMapperScanner : 44 ] - Skipping MapperFactoryBean with name 'sortMapper' and 'com.universe.marketing.product.mapper.SortMapper' mapperInterface. Bean already defined with the same name!
2022-06-23 20:23:47.206 [ main ] - [ WARN  ] [ org.mybatis.spring.mapper.ClassPathMapperScanner : 44 ] - Skipping MapperFactoryBean with name 'purchaseMapper' and 'com.universe.marketing.purchase.mapper.PurchaseMapper' mapperInterface. Bean already defined with the same name!
2022-06-23 20:23:47.206 [ main ] - [ WARN  ] [ org.mybatis.spring.mapper.ClassPathMapperScanner : 44 ] - Skipping MapperFactoryBean with name 'purchaseSonMapper' and 'com.universe.marketing.purchase.mapper.PurchaseSonMapper' mapperInterface. Bean already defined with the same name!
2022-06-23 20:23:47.206 [ main ] - [ WARN  ] [ org.mybatis.spring.mapper.ClassPathMapperScanner : 44 ] - Skipping MapperFactoryBean with name 'purchaseSwapMapper' and 'com.universe.marketing.purchase.mapper.PurchaseSwapMapper' mapperInterface. Bean already defined with the same name!
2022-06-23 20:23:47.206 [ main ] - [ WARN  ] [ org.mybatis.spring.mapper.ClassPathMapperScanner : 44 ] - Skipping MapperFactoryBean with name 'productStoreMapper' and 'com.universe.marketing.store.mapper.ProductStoreMapper' mapperInterface. Bean already defined with the same name!
2022-06-23 20:23:47.206 [ main ] - [ WARN  ] [ org.mybatis.spring.mapper.ClassPathMapperScanner : 44 ] - No MyBatis mapper was found in '[com.universe.marketing.*.mapper]' package. Please check your configuration.
2022-06-23 20:24:45.929 [ main ] - [ WARN  ] [ org.mybatis.spring.mapper.ClassPathMapperScanner : 44 ] - No MyBatis mapper was found in '[com.mapper]' package. Please check your configuration.
2022-06-23 20:24:45.931 [ main ] - [ WARN  ] [ org.mybatis.spring.mapper.ClassPathMapperScanner : 44 ] - Skipping MapperFactoryBean with name 'userMapper' and 'com.universe.marketing.login.mapper.UserMapper' mapperInterface. Bean already defined with the same name!
2022-06-23 20:24:45.932 [ main ] - [ WARN  ] [ org.mybatis.spring.mapper.ClassPathMapperScanner : 44 ] - Skipping MapperFactoryBean with name 'productMapper' and 'com.universe.marketing.product.mapper.ProductMapper' mapperInterface. Bean already defined with the same name!
2022-06-23 20:24:45.932 [ main ] - [ WARN  ] [ org.mybatis.spring.mapper.ClassPathMapperScanner : 44 ] - Skipping MapperFactoryBean with name 'sortMapper' and 'com.universe.marketing.product.mapper.SortMapper' mapperInterface. Bean already defined with the same name!
2022-06-23 20:24:45.932 [ main ] - [ WARN  ] [ org.mybatis.spring.mapper.ClassPathMapperScanner : 44 ] - Skipping MapperFactoryBean with name 'purchaseMapper' and 'com.universe.marketing.purchase.mapper.PurchaseMapper' mapperInterface. Bean already defined with the same name!
2022-06-23 20:24:45.932 [ main ] - [ WARN  ] [ org.mybatis.spring.mapper.ClassPathMapperScanner : 44 ] - Skipping MapperFactoryBean with name 'purchaseSonMapper' and 'com.universe.marketing.purchase.mapper.PurchaseSonMapper' mapperInterface. Bean already defined with the same name!
2022-06-23 20:24:45.932 [ main ] - [ WARN  ] [ org.mybatis.spring.mapper.ClassPathMapperScanner : 44 ] - Skipping MapperFactoryBean with name 'purchaseSwapMapper' and 'com.universe.marketing.purchase.mapper.PurchaseSwapMapper' mapperInterface. Bean already defined with the same name!
2022-06-23 20:24:45.932 [ main ] - [ WARN  ] [ org.mybatis.spring.mapper.ClassPathMapperScanner : 44 ] - Skipping MapperFactoryBean with name 'productStoreMapper' and 'com.universe.marketing.store.mapper.ProductStoreMapper' mapperInterface. Bean already defined with the same name!
2022-06-23 20:24:45.932 [ main ] - [ WARN  ] [ org.mybatis.spring.mapper.ClassPathMapperScanner : 44 ] - No MyBatis mapper was found in '[com.universe.marketing.*.mapper]' package. Please check your configuration.
2022-06-23 20:25:52.530 [ main ] - [ WARN  ] [ org.mybatis.spring.mapper.ClassPathMapperScanner : 44 ] - No MyBatis mapper was found in '[com.mapper]' package. Please check your configuration.
2022-06-23 20:25:52.537 [ main ] - [ WARN  ] [ org.mybatis.spring.mapper.ClassPathMapperScanner : 44 ] - Skipping MapperFactoryBean with name 'userMapper' and 'com.universe.marketing.login.mapper.UserMapper' mapperInterface. Bean already defined with the same name!
2022-06-23 20:25:52.537 [ main ] - [ WARN  ] [ org.mybatis.spring.mapper.ClassPathMapperScanner : 44 ] - Skipping MapperFactoryBean with name 'productMapper' and 'com.universe.marketing.product.mapper.ProductMapper' mapperInterface. Bean already defined with the same name!
2022-06-23 20:25:52.537 [ main ] - [ WARN  ] [ org.mybatis.spring.mapper.ClassPathMapperScanner : 44 ] - Skipping MapperFactoryBean with name 'sortMapper' and 'com.universe.marketing.product.mapper.SortMapper' mapperInterface. Bean already defined with the same name!
2022-06-23 20:25:52.537 [ main ] - [ WARN  ] [ org.mybatis.spring.mapper.ClassPathMapperScanner : 44 ] - Skipping MapperFactoryBean with name 'purchaseMapper' and 'com.universe.marketing.purchase.mapper.PurchaseMapper' mapperInterface. Bean already defined with the same name!
2022-06-23 20:25:52.537 [ main ] - [ WARN  ] [ org.mybatis.spring.mapper.ClassPathMapperScanner : 44 ] - Skipping MapperFactoryBean with name 'purchaseSonMapper' and 'com.universe.marketing.purchase.mapper.PurchaseSonMapper' mapperInterface. Bean already defined with the same name!
2022-06-23 20:25:52.537 [ main ] - [ WARN  ] [ org.mybatis.spring.mapper.ClassPathMapperScanner : 44 ] - Skipping MapperFactoryBean with name 'purchaseSwapMapper' and 'com.universe.marketing.purchase.mapper.PurchaseSwapMapper' mapperInterface. Bean already defined with the same name!
2022-06-23 20:25:52.537 [ main ] - [ WARN  ] [ org.mybatis.spring.mapper.ClassPathMapperScanner : 44 ] - Skipping MapperFactoryBean with name 'productStoreMapper' and 'com.universe.marketing.store.mapper.ProductStoreMapper' mapperInterface. Bean already defined with the same name!
2022-06-23 20:25:52.537 [ main ] - [ WARN  ] [ org.mybatis.spring.mapper.ClassPathMapperScanner : 44 ] - No MyBatis mapper was found in '[com.universe.marketing.*.mapper]' package. Please check your configuration.
2022-06-23 20:55:50.388 [ main ] - [ WARN  ] [ o.s.b.w.s.c.AnnotationConfigServletWebServerApplicationContext : 558 ] - Exception encountered during context initialization - cancelling refresh attempt: org.springframework.beans.factory.support.BeanDefinitionOverrideException: Invalid bean definition with name 'mybatisPlusInterceptor' defined in class path resource [com/universe/config/MybatisPlusConfig.class]: Cannot register bean definition [Root bean: class [null]; scope=; abstract=false; lazyInit=null; autowireMode=3; dependencyCheck=0; autowireCandidate=true; primary=false; factoryBeanName=mybatisPlusConfig; factoryMethodName=mybatisPlusInterceptor; initMethodName=null; destroyMethodName=(inferred); defined in class path resource [com/universe/config/MybatisPlusConfig.class]] for bean 'mybatisPlusInterceptor': There is already [Root bean: class [null]; scope=; abstract=false; lazyInit=null; autowireMode=3; dependencyCheck=0; autowireCandidate=true; primary=false; factoryBeanName=MPConfig; factoryMethodName=mybatisPlusInterceptor; initMethodName=null; destroyMethodName=(inferred); defined in class path resource [com/universe/config/MPConfig.class]] bound.
2022-06-23 20:56:49.733 [ main ] - [ WARN  ] [ o.s.b.w.s.c.AnnotationConfigServletWebServerApplicationContext : 558 ] - Exception encountered during context initialization - cancelling refresh attempt: org.springframework.beans.factory.support.BeanDefinitionOverrideException: Invalid bean definition with name 'mybatisPlusInterceptor' defined in class path resource [com/universe/config/MybatisPlusConfig.class]: Cannot register bean definition [Root bean: class [null]; scope=; abstract=false; lazyInit=null; autowireMode=3; dependencyCheck=0; autowireCandidate=true; primary=false; factoryBeanName=mybatisPlusConfig; factoryMethodName=mybatisPlusInterceptor; initMethodName=null; destroyMethodName=(inferred); defined in class path resource [com/universe/config/MybatisPlusConfig.class]] for bean 'mybatisPlusInterceptor': There is already [Root bean: class [null]; scope=; abstract=false; lazyInit=null; autowireMode=3; dependencyCheck=0; autowireCandidate=true; primary=false; factoryBeanName=MPConfig; factoryMethodName=mybatisPlusInterceptor; initMethodName=null; destroyMethodName=(inferred); defined in class path resource [com/universe/config/MPConfig.class]] bound.
2022-06-23 20:58:10.104 [ main ] - [ WARN  ] [ tk.mybatis.spring.mapper.ClassPathMapperScanner : 229 ] - Skipping MapperFactoryBean with name 'userMapper' and 'com.universe.marketing.login.mapper.UserMapper' mapperInterface. Bean already defined with the same name!
2022-06-23 20:58:10.104 [ main ] - [ WARN  ] [ tk.mybatis.spring.mapper.ClassPathMapperScanner : 229 ] - Skipping MapperFactoryBean with name 'productMapper' and 'com.universe.marketing.product.mapper.ProductMapper' mapperInterface. Bean already defined with the same name!
2022-06-23 20:58:10.104 [ main ] - [ WARN  ] [ tk.mybatis.spring.mapper.ClassPathMapperScanner : 229 ] - Skipping MapperFactoryBean with name 'sortMapper' and 'com.universe.marketing.product.mapper.SortMapper' mapperInterface. Bean already defined with the same name!
2022-06-23 20:58:10.104 [ main ] - [ WARN  ] [ tk.mybatis.spring.mapper.ClassPathMapperScanner : 229 ] - Skipping MapperFactoryBean with name 'purchaseMapper' and 'com.universe.marketing.purchase.mapper.PurchaseMapper' mapperInterface. Bean already defined with the same name!
2022-06-23 20:58:10.104 [ main ] - [ WARN  ] [ tk.mybatis.spring.mapper.ClassPathMapperScanner : 229 ] - Skipping MapperFactoryBean with name 'purchaseSonMapper' and 'com.universe.marketing.purchase.mapper.PurchaseSonMapper' mapperInterface. Bean already defined with the same name!
2022-06-23 20:58:10.104 [ main ] - [ WARN  ] [ tk.mybatis.spring.mapper.ClassPathMapperScanner : 229 ] - Skipping MapperFactoryBean with name 'purchaseSwapMapper' and 'com.universe.marketing.purchase.mapper.PurchaseSwapMapper' mapperInterface. Bean already defined with the same name!
2022-06-23 20:58:10.104 [ main ] - [ WARN  ] [ tk.mybatis.spring.mapper.ClassPathMapperScanner : 229 ] - Skipping MapperFactoryBean with name 'productStoreMapper' and 'com.universe.marketing.store.mapper.ProductStoreMapper' mapperInterface. Bean already defined with the same name!
2022-06-23 20:58:10.104 [ main ] - [ WARN  ] [ tk.mybatis.spring.mapper.ClassPathMapperScanner : 229 ] - Skipping MapperFactoryBean with name 'menuMapper' and 'com.universe.marketing.users.mapper.MenuMapper' mapperInterface. Bean already defined with the same name!
2022-06-23 20:58:10.104 [ main ] - [ WARN  ] [ tk.mybatis.spring.mapper.ClassPathMapperScanner : 229 ] - Skipping MapperFactoryBean with name 'roleMenuMapper' and 'com.universe.marketing.users.mapper.RoleMenuMapper' mapperInterface. Bean already defined with the same name!
2022-06-23 20:58:10.104 [ main ] - [ WARN  ] [ tk.mybatis.spring.mapper.ClassPathMapperScanner : 229 ] - Skipping MapperFactoryBean with name 'rolesMapper' and 'com.universe.marketing.users.mapper.RolesMapper' mapperInterface. Bean already defined with the same name!
2022-06-23 20:58:10.104 [ main ] - [ WARN  ] [ tk.mybatis.spring.mapper.ClassPathMapperScanner : 229 ] - Skipping MapperFactoryBean with name 'usersMapper' and 'com.universe.marketing.users.mapper.UsersMapper' mapperInterface. Bean already defined with the same name!
2022-06-23 20:58:10.104 [ main ] - [ WARN  ] [ tk.mybatis.spring.mapper.ClassPathMapperScanner : 146 ] - No MyBatis mapper was found in '[com.universe]' package. Please check your configuration.
2022-06-23 20:58:10.253 [ main ] - [ WARN  ] [ org.mybatis.spring.mapper.ClassPathMapperScanner : 44 ] - No MyBatis mapper was found in '[com.mapper]' package. Please check your configuration.
2022-06-23 20:58:10.259 [ main ] - [ WARN  ] [ org.mybatis.spring.mapper.ClassPathMapperScanner : 44 ] - Skipping MapperFactoryBean with name 'userMapper' and 'com.universe.marketing.login.mapper.UserMapper' mapperInterface. Bean already defined with the same name!
2022-06-23 20:58:10.259 [ main ] - [ WARN  ] [ org.mybatis.spring.mapper.ClassPathMapperScanner : 44 ] - Skipping MapperFactoryBean with name 'productMapper' and 'com.universe.marketing.product.mapper.ProductMapper' mapperInterface. Bean already defined with the same name!
2022-06-23 20:58:10.259 [ main ] - [ WARN  ] [ org.mybatis.spring.mapper.ClassPathMapperScanner : 44 ] - Skipping MapperFactoryBean with name 'sortMapper' and 'com.universe.marketing.product.mapper.SortMapper' mapperInterface. Bean already defined with the same name!
2022-06-23 20:58:10.259 [ main ] - [ WARN  ] [ org.mybatis.spring.mapper.ClassPathMapperScanner : 44 ] - Skipping MapperFactoryBean with name 'purchaseMapper' and 'com.universe.marketing.purchase.mapper.PurchaseMapper' mapperInterface. Bean already defined with the same name!
2022-06-23 20:58:10.259 [ main ] - [ WARN  ] [ org.mybatis.spring.mapper.ClassPathMapperScanner : 44 ] - Skipping MapperFactoryBean with name 'purchaseSonMapper' and 'com.universe.marketing.purchase.mapper.PurchaseSonMapper' mapperInterface. Bean already defined with the same name!
2022-06-23 20:58:10.259 [ main ] - [ WARN  ] [ org.mybatis.spring.mapper.ClassPathMapperScanner : 44 ] - Skipping MapperFactoryBean with name 'purchaseSwapMapper' and 'com.universe.marketing.purchase.mapper.PurchaseSwapMapper' mapperInterface. Bean already defined with the same name!
2022-06-23 20:58:10.259 [ main ] - [ WARN  ] [ org.mybatis.spring.mapper.ClassPathMapperScanner : 44 ] - Skipping MapperFactoryBean with name 'productStoreMapper' and 'com.universe.marketing.store.mapper.ProductStoreMapper' mapperInterface. Bean already defined with the same name!
2022-06-23 20:58:10.259 [ main ] - [ WARN  ] [ org.mybatis.spring.mapper.ClassPathMapperScanner : 44 ] - Skipping MapperFactoryBean with name 'menuMapper' and 'com.universe.marketing.users.mapper.MenuMapper' mapperInterface. Bean already defined with the same name!
2022-06-23 20:58:10.259 [ main ] - [ WARN  ] [ org.mybatis.spring.mapper.ClassPathMapperScanner : 44 ] - Skipping MapperFactoryBean with name 'roleMenuMapper' and 'com.universe.marketing.users.mapper.RoleMenuMapper' mapperInterface. Bean already defined with the same name!
2022-06-23 20:58:10.259 [ main ] - [ WARN  ] [ org.mybatis.spring.mapper.ClassPathMapperScanner : 44 ] - Skipping MapperFactoryBean with name 'rolesMapper' and 'com.universe.marketing.users.mapper.RolesMapper' mapperInterface. Bean already defined with the same name!
2022-06-23 20:58:10.259 [ main ] - [ WARN  ] [ org.mybatis.spring.mapper.ClassPathMapperScanner : 44 ] - Skipping MapperFactoryBean with name 'usersMapper' and 'com.universe.marketing.users.mapper.UsersMapper' mapperInterface. Bean already defined with the same name!
2022-06-23 20:58:11.465 [ main ] - [ WARN  ] [ o.s.b.w.s.c.AnnotationConfigServletWebServerApplicationContext : 558 ] - Exception encountered during context initialization - cancelling refresh attempt: org.springframework.beans.factory.UnsatisfiedDependencyException: Error creating bean with name 'clientController': Unsatisfied dependency expressed through field 'clientService'; nested exception is org.springframework.beans.factory.UnsatisfiedDependencyException: Error creating bean with name 'clientServiceImpl': Unsatisfied dependency expressed through field 'clientMapper'; nested exception is org.springframework.beans.factory.UnsatisfiedDependencyException: Error creating bean with name 'clientMapper' defined in file [F:\GitTest\MarketingMgt1\backend\target\classes\com\universe\marketing\client\mapper\ClientMapper.class]: Unsatisfied dependency expressed through bean property 'sqlSessionFactory'; nested exception is org.springframework.beans.factory.BeanCreationException: Error creating bean with name 'sqlSessionFactory' defined in class path resource [com/baomidou/mybatisplus/autoconfigure/MybatisPlusAutoConfiguration.class]: Bean instantiation via factory method failed; nested exception is org.springframework.beans.BeanInstantiationException: Failed to instantiate [org.apache.ibatis.session.SqlSessionFactory]: Factory method 'sqlSessionFactory' threw exception; nested exception is java.lang.NoSuchMethodError: org.apache.ibatis.session.Configuration.getLanguageDriver(Ljava/lang/Class;)Lorg/apache/ibatis/scripting/LanguageDriver;
2022-06-23 21:03:37.732 [ main ] - [ WARN  ] [ org.mybatis.spring.mapper.ClassPathMapperScanner : 44 ] - No MyBatis mapper was found in '[com.mapper]' package. Please check your configuration.
2022-06-23 21:03:37.789 [ main ] - [ WARN  ] [ org.mybatis.spring.mapper.ClassPathMapperScanner : 44 ] - Skipping MapperFactoryBean with name 'userMapper' and 'com.universe.marketing.login.mapper.UserMapper' mapperInterface. Bean already defined with the same name!
2022-06-23 21:03:37.789 [ main ] - [ WARN  ] [ org.mybatis.spring.mapper.ClassPathMapperScanner : 44 ] - Skipping MapperFactoryBean with name 'productMapper' and 'com.universe.marketing.product.mapper.ProductMapper' mapperInterface. Bean already defined with the same name!
2022-06-23 21:03:37.789 [ main ] - [ WARN  ] [ org.mybatis.spring.mapper.ClassPathMapperScanner : 44 ] - Skipping MapperFactoryBean with name 'sortMapper' and 'com.universe.marketing.product.mapper.SortMapper' mapperInterface. Bean already defined with the same name!
2022-06-23 21:03:37.789 [ main ] - [ WARN  ] [ org.mybatis.spring.mapper.ClassPathMapperScanner : 44 ] - Skipping MapperFactoryBean with name 'purchaseMapper' and 'com.universe.marketing.purchase.mapper.PurchaseMapper' mapperInterface. Bean already defined with the same name!
2022-06-23 21:03:37.789 [ main ] - [ WARN  ] [ org.mybatis.spring.mapper.ClassPathMapperScanner : 44 ] - Skipping MapperFactoryBean with name 'purchaseSonMapper' and 'com.universe.marketing.purchase.mapper.PurchaseSonMapper' mapperInterface. Bean already defined with the same name!
2022-06-23 21:03:37.789 [ main ] - [ WARN  ] [ org.mybatis.spring.mapper.ClassPathMapperScanner : 44 ] - Skipping MapperFactoryBean with name 'purchaseSwapMapper' and 'com.universe.marketing.purchase.mapper.PurchaseSwapMapper' mapperInterface. Bean already defined with the same name!
2022-06-23 21:03:37.789 [ main ] - [ WARN  ] [ org.mybatis.spring.mapper.ClassPathMapperScanner : 44 ] - Skipping MapperFactoryBean with name 'productStoreMapper' and 'com.universe.marketing.store.mapper.ProductStoreMapper' mapperInterface. Bean already defined with the same name!
2022-06-23 21:03:37.789 [ main ] - [ WARN  ] [ org.mybatis.spring.mapper.ClassPathMapperScanner : 44 ] - Skipping MapperFactoryBean with name 'menuMapper' and 'com.universe.marketing.users.mapper.MenuMapper' mapperInterface. Bean already defined with the same name!
2022-06-23 21:03:37.789 [ main ] - [ WARN  ] [ org.mybatis.spring.mapper.ClassPathMapperScanner : 44 ] - Skipping MapperFactoryBean with name 'roleMenuMapper' and 'com.universe.marketing.users.mapper.RoleMenuMapper' mapperInterface. Bean already defined with the same name!
2022-06-23 21:03:37.789 [ main ] - [ WARN  ] [ org.mybatis.spring.mapper.ClassPathMapperScanner : 44 ] - Skipping MapperFactoryBean with name 'rolesMapper' and 'com.universe.marketing.users.mapper.RolesMapper' mapperInterface. Bean already defined with the same name!
2022-06-23 21:03:37.789 [ main ] - [ WARN  ] [ org.mybatis.spring.mapper.ClassPathMapperScanner : 44 ] - Skipping MapperFactoryBean with name 'usersMapper' and 'com.universe.marketing.users.mapper.UsersMapper' mapperInterface. Bean already defined with the same name!
2022-06-23 21:08:37.489 [ main ] - [ WARN  ] [ org.mybatis.spring.mapper.ClassPathMapperScanner : 44 ] - No MyBatis mapper was found in '[com.mapper]' package. Please check your configuration.
2022-06-23 21:08:37.489 [ main ] - [ WARN  ] [ org.mybatis.spring.mapper.ClassPathMapperScanner : 44 ] - Skipping MapperFactoryBean with name 'userMapper' and 'com.universe.marketing.login.mapper.UserMapper' mapperInterface. Bean already defined with the same name!
2022-06-23 21:08:37.489 [ main ] - [ WARN  ] [ org.mybatis.spring.mapper.ClassPathMapperScanner : 44 ] - Skipping MapperFactoryBean with name 'productMapper' and 'com.universe.marketing.product.mapper.ProductMapper' mapperInterface. Bean already defined with the same name!
2022-06-23 21:08:37.489 [ main ] - [ WARN  ] [ org.mybatis.spring.mapper.ClassPathMapperScanner : 44 ] - Skipping MapperFactoryBean with name 'sortMapper' and 'com.universe.marketing.product.mapper.SortMapper' mapperInterface. Bean already defined with the same name!
2022-06-23 21:08:37.499 [ main ] - [ WARN  ] [ org.mybatis.spring.mapper.ClassPathMapperScanner : 44 ] - Skipping MapperFactoryBean with name 'purchaseMapper' and 'com.universe.marketing.purchase.mapper.PurchaseMapper' mapperInterface. Bean already defined with the same name!
2022-06-23 21:08:37.499 [ main ] - [ WARN  ] [ org.mybatis.spring.mapper.ClassPathMapperScanner : 44 ] - Skipping MapperFactoryBean with name 'purchaseSonMapper' and 'com.universe.marketing.purchase.mapper.PurchaseSonMapper' mapperInterface. Bean already defined with the same name!
2022-06-23 21:08:37.499 [ main ] - [ WARN  ] [ org.mybatis.spring.mapper.ClassPathMapperScanner : 44 ] - Skipping MapperFactoryBean with name 'purchaseSwapMapper' and 'com.universe.marketing.purchase.mapper.PurchaseSwapMapper' mapperInterface. Bean already defined with the same name!
2022-06-23 21:08:37.499 [ main ] - [ WARN  ] [ org.mybatis.spring.mapper.ClassPathMapperScanner : 44 ] - Skipping MapperFactoryBean with name 'productStoreMapper' and 'com.universe.marketing.store.mapper.ProductStoreMapper' mapperInterface. Bean already defined with the same name!
2022-06-23 21:08:37.499 [ main ] - [ WARN  ] [ org.mybatis.spring.mapper.ClassPathMapperScanner : 44 ] - Skipping MapperFactoryBean with name 'menuMapper' and 'com.universe.marketing.users.mapper.MenuMapper' mapperInterface. Bean already defined with the same name!
2022-06-23 21:08:37.499 [ main ] - [ WARN  ] [ org.mybatis.spring.mapper.ClassPathMapperScanner : 44 ] - Skipping MapperFactoryBean with name 'roleMenuMapper' and 'com.universe.marketing.users.mapper.RoleMenuMapper' mapperInterface. Bean already defined with the same name!
2022-06-23 21:08:37.499 [ main ] - [ WARN  ] [ org.mybatis.spring.mapper.ClassPathMapperScanner : 44 ] - Skipping MapperFactoryBean with name 'rolesMapper' and 'com.universe.marketing.users.mapper.RolesMapper' mapperInterface. Bean already defined with the same name!
2022-06-23 21:08:37.499 [ main ] - [ WARN  ] [ org.mybatis.spring.mapper.ClassPathMapperScanner : 44 ] - Skipping MapperFactoryBean with name 'usersMapper' and 'com.universe.marketing.users.mapper.UsersMapper' mapperInterface. Bean already defined with the same name!
2022-06-23 21:34:14.256 [ main ] - [ WARN  ] [ org.mybatis.spring.mapper.ClassPathMapperScanner : 44 ] - No MyBatis mapper was found in '[com.mapper]' package. Please check your configuration.
2022-06-23 21:34:14.260 [ main ] - [ WARN  ] [ org.mybatis.spring.mapper.ClassPathMapperScanner : 44 ] - Skipping MapperFactoryBean with name 'userMapper' and 'com.universe.marketing.login.mapper.UserMapper' mapperInterface. Bean already defined with the same name!
2022-06-23 21:34:14.261 [ main ] - [ WARN  ] [ org.mybatis.spring.mapper.ClassPathMapperScanner : 44 ] - Skipping MapperFactoryBean with name 'productMapper' and 'com.universe.marketing.product.mapper.ProductMapper' mapperInterface. Bean already defined with the same name!
2022-06-23 21:34:14.261 [ main ] - [ WARN  ] [ org.mybatis.spring.mapper.ClassPathMapperScanner : 44 ] - Skipping MapperFactoryBean with name 'sortMapper' and 'com.universe.marketing.product.mapper.SortMapper' mapperInterface. Bean already defined with the same name!
2022-06-23 21:34:14.261 [ main ] - [ WARN  ] [ org.mybatis.spring.mapper.ClassPathMapperScanner : 44 ] - Skipping MapperFactoryBean with name 'purchaseMapper' and 'com.universe.marketing.purchase.mapper.PurchaseMapper' mapperInterface. Bean already defined with the same name!
2022-06-23 21:34:14.261 [ main ] - [ WARN  ] [ org.mybatis.spring.mapper.ClassPathMapperScanner : 44 ] - Skipping MapperFactoryBean with name 'purchaseSonMapper' and 'com.universe.marketing.purchase.mapper.PurchaseSonMapper' mapperInterface. Bean already defined with the same name!
2022-06-23 21:34:14.261 [ main ] - [ WARN  ] [ org.mybatis.spring.mapper.ClassPathMapperScanner : 44 ] - Skipping MapperFactoryBean with name 'purchaseSwapMapper' and 'com.universe.marketing.purchase.mapper.PurchaseSwapMapper' mapperInterface. Bean already defined with the same name!
2022-06-23 21:34:14.262 [ main ] - [ WARN  ] [ org.mybatis.spring.mapper.ClassPathMapperScanner : 44 ] - Skipping MapperFactoryBean with name 'productStoreMapper' and 'com.universe.marketing.store.mapper.ProductStoreMapper' mapperInterface. Bean already defined with the same name!
2022-06-23 21:34:14.262 [ main ] - [ WARN  ] [ org.mybatis.spring.mapper.ClassPathMapperScanner : 44 ] - Skipping MapperFactoryBean with name 'menuMapper' and 'com.universe.marketing.users.mapper.MenuMapper' mapperInterface. Bean already defined with the same name!
2022-06-23 21:34:14.262 [ main ] - [ WARN  ] [ org.mybatis.spring.mapper.ClassPathMapperScanner : 44 ] - Skipping MapperFactoryBean with name 'roleMenuMapper' and 'com.universe.marketing.users.mapper.RoleMenuMapper' mapperInterface. Bean already defined with the same name!
2022-06-23 21:34:14.262 [ main ] - [ WARN  ] [ org.mybatis.spring.mapper.ClassPathMapperScanner : 44 ] - Skipping MapperFactoryBean with name 'rolesMapper' and 'com.universe.marketing.users.mapper.RolesMapper' mapperInterface. Bean already defined with the same name!
2022-06-23 21:34:14.262 [ main ] - [ WARN  ] [ org.mybatis.spring.mapper.ClassPathMapperScanner : 44 ] - Skipping MapperFactoryBean with name 'usersMapper' and 'com.universe.marketing.users.mapper.UsersMapper' mapperInterface. Bean already defined with the same name!
2022-06-23 22:15:43.838 [ main ] - [ WARN  ] [ org.mybatis.spring.mapper.ClassPathMapperScanner : 44 ] - No MyBatis mapper was found in '[com.mapper]' package. Please check your configuration.
2022-06-23 22:15:43.842 [ main ] - [ WARN  ] [ org.mybatis.spring.mapper.ClassPathMapperScanner : 44 ] - Skipping MapperFactoryBean with name 'userMapper' and 'com.universe.marketing.login.mapper.UserMapper' mapperInterface. Bean already defined with the same name!
2022-06-23 22:15:43.842 [ main ] - [ WARN  ] [ org.mybatis.spring.mapper.ClassPathMapperScanner : 44 ] - Skipping MapperFactoryBean with name 'productMapper' and 'com.universe.marketing.product.mapper.ProductMapper' mapperInterface. Bean already defined with the same name!
2022-06-23 22:15:43.842 [ main ] - [ WARN  ] [ org.mybatis.spring.mapper.ClassPathMapperScanner : 44 ] - Skipping MapperFactoryBean with name 'sortMapper' and 'com.universe.marketing.product.mapper.SortMapper' mapperInterface. Bean already defined with the same name!
2022-06-23 22:15:43.842 [ main ] - [ WARN  ] [ org.mybatis.spring.mapper.ClassPathMapperScanner : 44 ] - Skipping MapperFactoryBean with name 'purchaseMapper' and 'com.universe.marketing.purchase.mapper.PurchaseMapper' mapperInterface. Bean already defined with the same name!
2022-06-23 22:15:43.843 [ main ] - [ WARN  ] [ org.mybatis.spring.mapper.ClassPathMapperScanner : 44 ] - Skipping MapperFactoryBean with name 'purchaseSonMapper' and 'com.universe.marketing.purchase.mapper.PurchaseSonMapper' mapperInterface. Bean already defined with the same name!
2022-06-23 22:15:43.843 [ main ] - [ WARN  ] [ org.mybatis.spring.mapper.ClassPathMapperScanner : 44 ] - Skipping MapperFactoryBean with name 'purchaseSwapMapper' and 'com.universe.marketing.purchase.mapper.PurchaseSwapMapper' mapperInterface. Bean already defined with the same name!
2022-06-23 22:15:43.843 [ main ] - [ WARN  ] [ org.mybatis.spring.mapper.ClassPathMapperScanner : 44 ] - Skipping MapperFactoryBean with name 'productStoreMapper' and 'com.universe.marketing.store.mapper.ProductStoreMapper' mapperInterface. Bean already defined with the same name!
2022-06-23 22:15:43.843 [ main ] - [ WARN  ] [ org.mybatis.spring.mapper.ClassPathMapperScanner : 44 ] - Skipping MapperFactoryBean with name 'menuMapper' and 'com.universe.marketing.users.mapper.MenuMapper' mapperInterface. Bean already defined with the same name!
2022-06-23 22:15:43.843 [ main ] - [ WARN  ] [ org.mybatis.spring.mapper.ClassPathMapperScanner : 44 ] - Skipping MapperFactoryBean with name 'roleMenuMapper' and 'com.universe.marketing.users.mapper.RoleMenuMapper' mapperInterface. Bean already defined with the same name!
2022-06-23 22:15:43.843 [ main ] - [ WARN  ] [ org.mybatis.spring.mapper.ClassPathMapperScanner : 44 ] - Skipping MapperFactoryBean with name 'rolesMapper' and 'com.universe.marketing.users.mapper.RolesMapper' mapperInterface. Bean already defined with the same name!
2022-06-23 22:15:43.844 [ main ] - [ WARN  ] [ org.mybatis.spring.mapper.ClassPathMapperScanner : 44 ] - Skipping MapperFactoryBean with name 'usersMapper' and 'com.universe.marketing.users.mapper.UsersMapper' mapperInterface. Bean already defined with the same name!
