2022-06-20 21:06:02.480 [ main ] - [ WARN  ] [ org.mybatis.spring.mapper.ClassPathMapperScanner : 44 ] - No MyBatis mapper was found in '[com.mapper]' package. Please check your configuration.
2022-06-20 21:06:02.481 [ main ] - [ WARN  ] [ org.mybatis.spring.mapper.ClassPathMapperScanner : 44 ] - No MyBatis mapper was found in '[com.universe.marketing.*.mapper]' package. Please check your configuration.
2022-06-20 21:06:27.861 [ main ] - [ WARN  ] [ org.mybatis.spring.mapper.ClassPathMapperScanner : 44 ] - No MyBatis mapper was found in '[com.mapper]' package. Please check your configuration.
2022-06-20 21:06:27.862 [ main ] - [ WARN  ] [ org.mybatis.spring.mapper.ClassPathMapperScanner : 44 ] - No MyBatis mapper was found in '[com.universe.marketing.*.mapper]' package. Please check your configuration.
2022-06-20 21:07:38.590 [ main ] - [ WARN  ] [ org.mybatis.spring.mapper.ClassPathMapperScanner : 44 ] - No MyBatis mapper was found in '[com.mapper]' package. Please check your configuration.
2022-06-20 21:07:38.591 [ main ] - [ WARN  ] [ org.mybatis.spring.mapper.ClassPathMapperScanner : 44 ] - No MyBatis mapper was found in '[com.universe.marketing.*.mapper]' package. Please check your configuration.
2022-06-20 21:08:04.117 [ main ] - [ WARN  ] [ org.mybatis.spring.mapper.ClassPathMapperScanner : 44 ] - No MyBatis mapper was found in '[com.mapper]' package. Please check your configuration.
2022-06-20 21:08:04.117 [ main ] - [ WARN  ] [ org.mybatis.spring.mapper.ClassPathMapperScanner : 44 ] - No MyBatis mapper was found in '[com.universe.marketing.*.mapper]' package. Please check your configuration.
2022-06-20 21:15:39.821 [ main ] - [ WARN  ] [ org.mybatis.spring.mapper.ClassPathMapperScanner : 44 ] - No MyBatis mapper was found in '[com.mapper]' package. Please check your configuration.
2022-06-20 21:15:39.822 [ main ] - [ WARN  ] [ org.mybatis.spring.mapper.ClassPathMapperScanner : 44 ] - No MyBatis mapper was found in '[com.universe.marketing.*.mapper]' package. Please check your configuration.
2022-06-20 21:24:39.773 [ http-nio-8080-exec-5 ] - [ WARN  ] [ com.zaxxer.hikari.pool.PoolBase : 179 ] - HikariPool-1 - Failed to validate connection org.postgresql.jdbc.PgConnection@60a28f5c (This connection has been closed.). Possibly consider using a shorter maxLifetime value.
2022-06-20 21:24:44.850 [ http-nio-8080-exec-5 ] - [ WARN  ] [ com.zaxxer.hikari.pool.PoolBase : 179 ] - HikariPool-1 - Failed to validate connection org.postgresql.jdbc.PgConnection@4d9dbcc4 (This connection has been closed.). Possibly consider using a shorter maxLifetime value.
2022-06-20 21:24:46.054 [ http-nio-8080-exec-5 ] - [ WARN  ] [ com.zaxxer.hikari.pool.PoolBase : 179 ] - HikariPool-1 - Failed to validate connection org.postgresql.jdbc.PgConnection@47eb5788 (This connection has been closed.). Possibly consider using a shorter maxLifetime value.
2022-06-20 21:24:48.696 [ http-nio-8080-exec-5 ] - [ WARN  ] [ o.s.w.s.m.m.a.ExceptionHandlerExceptionResolver : 414 ] - Failure in @ExceptionHandler com.universe.handler.AllExceptionHandler#doException(Exception)
java.lang.NullPointerException: null
	at org.springframework.web.util.UrlPathHelper.removeJsessionid(UrlPathHelper.java:542)
	at org.springframework.web.util.UrlPathHelper.removeSemicolonContent(UrlPathHelper.java:527)
	at org.springframework.web.util.UrlPathHelper.decodeAndCleanUriString(UrlPathHelper.java:460)
	at org.springframework.web.util.UrlPathHelper.getOriginatingRequestUri(UrlPathHelper.java:407)
	at org.springframework.web.servlet.mvc.method.annotation.AbstractMessageConverterMethodProcessor.addContentDispositionHeader(AbstractMessageConverterMethodProcessor.java:437)
	at org.springframework.web.servlet.mvc.method.annotation.AbstractMessageConverterMethodProcessor.writeWithMessageConverters(AbstractMessageConverterMethodProcessor.java:293)
	at org.springframework.web.servlet.mvc.method.annotation.RequestResponseBodyMethodProcessor.handleReturnValue(RequestResponseBodyMethodProcessor.java:181)
	at org.springframework.web.method.support.HandlerMethodReturnValueHandlerComposite.handleReturnValue(HandlerMethodReturnValueHandlerComposite.java:82)
	at org.springframework.web.servlet.mvc.method.annotation.ServletInvocableHandlerMethod.invokeAndHandle(ServletInvocableHandlerMethod.java:124)
	at org.springframework.web.servlet.mvc.method.annotation.ExceptionHandlerExceptionResolver.doResolveHandlerMethodException(ExceptionHandlerExceptionResolver.java:403)
	at org.springframework.web.servlet.handler.AbstractHandlerMethodExceptionResolver.doResolveException(AbstractHandlerMethodExceptionResolver.java:61)
	at org.springframework.web.servlet.handler.AbstractHandlerExceptionResolver.resolveException(AbstractHandlerExceptionResolver.java:141)
	at org.springframework.web.servlet.handler.HandlerExceptionResolverComposite.resolveException(HandlerExceptionResolverComposite.java:80)
	at org.springframework.web.servlet.DispatcherServlet.processHandlerException(DispatcherServlet.java:1300)
	at org.springframework.web.servlet.DispatcherServlet.processDispatchResult(DispatcherServlet.java:1111)
	at org.springframework.web.servlet.DispatcherServlet.doDispatch(DispatcherServlet.java:1057)
	at org.springframework.web.servlet.DispatcherServlet.doService(DispatcherServlet.java:943)
	at org.springframework.web.servlet.FrameworkServlet.processRequest(FrameworkServlet.java:1006)
	at org.springframework.web.servlet.FrameworkServlet.doPost(FrameworkServlet.java:909)
	at javax.servlet.http.HttpServlet.service(HttpServlet.java:660)
	at org.springframework.web.servlet.FrameworkServlet.service(FrameworkServlet.java:883)
	at javax.servlet.http.HttpServlet.service(HttpServlet.java:741)
	at org.apache.catalina.core.ApplicationFilterChain.internalDoFilter(ApplicationFilterChain.java:231)
	at org.apache.catalina.core.ApplicationFilterChain.doFilter(ApplicationFilterChain.java:166)
	at org.apache.tomcat.websocket.server.WsFilter.doFilter(WsFilter.java:53)
	at org.apache.catalina.core.ApplicationFilterChain.internalDoFilter(ApplicationFilterChain.java:193)
	at org.apache.catalina.core.ApplicationFilterChain.doFilter(ApplicationFilterChain.java:166)
	at org.springframework.web.filter.RequestContextFilter.doFilterInternal(RequestContextFilter.java:100)
	at org.springframework.web.filter.OncePerRequestFilter.doFilter(OncePerRequestFilter.java:119)
	at org.apache.catalina.core.ApplicationFilterChain.internalDoFilter(ApplicationFilterChain.java:193)
	at org.apache.catalina.core.ApplicationFilterChain.doFilter(ApplicationFilterChain.java:166)
	at org.springframework.web.filter.FormContentFilter.doFilterInternal(FormContentFilter.java:93)
	at org.springframework.web.filter.OncePerRequestFilter.doFilter(OncePerRequestFilter.java:119)
	at org.apache.catalina.core.ApplicationFilterChain.internalDoFilter(ApplicationFilterChain.java:193)
	at org.apache.catalina.core.ApplicationFilterChain.doFilter(ApplicationFilterChain.java:166)
	at org.springframework.web.filter.CharacterEncodingFilter.doFilterInternal(CharacterEncodingFilter.java:201)
	at org.springframework.web.filter.OncePerRequestFilter.doFilter(OncePerRequestFilter.java:119)
	at org.apache.catalina.core.ApplicationFilterChain.internalDoFilter(ApplicationFilterChain.java:193)
	at org.apache.catalina.core.ApplicationFilterChain.doFilter(ApplicationFilterChain.java:166)
	at org.apache.catalina.core.StandardWrapperValve.invoke(StandardWrapperValve.java:202)
	at org.apache.catalina.core.StandardContextValve.invoke(StandardContextValve.java:96)
	at org.apache.catalina.authenticator.AuthenticatorBase.invoke(AuthenticatorBase.java:526)
	at org.apache.catalina.core.StandardHostValve.invoke(StandardHostValve.java:139)
	at org.apache.catalina.valves.ErrorReportValve.invoke(ErrorReportValve.java:92)
	at org.apache.catalina.core.StandardEngineValve.invoke(StandardEngineValve.java:74)
	at org.apache.catalina.connector.CoyoteAdapter.service(CoyoteAdapter.java:343)
	at org.apache.coyote.http11.Http11Processor.service(Http11Processor.java:367)
	at org.apache.coyote.AbstractProcessorLight.process(AbstractProcessorLight.java:65)
	at org.apache.coyote.AbstractProtocol$ConnectionHandler.process(AbstractProtocol.java:860)
	at org.apache.tomcat.util.net.NioEndpoint$SocketProcessor.doRun(NioEndpoint.java:1591)
	at org.apache.tomcat.util.net.SocketProcessorBase.run(SocketProcessorBase.java:49)
	at java.util.concurrent.ThreadPoolExecutor.runWorker(ThreadPoolExecutor.java:1149)
	at java.util.concurrent.ThreadPoolExecutor$Worker.run(ThreadPoolExecutor.java:624)
	at org.apache.tomcat.util.threads.TaskThread$WrappingRunnable.run(TaskThread.java:61)
	at java.lang.Thread.run(Thread.java:748)
2022-06-20 21:24:52.966 [ main ] - [ WARN  ] [ org.mybatis.spring.mapper.ClassPathMapperScanner : 44 ] - No MyBatis mapper was found in '[com.mapper]' package. Please check your configuration.
2022-06-20 21:24:52.967 [ main ] - [ WARN  ] [ org.mybatis.spring.mapper.ClassPathMapperScanner : 44 ] - No MyBatis mapper was found in '[com.universe.marketing.*.mapper]' package. Please check your configuration.
2022-06-20 21:26:48.981 [ main ] - [ WARN  ] [ org.mybatis.spring.mapper.ClassPathMapperScanner : 44 ] - No MyBatis mapper was found in '[com.mapper]' package. Please check your configuration.
2022-06-20 21:26:48.981 [ main ] - [ WARN  ] [ org.mybatis.spring.mapper.ClassPathMapperScanner : 44 ] - No MyBatis mapper was found in '[com.universe.marketing.*.mapper]' package. Please check your configuration.
2022-06-20 21:33:58.526 [ main ] - [ WARN  ] [ org.mybatis.spring.mapper.ClassPathMapperScanner : 44 ] - No MyBatis mapper was found in '[com.mapper]' package. Please check your configuration.
2022-06-20 21:33:58.527 [ main ] - [ WARN  ] [ org.mybatis.spring.mapper.ClassPathMapperScanner : 44 ] - No MyBatis mapper was found in '[com.universe.marketing.*.mapper]' package. Please check your configuration.
2022-06-20 21:49:18.004 [ main ] - [ WARN  ] [ org.mybatis.spring.mapper.ClassPathMapperScanner : 44 ] - No MyBatis mapper was found in '[com.mapper]' package. Please check your configuration.
2022-06-20 21:49:18.005 [ main ] - [ WARN  ] [ org.mybatis.spring.mapper.ClassPathMapperScanner : 44 ] - No MyBatis mapper was found in '[com.universe.marketing.*.mapper]' package. Please check your configuration.
2022-06-20 21:59:02.943 [ main ] - [ WARN  ] [ org.mybatis.spring.mapper.ClassPathMapperScanner : 44 ] - No MyBatis mapper was found in '[com.mapper]' package. Please check your configuration.
2022-06-20 21:59:02.943 [ main ] - [ WARN  ] [ org.mybatis.spring.mapper.ClassPathMapperScanner : 44 ] - No MyBatis mapper was found in '[com.universe.marketing.*.mapper]' package. Please check your configuration.
2022-06-20 22:18:54.417 [ http-nio-8080-exec-7 ] - [ WARN  ] [ com.zaxxer.hikari.pool.PoolBase : 179 ] - HikariPool-1 - Failed to validate connection org.postgresql.jdbc.PgConnection@337d420b (This connection has been closed.). Possibly consider using a shorter maxLifetime value.
2022-06-20 22:18:59.531 [ http-nio-8080-exec-7 ] - [ WARN  ] [ com.zaxxer.hikari.pool.PoolBase : 179 ] - HikariPool-1 - Failed to validate connection org.postgresql.jdbc.PgConnection@491f5fdc (This connection has been closed.). Possibly consider using a shorter maxLifetime value.
2022-06-20 22:19:04.637 [ http-nio-8080-exec-7 ] - [ WARN  ] [ com.zaxxer.hikari.pool.PoolBase : 179 ] - HikariPool-1 - Failed to validate connection org.postgresql.jdbc.PgConnection@7694e269 (This connection has been closed.). Possibly consider using a shorter maxLifetime value.
2022-06-20 22:19:09.764 [ http-nio-8080-exec-7 ] - [ WARN  ] [ com.zaxxer.hikari.pool.PoolBase : 179 ] - HikariPool-1 - Failed to validate connection org.postgresql.jdbc.PgConnection@38f714f (This connection has been closed.). Possibly consider using a shorter maxLifetime value.
2022-06-20 22:19:15.865 [ http-nio-8080-exec-7 ] - [ WARN  ] [ com.zaxxer.hikari.pool.PoolBase : 179 ] - HikariPool-1 - Failed to validate connection org.postgresql.jdbc.PgConnection@bd9af47 (This connection has been closed.). Possibly consider using a shorter maxLifetime value.
2022-06-20 22:19:20.953 [ http-nio-8080-exec-7 ] - [ WARN  ] [ com.zaxxer.hikari.pool.PoolBase : 179 ] - HikariPool-1 - Failed to validate connection org.postgresql.jdbc.PgConnection@2a69bd8e (This connection has been closed.). Possibly consider using a shorter maxLifetime value.
2022-06-20 22:27:11.855 [ http-nio-8080-exec-10 ] - [ WARN  ] [ com.zaxxer.hikari.pool.PoolBase : 179 ] - HikariPool-1 - Failed to validate connection org.postgresql.jdbc.PgConnection@5d4b527e (This connection has been closed.). Possibly consider using a shorter maxLifetime value.
2022-06-20 22:27:17.980 [ http-nio-8080-exec-10 ] - [ WARN  ] [ com.zaxxer.hikari.pool.PoolBase : 179 ] - HikariPool-1 - Failed to validate connection org.postgresql.jdbc.PgConnection@6cdcab75 (This connection has been closed.). Possibly consider using a shorter maxLifetime value.
2022-06-20 22:27:24.115 [ http-nio-8080-exec-10 ] - [ WARN  ] [ com.zaxxer.hikari.pool.PoolBase : 179 ] - HikariPool-1 - Failed to validate connection org.postgresql.jdbc.PgConnection@3d64ad31 (This connection has been closed.). Possibly consider using a shorter maxLifetime value.
2022-06-20 22:27:30.208 [ http-nio-8080-exec-10 ] - [ WARN  ] [ com.zaxxer.hikari.pool.PoolBase : 179 ] - HikariPool-1 - Failed to validate connection org.postgresql.jdbc.PgConnection@45657e49 (This connection has been closed.). Possibly consider using a shorter maxLifetime value.
2022-06-20 22:27:35.319 [ http-nio-8080-exec-10 ] - [ WARN  ] [ com.zaxxer.hikari.pool.PoolBase : 179 ] - HikariPool-1 - Failed to validate connection org.postgresql.jdbc.PgConnection@392af4ec (This connection has been closed.). Possibly consider using a shorter maxLifetime value.
2022-06-20 22:27:41.429 [ http-nio-8080-exec-10 ] - [ WARN  ] [ com.zaxxer.hikari.pool.PoolBase : 179 ] - HikariPool-1 - Failed to validate connection org.postgresql.jdbc.PgConnection@44b6c23e (This connection has been closed.). Possibly consider using a shorter maxLifetime value.
