2022-06-22 10:06:47.170 [ main ] - [ WARN  ] [ org.mybatis.spring.mapper.ClassPathMapperScanner : 44 ] - No MyBatis mapper was found in '[com.mapper]' package. Please check your configuration.
2022-06-22 10:06:47.170 [ main ] - [ WARN  ] [ org.mybatis.spring.mapper.ClassPathMapperScanner : 44 ] - Skipping MapperFactoryBean with name 'userMapper' and 'com.universe.marketing.login.mapper.UserMapper' mapperInterface. Bean already defined with the same name!
2022-06-22 10:06:47.170 [ main ] - [ WARN  ] [ org.mybatis.spring.mapper.ClassPathMapperScanner : 44 ] - Skipping MapperFactoryBean with name 'productMapper' and 'com.universe.marketing.product.mapper.ProductMapper' mapperInterface. Bean already defined with the same name!
2022-06-22 10:06:47.170 [ main ] - [ WARN  ] [ org.mybatis.spring.mapper.ClassPathMapperScanner : 44 ] - Skipping MapperFactoryBean with name 'sortMapper' and 'com.universe.marketing.product.mapper.SortMapper' mapperInterface. Bean already defined with the same name!
2022-06-22 10:06:47.170 [ main ] - [ WARN  ] [ org.mybatis.spring.mapper.ClassPathMapperScanner : 44 ] - Skipping MapperFactoryBean with name 'purchaseMapper' and 'com.universe.marketing.purchase.mapper.PurchaseMapper' mapperInterface. Bean already defined with the same name!
2022-06-22 10:06:47.170 [ main ] - [ WARN  ] [ org.mybatis.spring.mapper.ClassPathMapperScanner : 44 ] - Skipping MapperFactoryBean with name 'purchaseSonMapper' and 'com.universe.marketing.purchase.mapper.PurchaseSonMapper' mapperInterface. Bean already defined with the same name!
2022-06-22 10:06:47.170 [ main ] - [ WARN  ] [ org.mybatis.spring.mapper.ClassPathMapperScanner : 44 ] - Skipping MapperFactoryBean with name 'purchaseSwapMapper' and 'com.universe.marketing.purchase.mapper.PurchaseSwapMapper' mapperInterface. Bean already defined with the same name!
2022-06-22 10:06:47.170 [ main ] - [ WARN  ] [ org.mybatis.spring.mapper.ClassPathMapperScanner : 44 ] - Skipping MapperFactoryBean with name 'productStoreMapper' and 'com.universe.marketing.store.mapper.ProductStoreMapper' mapperInterface. Bean already defined with the same name!
2022-06-22 10:06:47.175 [ main ] - [ WARN  ] [ org.mybatis.spring.mapper.ClassPathMapperScanner : 44 ] - No MyBatis mapper was found in '[com.universe.marketing.*.mapper]' package. Please check your configuration.
2022-06-22 10:14:31.730 [ main ] - [ WARN  ] [ org.mybatis.spring.mapper.ClassPathMapperScanner : 44 ] - No MyBatis mapper was found in '[com.mapper]' package. Please check your configuration.
2022-06-22 10:14:31.740 [ main ] - [ WARN  ] [ org.mybatis.spring.mapper.ClassPathMapperScanner : 44 ] - Skipping MapperFactoryBean with name 'userMapper' and 'com.universe.marketing.login.mapper.UserMapper' mapperInterface. Bean already defined with the same name!
2022-06-22 10:14:31.740 [ main ] - [ WARN  ] [ org.mybatis.spring.mapper.ClassPathMapperScanner : 44 ] - Skipping MapperFactoryBean with name 'productMapper' and 'com.universe.marketing.product.mapper.ProductMapper' mapperInterface. Bean already defined with the same name!
2022-06-22 10:14:31.740 [ main ] - [ WARN  ] [ org.mybatis.spring.mapper.ClassPathMapperScanner : 44 ] - Skipping MapperFactoryBean with name 'sortMapper' and 'com.universe.marketing.product.mapper.SortMapper' mapperInterface. Bean already defined with the same name!
2022-06-22 10:14:31.740 [ main ] - [ WARN  ] [ org.mybatis.spring.mapper.ClassPathMapperScanner : 44 ] - Skipping MapperFactoryBean with name 'purchaseMapper' and 'com.universe.marketing.purchase.mapper.PurchaseMapper' mapperInterface. Bean already defined with the same name!
2022-06-22 10:14:31.740 [ main ] - [ WARN  ] [ org.mybatis.spring.mapper.ClassPathMapperScanner : 44 ] - Skipping MapperFactoryBean with name 'purchaseSonMapper' and 'com.universe.marketing.purchase.mapper.PurchaseSonMapper' mapperInterface. Bean already defined with the same name!
2022-06-22 10:14:31.740 [ main ] - [ WARN  ] [ org.mybatis.spring.mapper.ClassPathMapperScanner : 44 ] - Skipping MapperFactoryBean with name 'purchaseSwapMapper' and 'com.universe.marketing.purchase.mapper.PurchaseSwapMapper' mapperInterface. Bean already defined with the same name!
2022-06-22 10:14:31.740 [ main ] - [ WARN  ] [ org.mybatis.spring.mapper.ClassPathMapperScanner : 44 ] - Skipping MapperFactoryBean with name 'productStoreMapper' and 'com.universe.marketing.store.mapper.ProductStoreMapper' mapperInterface. Bean already defined with the same name!
2022-06-22 10:14:31.740 [ main ] - [ WARN  ] [ org.mybatis.spring.mapper.ClassPathMapperScanner : 44 ] - No MyBatis mapper was found in '[com.universe.marketing.*.mapper]' package. Please check your configuration.
2022-06-22 14:11:24.491 [ main ] - [ WARN  ] [ org.mybatis.spring.mapper.ClassPathMapperScanner : 44 ] - No MyBatis mapper was found in '[com.mapper]' package. Please check your configuration.
2022-06-22 14:11:24.491 [ main ] - [ WARN  ] [ org.mybatis.spring.mapper.ClassPathMapperScanner : 44 ] - Skipping MapperFactoryBean with name 'userMapper' and 'com.universe.marketing.login.mapper.UserMapper' mapperInterface. Bean already defined with the same name!
2022-06-22 14:11:24.491 [ main ] - [ WARN  ] [ org.mybatis.spring.mapper.ClassPathMapperScanner : 44 ] - Skipping MapperFactoryBean with name 'productMapper' and 'com.universe.marketing.product.mapper.ProductMapper' mapperInterface. Bean already defined with the same name!
2022-06-22 14:11:24.491 [ main ] - [ WARN  ] [ org.mybatis.spring.mapper.ClassPathMapperScanner : 44 ] - Skipping MapperFactoryBean with name 'sortMapper' and 'com.universe.marketing.product.mapper.SortMapper' mapperInterface. Bean already defined with the same name!
2022-06-22 14:11:24.491 [ main ] - [ WARN  ] [ org.mybatis.spring.mapper.ClassPathMapperScanner : 44 ] - Skipping MapperFactoryBean with name 'purchaseMapper' and 'com.universe.marketing.purchase.mapper.PurchaseMapper' mapperInterface. Bean already defined with the same name!
2022-06-22 14:11:24.491 [ main ] - [ WARN  ] [ org.mybatis.spring.mapper.ClassPathMapperScanner : 44 ] - Skipping MapperFactoryBean with name 'purchaseSonMapper' and 'com.universe.marketing.purchase.mapper.PurchaseSonMapper' mapperInterface. Bean already defined with the same name!
2022-06-22 14:11:24.491 [ main ] - [ WARN  ] [ org.mybatis.spring.mapper.ClassPathMapperScanner : 44 ] - Skipping MapperFactoryBean with name 'purchaseSwapMapper' and 'com.universe.marketing.purchase.mapper.PurchaseSwapMapper' mapperInterface. Bean already defined with the same name!
2022-06-22 14:11:24.491 [ main ] - [ WARN  ] [ org.mybatis.spring.mapper.ClassPathMapperScanner : 44 ] - Skipping MapperFactoryBean with name 'productStoreMapper' and 'com.universe.marketing.store.mapper.ProductStoreMapper' mapperInterface. Bean already defined with the same name!
2022-06-22 14:11:24.491 [ main ] - [ WARN  ] [ org.mybatis.spring.mapper.ClassPathMapperScanner : 44 ] - No MyBatis mapper was found in '[com.universe.marketing.*.mapper]' package. Please check your configuration.
2022-06-22 14:17:05.350 [ http-nio-8080-exec-7 ] - [ WARN  ] [ com.zaxxer.hikari.pool.PoolBase : 179 ] - HikariPool-1 - Failed to validate connection org.postgresql.jdbc.PgConnection@74f46d6 (This connection has been closed.). Possibly consider using a shorter maxLifetime value.
2022-06-22 14:17:10.366 [ http-nio-8080-exec-7 ] - [ WARN  ] [ com.zaxxer.hikari.pool.PoolBase : 179 ] - HikariPool-1 - Failed to validate connection org.postgresql.jdbc.PgConnection@30f07ca9 (This connection has been closed.). Possibly consider using a shorter maxLifetime value.
2022-06-22 14:17:15.468 [ http-nio-8080-exec-7 ] - [ WARN  ] [ com.zaxxer.hikari.pool.PoolBase : 179 ] - HikariPool-1 - Failed to validate connection org.postgresql.jdbc.PgConnection@292a7888 (This connection has been closed.). Possibly consider using a shorter maxLifetime value.
2022-06-22 14:17:20.473 [ http-nio-8080-exec-7 ] - [ WARN  ] [ com.zaxxer.hikari.pool.PoolBase : 179 ] - HikariPool-1 - Failed to validate connection org.postgresql.jdbc.PgConnection@a38008c (This connection has been closed.). Possibly consider using a shorter maxLifetime value.
2022-06-22 14:17:20.552 [ http-nio-8080-exec-9 ] - [ WARN  ] [ com.zaxxer.hikari.pool.PoolBase : 179 ] - HikariPool-1 - Failed to validate connection org.postgresql.jdbc.PgConnection@6bf55b54 (This connection has been closed.). Possibly consider using a shorter maxLifetime value.
2022-06-22 14:17:25.558 [ http-nio-8080-exec-9 ] - [ WARN  ] [ com.zaxxer.hikari.pool.PoolBase : 179 ] - HikariPool-1 - Failed to validate connection org.postgresql.jdbc.PgConnection@2ef7d84e (This connection has been closed.). Possibly consider using a shorter maxLifetime value.
2022-06-22 14:17:25.582 [ http-nio-8080-exec-7 ] - [ WARN  ] [ com.zaxxer.hikari.pool.PoolBase : 179 ] - HikariPool-1 - Failed to validate connection org.postgresql.jdbc.PgConnection@31f97a16 (This connection has been closed.). Possibly consider using a shorter maxLifetime value.
2022-06-22 14:17:30.602 [ http-nio-8080-exec-7 ] - [ WARN  ] [ com.zaxxer.hikari.pool.PoolBase : 179 ] - HikariPool-1 - Failed to validate connection org.postgresql.jdbc.PgConnection@799e752d (This connection has been closed.). Possibly consider using a shorter maxLifetime value.
2022-06-22 14:17:30.658 [ http-nio-8080-exec-9 ] - [ WARN  ] [ com.zaxxer.hikari.pool.PoolBase : 179 ] - HikariPool-1 - Failed to validate connection org.postgresql.jdbc.PgConnection@1f937675 (This connection has been closed.). Possibly consider using a shorter maxLifetime value.
2022-06-22 14:17:35.756 [ http-nio-8080-exec-9 ] - [ WARN  ] [ com.zaxxer.hikari.pool.PoolBase : 179 ] - HikariPool-1 - Failed to validate connection org.postgresql.jdbc.PgConnection@5e7db128 (This connection has been closed.). Possibly consider using a shorter maxLifetime value.
2022-06-22 14:17:46.952 [ main ] - [ WARN  ] [ org.mybatis.spring.mapper.ClassPathMapperScanner : 44 ] - No MyBatis mapper was found in '[com.mapper]' package. Please check your configuration.
2022-06-22 14:17:46.958 [ main ] - [ WARN  ] [ org.mybatis.spring.mapper.ClassPathMapperScanner : 44 ] - Skipping MapperFactoryBean with name 'userMapper' and 'com.universe.marketing.login.mapper.UserMapper' mapperInterface. Bean already defined with the same name!
2022-06-22 14:17:46.958 [ main ] - [ WARN  ] [ org.mybatis.spring.mapper.ClassPathMapperScanner : 44 ] - Skipping MapperFactoryBean with name 'productMapper' and 'com.universe.marketing.product.mapper.ProductMapper' mapperInterface. Bean already defined with the same name!
2022-06-22 14:17:46.958 [ main ] - [ WARN  ] [ org.mybatis.spring.mapper.ClassPathMapperScanner : 44 ] - Skipping MapperFactoryBean with name 'sortMapper' and 'com.universe.marketing.product.mapper.SortMapper' mapperInterface. Bean already defined with the same name!
2022-06-22 14:17:46.958 [ main ] - [ WARN  ] [ org.mybatis.spring.mapper.ClassPathMapperScanner : 44 ] - Skipping MapperFactoryBean with name 'purchaseMapper' and 'com.universe.marketing.purchase.mapper.PurchaseMapper' mapperInterface. Bean already defined with the same name!
2022-06-22 14:17:46.958 [ main ] - [ WARN  ] [ org.mybatis.spring.mapper.ClassPathMapperScanner : 44 ] - Skipping MapperFactoryBean with name 'purchaseSonMapper' and 'com.universe.marketing.purchase.mapper.PurchaseSonMapper' mapperInterface. Bean already defined with the same name!
2022-06-22 14:17:46.958 [ main ] - [ WARN  ] [ org.mybatis.spring.mapper.ClassPathMapperScanner : 44 ] - Skipping MapperFactoryBean with name 'purchaseSwapMapper' and 'com.universe.marketing.purchase.mapper.PurchaseSwapMapper' mapperInterface. Bean already defined with the same name!
2022-06-22 14:17:46.958 [ main ] - [ WARN  ] [ org.mybatis.spring.mapper.ClassPathMapperScanner : 44 ] - Skipping MapperFactoryBean with name 'productStoreMapper' and 'com.universe.marketing.store.mapper.ProductStoreMapper' mapperInterface. Bean already defined with the same name!
2022-06-22 14:17:46.958 [ main ] - [ WARN  ] [ org.mybatis.spring.mapper.ClassPathMapperScanner : 44 ] - No MyBatis mapper was found in '[com.universe.marketing.*.mapper]' package. Please check your configuration.
2022-06-22 14:20:58.832 [ main ] - [ WARN  ] [ org.mybatis.spring.mapper.ClassPathMapperScanner : 44 ] - No MyBatis mapper was found in '[com.mapper]' package. Please check your configuration.
2022-06-22 14:20:58.832 [ main ] - [ WARN  ] [ org.mybatis.spring.mapper.ClassPathMapperScanner : 44 ] - Skipping MapperFactoryBean with name 'userMapper' and 'com.universe.marketing.login.mapper.UserMapper' mapperInterface. Bean already defined with the same name!
2022-06-22 14:20:58.832 [ main ] - [ WARN  ] [ org.mybatis.spring.mapper.ClassPathMapperScanner : 44 ] - Skipping MapperFactoryBean with name 'productMapper' and 'com.universe.marketing.product.mapper.ProductMapper' mapperInterface. Bean already defined with the same name!
2022-06-22 14:20:58.838 [ main ] - [ WARN  ] [ org.mybatis.spring.mapper.ClassPathMapperScanner : 44 ] - Skipping MapperFactoryBean with name 'sortMapper' and 'com.universe.marketing.product.mapper.SortMapper' mapperInterface. Bean already defined with the same name!
2022-06-22 14:20:58.838 [ main ] - [ WARN  ] [ org.mybatis.spring.mapper.ClassPathMapperScanner : 44 ] - Skipping MapperFactoryBean with name 'purchaseMapper' and 'com.universe.marketing.purchase.mapper.PurchaseMapper' mapperInterface. Bean already defined with the same name!
2022-06-22 14:20:58.838 [ main ] - [ WARN  ] [ org.mybatis.spring.mapper.ClassPathMapperScanner : 44 ] - Skipping MapperFactoryBean with name 'purchaseSonMapper' and 'com.universe.marketing.purchase.mapper.PurchaseSonMapper' mapperInterface. Bean already defined with the same name!
2022-06-22 14:20:58.838 [ main ] - [ WARN  ] [ org.mybatis.spring.mapper.ClassPathMapperScanner : 44 ] - Skipping MapperFactoryBean with name 'purchaseSwapMapper' and 'com.universe.marketing.purchase.mapper.PurchaseSwapMapper' mapperInterface. Bean already defined with the same name!
2022-06-22 14:20:58.838 [ main ] - [ WARN  ] [ org.mybatis.spring.mapper.ClassPathMapperScanner : 44 ] - Skipping MapperFactoryBean with name 'productStoreMapper' and 'com.universe.marketing.store.mapper.ProductStoreMapper' mapperInterface. Bean already defined with the same name!
2022-06-22 14:20:58.838 [ main ] - [ WARN  ] [ org.mybatis.spring.mapper.ClassPathMapperScanner : 44 ] - No MyBatis mapper was found in '[com.universe.marketing.*.mapper]' package. Please check your configuration.
2022-06-22 14:23:03.032 [ main ] - [ WARN  ] [ org.mybatis.spring.mapper.ClassPathMapperScanner : 44 ] - No MyBatis mapper was found in '[com.mapper]' package. Please check your configuration.
2022-06-22 14:23:03.038 [ main ] - [ WARN  ] [ org.mybatis.spring.mapper.ClassPathMapperScanner : 44 ] - Skipping MapperFactoryBean with name 'userMapper' and 'com.universe.marketing.login.mapper.UserMapper' mapperInterface. Bean already defined with the same name!
2022-06-22 14:23:03.038 [ main ] - [ WARN  ] [ org.mybatis.spring.mapper.ClassPathMapperScanner : 44 ] - Skipping MapperFactoryBean with name 'productMapper' and 'com.universe.marketing.product.mapper.ProductMapper' mapperInterface. Bean already defined with the same name!
2022-06-22 14:23:03.038 [ main ] - [ WARN  ] [ org.mybatis.spring.mapper.ClassPathMapperScanner : 44 ] - Skipping MapperFactoryBean with name 'sortMapper' and 'com.universe.marketing.product.mapper.SortMapper' mapperInterface. Bean already defined with the same name!
2022-06-22 14:23:03.038 [ main ] - [ WARN  ] [ org.mybatis.spring.mapper.ClassPathMapperScanner : 44 ] - Skipping MapperFactoryBean with name 'purchaseMapper' and 'com.universe.marketing.purchase.mapper.PurchaseMapper' mapperInterface. Bean already defined with the same name!
2022-06-22 14:23:03.038 [ main ] - [ WARN  ] [ org.mybatis.spring.mapper.ClassPathMapperScanner : 44 ] - Skipping MapperFactoryBean with name 'purchaseSonMapper' and 'com.universe.marketing.purchase.mapper.PurchaseSonMapper' mapperInterface. Bean already defined with the same name!
2022-06-22 14:23:03.038 [ main ] - [ WARN  ] [ org.mybatis.spring.mapper.ClassPathMapperScanner : 44 ] - Skipping MapperFactoryBean with name 'purchaseSwapMapper' and 'com.universe.marketing.purchase.mapper.PurchaseSwapMapper' mapperInterface. Bean already defined with the same name!
2022-06-22 14:23:03.038 [ main ] - [ WARN  ] [ org.mybatis.spring.mapper.ClassPathMapperScanner : 44 ] - Skipping MapperFactoryBean with name 'productStoreMapper' and 'com.universe.marketing.store.mapper.ProductStoreMapper' mapperInterface. Bean already defined with the same name!
2022-06-22 14:23:03.038 [ main ] - [ WARN  ] [ org.mybatis.spring.mapper.ClassPathMapperScanner : 44 ] - No MyBatis mapper was found in '[com.universe.marketing.*.mapper]' package. Please check your configuration.
2022-06-22 14:28:00.622 [ main ] - [ WARN  ] [ org.mybatis.spring.mapper.ClassPathMapperScanner : 44 ] - No MyBatis mapper was found in '[com.mapper]' package. Please check your configuration.
2022-06-22 14:28:00.622 [ main ] - [ WARN  ] [ org.mybatis.spring.mapper.ClassPathMapperScanner : 44 ] - Skipping MapperFactoryBean with name 'userMapper' and 'com.universe.marketing.login.mapper.UserMapper' mapperInterface. Bean already defined with the same name!
2022-06-22 14:28:00.622 [ main ] - [ WARN  ] [ org.mybatis.spring.mapper.ClassPathMapperScanner : 44 ] - Skipping MapperFactoryBean with name 'productMapper' and 'com.universe.marketing.product.mapper.ProductMapper' mapperInterface. Bean already defined with the same name!
2022-06-22 14:28:00.622 [ main ] - [ WARN  ] [ org.mybatis.spring.mapper.ClassPathMapperScanner : 44 ] - Skipping MapperFactoryBean with name 'sortMapper' and 'com.universe.marketing.product.mapper.SortMapper' mapperInterface. Bean already defined with the same name!
2022-06-22 14:28:00.622 [ main ] - [ WARN  ] [ org.mybatis.spring.mapper.ClassPathMapperScanner : 44 ] - Skipping MapperFactoryBean with name 'purchaseMapper' and 'com.universe.marketing.purchase.mapper.PurchaseMapper' mapperInterface. Bean already defined with the same name!
2022-06-22 14:28:00.622 [ main ] - [ WARN  ] [ org.mybatis.spring.mapper.ClassPathMapperScanner : 44 ] - Skipping MapperFactoryBean with name 'purchaseSonMapper' and 'com.universe.marketing.purchase.mapper.PurchaseSonMapper' mapperInterface. Bean already defined with the same name!
2022-06-22 14:28:00.622 [ main ] - [ WARN  ] [ org.mybatis.spring.mapper.ClassPathMapperScanner : 44 ] - Skipping MapperFactoryBean with name 'purchaseSwapMapper' and 'com.universe.marketing.purchase.mapper.PurchaseSwapMapper' mapperInterface. Bean already defined with the same name!
2022-06-22 14:28:00.622 [ main ] - [ WARN  ] [ org.mybatis.spring.mapper.ClassPathMapperScanner : 44 ] - Skipping MapperFactoryBean with name 'productStoreMapper' and 'com.universe.marketing.store.mapper.ProductStoreMapper' mapperInterface. Bean already defined with the same name!
2022-06-22 14:28:00.622 [ main ] - [ WARN  ] [ org.mybatis.spring.mapper.ClassPathMapperScanner : 44 ] - No MyBatis mapper was found in '[com.universe.marketing.*.mapper]' package. Please check your configuration.
2022-06-22 14:29:00.663 [ main ] - [ WARN  ] [ org.mybatis.spring.mapper.ClassPathMapperScanner : 44 ] - No MyBatis mapper was found in '[com.mapper]' package. Please check your configuration.
2022-06-22 14:29:00.672 [ main ] - [ WARN  ] [ org.mybatis.spring.mapper.ClassPathMapperScanner : 44 ] - Skipping MapperFactoryBean with name 'userMapper' and 'com.universe.marketing.login.mapper.UserMapper' mapperInterface. Bean already defined with the same name!
2022-06-22 14:29:00.672 [ main ] - [ WARN  ] [ org.mybatis.spring.mapper.ClassPathMapperScanner : 44 ] - Skipping MapperFactoryBean with name 'productMapper' and 'com.universe.marketing.product.mapper.ProductMapper' mapperInterface. Bean already defined with the same name!
2022-06-22 14:29:00.672 [ main ] - [ WARN  ] [ org.mybatis.spring.mapper.ClassPathMapperScanner : 44 ] - Skipping MapperFactoryBean with name 'sortMapper' and 'com.universe.marketing.product.mapper.SortMapper' mapperInterface. Bean already defined with the same name!
2022-06-22 14:29:00.672 [ main ] - [ WARN  ] [ org.mybatis.spring.mapper.ClassPathMapperScanner : 44 ] - Skipping MapperFactoryBean with name 'purchaseMapper' and 'com.universe.marketing.purchase.mapper.PurchaseMapper' mapperInterface. Bean already defined with the same name!
2022-06-22 14:29:00.672 [ main ] - [ WARN  ] [ org.mybatis.spring.mapper.ClassPathMapperScanner : 44 ] - Skipping MapperFactoryBean with name 'purchaseSonMapper' and 'com.universe.marketing.purchase.mapper.PurchaseSonMapper' mapperInterface. Bean already defined with the same name!
2022-06-22 14:29:00.672 [ main ] - [ WARN  ] [ org.mybatis.spring.mapper.ClassPathMapperScanner : 44 ] - Skipping MapperFactoryBean with name 'purchaseSwapMapper' and 'com.universe.marketing.purchase.mapper.PurchaseSwapMapper' mapperInterface. Bean already defined with the same name!
2022-06-22 14:29:00.672 [ main ] - [ WARN  ] [ org.mybatis.spring.mapper.ClassPathMapperScanner : 44 ] - Skipping MapperFactoryBean with name 'productStoreMapper' and 'com.universe.marketing.store.mapper.ProductStoreMapper' mapperInterface. Bean already defined with the same name!
2022-06-22 14:29:00.677 [ main ] - [ WARN  ] [ org.mybatis.spring.mapper.ClassPathMapperScanner : 44 ] - No MyBatis mapper was found in '[com.universe.marketing.*.mapper]' package. Please check your configuration.
2022-06-22 14:32:45.902 [ main ] - [ WARN  ] [ org.mybatis.spring.mapper.ClassPathMapperScanner : 44 ] - No MyBatis mapper was found in '[com.mapper]' package. Please check your configuration.
2022-06-22 14:32:45.902 [ main ] - [ WARN  ] [ org.mybatis.spring.mapper.ClassPathMapperScanner : 44 ] - Skipping MapperFactoryBean with name 'userMapper' and 'com.universe.marketing.login.mapper.UserMapper' mapperInterface. Bean already defined with the same name!
2022-06-22 14:32:45.902 [ main ] - [ WARN  ] [ org.mybatis.spring.mapper.ClassPathMapperScanner : 44 ] - Skipping MapperFactoryBean with name 'productMapper' and 'com.universe.marketing.product.mapper.ProductMapper' mapperInterface. Bean already defined with the same name!
2022-06-22 14:32:45.902 [ main ] - [ WARN  ] [ org.mybatis.spring.mapper.ClassPathMapperScanner : 44 ] - Skipping MapperFactoryBean with name 'sortMapper' and 'com.universe.marketing.product.mapper.SortMapper' mapperInterface. Bean already defined with the same name!
2022-06-22 14:32:45.902 [ main ] - [ WARN  ] [ org.mybatis.spring.mapper.ClassPathMapperScanner : 44 ] - Skipping MapperFactoryBean with name 'purchaseMapper' and 'com.universe.marketing.purchase.mapper.PurchaseMapper' mapperInterface. Bean already defined with the same name!
2022-06-22 14:32:45.902 [ main ] - [ WARN  ] [ org.mybatis.spring.mapper.ClassPathMapperScanner : 44 ] - Skipping MapperFactoryBean with name 'purchaseSonMapper' and 'com.universe.marketing.purchase.mapper.PurchaseSonMapper' mapperInterface. Bean already defined with the same name!
2022-06-22 14:32:45.902 [ main ] - [ WARN  ] [ org.mybatis.spring.mapper.ClassPathMapperScanner : 44 ] - Skipping MapperFactoryBean with name 'purchaseSwapMapper' and 'com.universe.marketing.purchase.mapper.PurchaseSwapMapper' mapperInterface. Bean already defined with the same name!
2022-06-22 14:32:45.907 [ main ] - [ WARN  ] [ org.mybatis.spring.mapper.ClassPathMapperScanner : 44 ] - Skipping MapperFactoryBean with name 'productStoreMapper' and 'com.universe.marketing.store.mapper.ProductStoreMapper' mapperInterface. Bean already defined with the same name!
2022-06-22 14:32:45.907 [ main ] - [ WARN  ] [ org.mybatis.spring.mapper.ClassPathMapperScanner : 44 ] - No MyBatis mapper was found in '[com.universe.marketing.*.mapper]' package. Please check your configuration.
2022-06-22 14:34:11.243 [ main ] - [ WARN  ] [ org.mybatis.spring.mapper.ClassPathMapperScanner : 44 ] - No MyBatis mapper was found in '[com.mapper]' package. Please check your configuration.
2022-06-22 14:34:11.247 [ main ] - [ WARN  ] [ org.mybatis.spring.mapper.ClassPathMapperScanner : 44 ] - Skipping MapperFactoryBean with name 'userMapper' and 'com.universe.marketing.login.mapper.UserMapper' mapperInterface. Bean already defined with the same name!
2022-06-22 14:34:11.247 [ main ] - [ WARN  ] [ org.mybatis.spring.mapper.ClassPathMapperScanner : 44 ] - Skipping MapperFactoryBean with name 'productMapper' and 'com.universe.marketing.product.mapper.ProductMapper' mapperInterface. Bean already defined with the same name!
2022-06-22 14:34:11.247 [ main ] - [ WARN  ] [ org.mybatis.spring.mapper.ClassPathMapperScanner : 44 ] - Skipping MapperFactoryBean with name 'sortMapper' and 'com.universe.marketing.product.mapper.SortMapper' mapperInterface. Bean already defined with the same name!
2022-06-22 14:34:11.247 [ main ] - [ WARN  ] [ org.mybatis.spring.mapper.ClassPathMapperScanner : 44 ] - Skipping MapperFactoryBean with name 'purchaseMapper' and 'com.universe.marketing.purchase.mapper.PurchaseMapper' mapperInterface. Bean already defined with the same name!
2022-06-22 14:34:11.247 [ main ] - [ WARN  ] [ org.mybatis.spring.mapper.ClassPathMapperScanner : 44 ] - Skipping MapperFactoryBean with name 'purchaseSonMapper' and 'com.universe.marketing.purchase.mapper.PurchaseSonMapper' mapperInterface. Bean already defined with the same name!
2022-06-22 14:34:11.247 [ main ] - [ WARN  ] [ org.mybatis.spring.mapper.ClassPathMapperScanner : 44 ] - Skipping MapperFactoryBean with name 'purchaseSwapMapper' and 'com.universe.marketing.purchase.mapper.PurchaseSwapMapper' mapperInterface. Bean already defined with the same name!
2022-06-22 14:34:11.247 [ main ] - [ WARN  ] [ org.mybatis.spring.mapper.ClassPathMapperScanner : 44 ] - Skipping MapperFactoryBean with name 'productStoreMapper' and 'com.universe.marketing.store.mapper.ProductStoreMapper' mapperInterface. Bean already defined with the same name!
2022-06-22 14:34:11.247 [ main ] - [ WARN  ] [ org.mybatis.spring.mapper.ClassPathMapperScanner : 44 ] - No MyBatis mapper was found in '[com.universe.marketing.*.mapper]' package. Please check your configuration.
2022-06-22 14:34:27.789 [ main ] - [ WARN  ] [ org.mybatis.spring.mapper.ClassPathMapperScanner : 44 ] - No MyBatis mapper was found in '[com.mapper]' package. Please check your configuration.
2022-06-22 14:34:27.793 [ main ] - [ WARN  ] [ org.mybatis.spring.mapper.ClassPathMapperScanner : 44 ] - Skipping MapperFactoryBean with name 'userMapper' and 'com.universe.marketing.login.mapper.UserMapper' mapperInterface. Bean already defined with the same name!
2022-06-22 14:34:27.793 [ main ] - [ WARN  ] [ org.mybatis.spring.mapper.ClassPathMapperScanner : 44 ] - Skipping MapperFactoryBean with name 'productMapper' and 'com.universe.marketing.product.mapper.ProductMapper' mapperInterface. Bean already defined with the same name!
2022-06-22 14:34:27.793 [ main ] - [ WARN  ] [ org.mybatis.spring.mapper.ClassPathMapperScanner : 44 ] - Skipping MapperFactoryBean with name 'sortMapper' and 'com.universe.marketing.product.mapper.SortMapper' mapperInterface. Bean already defined with the same name!
2022-06-22 14:34:27.793 [ main ] - [ WARN  ] [ org.mybatis.spring.mapper.ClassPathMapperScanner : 44 ] - Skipping MapperFactoryBean with name 'purchaseMapper' and 'com.universe.marketing.purchase.mapper.PurchaseMapper' mapperInterface. Bean already defined with the same name!
2022-06-22 14:34:27.793 [ main ] - [ WARN  ] [ org.mybatis.spring.mapper.ClassPathMapperScanner : 44 ] - Skipping MapperFactoryBean with name 'purchaseSonMapper' and 'com.universe.marketing.purchase.mapper.PurchaseSonMapper' mapperInterface. Bean already defined with the same name!
2022-06-22 14:34:27.793 [ main ] - [ WARN  ] [ org.mybatis.spring.mapper.ClassPathMapperScanner : 44 ] - Skipping MapperFactoryBean with name 'purchaseSwapMapper' and 'com.universe.marketing.purchase.mapper.PurchaseSwapMapper' mapperInterface. Bean already defined with the same name!
2022-06-22 14:34:27.793 [ main ] - [ WARN  ] [ org.mybatis.spring.mapper.ClassPathMapperScanner : 44 ] - Skipping MapperFactoryBean with name 'productStoreMapper' and 'com.universe.marketing.store.mapper.ProductStoreMapper' mapperInterface. Bean already defined with the same name!
2022-06-22 14:34:27.794 [ main ] - [ WARN  ] [ org.mybatis.spring.mapper.ClassPathMapperScanner : 44 ] - No MyBatis mapper was found in '[com.universe.marketing.*.mapper]' package. Please check your configuration.
2022-06-22 14:34:46.083 [ main ] - [ WARN  ] [ org.mybatis.spring.mapper.ClassPathMapperScanner : 44 ] - No MyBatis mapper was found in '[com.mapper]' package. Please check your configuration.
2022-06-22 14:34:46.083 [ main ] - [ WARN  ] [ org.mybatis.spring.mapper.ClassPathMapperScanner : 44 ] - Skipping MapperFactoryBean with name 'userMapper' and 'com.universe.marketing.login.mapper.UserMapper' mapperInterface. Bean already defined with the same name!
2022-06-22 14:34:46.088 [ main ] - [ WARN  ] [ org.mybatis.spring.mapper.ClassPathMapperScanner : 44 ] - Skipping MapperFactoryBean with name 'productMapper' and 'com.universe.marketing.product.mapper.ProductMapper' mapperInterface. Bean already defined with the same name!
2022-06-22 14:34:46.088 [ main ] - [ WARN  ] [ org.mybatis.spring.mapper.ClassPathMapperScanner : 44 ] - Skipping MapperFactoryBean with name 'sortMapper' and 'com.universe.marketing.product.mapper.SortMapper' mapperInterface. Bean already defined with the same name!
2022-06-22 14:34:46.088 [ main ] - [ WARN  ] [ org.mybatis.spring.mapper.ClassPathMapperScanner : 44 ] - Skipping MapperFactoryBean with name 'purchaseMapper' and 'com.universe.marketing.purchase.mapper.PurchaseMapper' mapperInterface. Bean already defined with the same name!
2022-06-22 14:34:46.088 [ main ] - [ WARN  ] [ org.mybatis.spring.mapper.ClassPathMapperScanner : 44 ] - Skipping MapperFactoryBean with name 'purchaseSonMapper' and 'com.universe.marketing.purchase.mapper.PurchaseSonMapper' mapperInterface. Bean already defined with the same name!
2022-06-22 14:34:46.088 [ main ] - [ WARN  ] [ org.mybatis.spring.mapper.ClassPathMapperScanner : 44 ] - Skipping MapperFactoryBean with name 'purchaseSwapMapper' and 'com.universe.marketing.purchase.mapper.PurchaseSwapMapper' mapperInterface. Bean already defined with the same name!
2022-06-22 14:34:46.088 [ main ] - [ WARN  ] [ org.mybatis.spring.mapper.ClassPathMapperScanner : 44 ] - Skipping MapperFactoryBean with name 'productStoreMapper' and 'com.universe.marketing.store.mapper.ProductStoreMapper' mapperInterface. Bean already defined with the same name!
2022-06-22 14:34:46.088 [ main ] - [ WARN  ] [ org.mybatis.spring.mapper.ClassPathMapperScanner : 44 ] - No MyBatis mapper was found in '[com.universe.marketing.*.mapper]' package. Please check your configuration.
2022-06-22 14:40:40.659 [ main ] - [ WARN  ] [ org.mybatis.spring.mapper.ClassPathMapperScanner : 44 ] - No MyBatis mapper was found in '[com.mapper]' package. Please check your configuration.
2022-06-22 14:40:40.663 [ main ] - [ WARN  ] [ org.mybatis.spring.mapper.ClassPathMapperScanner : 44 ] - Skipping MapperFactoryBean with name 'userMapper' and 'com.universe.marketing.login.mapper.UserMapper' mapperInterface. Bean already defined with the same name!
2022-06-22 14:40:40.663 [ main ] - [ WARN  ] [ org.mybatis.spring.mapper.ClassPathMapperScanner : 44 ] - Skipping MapperFactoryBean with name 'productMapper' and 'com.universe.marketing.product.mapper.ProductMapper' mapperInterface. Bean already defined with the same name!
2022-06-22 14:40:40.663 [ main ] - [ WARN  ] [ org.mybatis.spring.mapper.ClassPathMapperScanner : 44 ] - Skipping MapperFactoryBean with name 'sortMapper' and 'com.universe.marketing.product.mapper.SortMapper' mapperInterface. Bean already defined with the same name!
2022-06-22 14:40:40.663 [ main ] - [ WARN  ] [ org.mybatis.spring.mapper.ClassPathMapperScanner : 44 ] - Skipping MapperFactoryBean with name 'purchaseMapper' and 'com.universe.marketing.purchase.mapper.PurchaseMapper' mapperInterface. Bean already defined with the same name!
2022-06-22 14:40:40.663 [ main ] - [ WARN  ] [ org.mybatis.spring.mapper.ClassPathMapperScanner : 44 ] - Skipping MapperFactoryBean with name 'purchaseSonMapper' and 'com.universe.marketing.purchase.mapper.PurchaseSonMapper' mapperInterface. Bean already defined with the same name!
2022-06-22 14:40:40.663 [ main ] - [ WARN  ] [ org.mybatis.spring.mapper.ClassPathMapperScanner : 44 ] - Skipping MapperFactoryBean with name 'purchaseSwapMapper' and 'com.universe.marketing.purchase.mapper.PurchaseSwapMapper' mapperInterface. Bean already defined with the same name!
2022-06-22 14:40:40.663 [ main ] - [ WARN  ] [ org.mybatis.spring.mapper.ClassPathMapperScanner : 44 ] - Skipping MapperFactoryBean with name 'productStoreMapper' and 'com.universe.marketing.store.mapper.ProductStoreMapper' mapperInterface. Bean already defined with the same name!
2022-06-22 14:40:40.663 [ main ] - [ WARN  ] [ org.mybatis.spring.mapper.ClassPathMapperScanner : 44 ] - No MyBatis mapper was found in '[com.universe.marketing.*.mapper]' package. Please check your configuration.
2022-06-22 14:42:30.931 [ main ] - [ WARN  ] [ org.mybatis.spring.mapper.ClassPathMapperScanner : 44 ] - No MyBatis mapper was found in '[com.mapper]' package. Please check your configuration.
2022-06-22 14:42:30.934 [ main ] - [ WARN  ] [ org.mybatis.spring.mapper.ClassPathMapperScanner : 44 ] - Skipping MapperFactoryBean with name 'userMapper' and 'com.universe.marketing.login.mapper.UserMapper' mapperInterface. Bean already defined with the same name!
2022-06-22 14:42:30.934 [ main ] - [ WARN  ] [ org.mybatis.spring.mapper.ClassPathMapperScanner : 44 ] - Skipping MapperFactoryBean with name 'productMapper' and 'com.universe.marketing.product.mapper.ProductMapper' mapperInterface. Bean already defined with the same name!
2022-06-22 14:42:30.934 [ main ] - [ WARN  ] [ org.mybatis.spring.mapper.ClassPathMapperScanner : 44 ] - Skipping MapperFactoryBean with name 'sortMapper' and 'com.universe.marketing.product.mapper.SortMapper' mapperInterface. Bean already defined with the same name!
2022-06-22 14:42:30.934 [ main ] - [ WARN  ] [ org.mybatis.spring.mapper.ClassPathMapperScanner : 44 ] - Skipping MapperFactoryBean with name 'purchaseMapper' and 'com.universe.marketing.purchase.mapper.PurchaseMapper' mapperInterface. Bean already defined with the same name!
2022-06-22 14:42:30.934 [ main ] - [ WARN  ] [ org.mybatis.spring.mapper.ClassPathMapperScanner : 44 ] - Skipping MapperFactoryBean with name 'purchaseSonMapper' and 'com.universe.marketing.purchase.mapper.PurchaseSonMapper' mapperInterface. Bean already defined with the same name!
2022-06-22 14:42:30.934 [ main ] - [ WARN  ] [ org.mybatis.spring.mapper.ClassPathMapperScanner : 44 ] - Skipping MapperFactoryBean with name 'purchaseSwapMapper' and 'com.universe.marketing.purchase.mapper.PurchaseSwapMapper' mapperInterface. Bean already defined with the same name!
2022-06-22 14:42:30.934 [ main ] - [ WARN  ] [ org.mybatis.spring.mapper.ClassPathMapperScanner : 44 ] - Skipping MapperFactoryBean with name 'productStoreMapper' and 'com.universe.marketing.store.mapper.ProductStoreMapper' mapperInterface. Bean already defined with the same name!
2022-06-22 14:42:30.934 [ main ] - [ WARN  ] [ org.mybatis.spring.mapper.ClassPathMapperScanner : 44 ] - No MyBatis mapper was found in '[com.universe.marketing.*.mapper]' package. Please check your configuration.
2022-06-22 14:43:13.315 [ main ] - [ WARN  ] [ org.mybatis.spring.mapper.ClassPathMapperScanner : 44 ] - No MyBatis mapper was found in '[com.mapper]' package. Please check your configuration.
2022-06-22 14:43:13.315 [ main ] - [ WARN  ] [ org.mybatis.spring.mapper.ClassPathMapperScanner : 44 ] - Skipping MapperFactoryBean with name 'userMapper' and 'com.universe.marketing.login.mapper.UserMapper' mapperInterface. Bean already defined with the same name!
2022-06-22 14:43:13.315 [ main ] - [ WARN  ] [ org.mybatis.spring.mapper.ClassPathMapperScanner : 44 ] - Skipping MapperFactoryBean with name 'productMapper' and 'com.universe.marketing.product.mapper.ProductMapper' mapperInterface. Bean already defined with the same name!
2022-06-22 14:43:13.315 [ main ] - [ WARN  ] [ org.mybatis.spring.mapper.ClassPathMapperScanner : 44 ] - Skipping MapperFactoryBean with name 'sortMapper' and 'com.universe.marketing.product.mapper.SortMapper' mapperInterface. Bean already defined with the same name!
2022-06-22 14:43:13.315 [ main ] - [ WARN  ] [ org.mybatis.spring.mapper.ClassPathMapperScanner : 44 ] - Skipping MapperFactoryBean with name 'purchaseMapper' and 'com.universe.marketing.purchase.mapper.PurchaseMapper' mapperInterface. Bean already defined with the same name!
2022-06-22 14:43:13.315 [ main ] - [ WARN  ] [ org.mybatis.spring.mapper.ClassPathMapperScanner : 44 ] - Skipping MapperFactoryBean with name 'purchaseSonMapper' and 'com.universe.marketing.purchase.mapper.PurchaseSonMapper' mapperInterface. Bean already defined with the same name!
2022-06-22 14:43:13.315 [ main ] - [ WARN  ] [ org.mybatis.spring.mapper.ClassPathMapperScanner : 44 ] - Skipping MapperFactoryBean with name 'purchaseSwapMapper' and 'com.universe.marketing.purchase.mapper.PurchaseSwapMapper' mapperInterface. Bean already defined with the same name!
2022-06-22 14:43:13.315 [ main ] - [ WARN  ] [ org.mybatis.spring.mapper.ClassPathMapperScanner : 44 ] - Skipping MapperFactoryBean with name 'productStoreMapper' and 'com.universe.marketing.store.mapper.ProductStoreMapper' mapperInterface. Bean already defined with the same name!
2022-06-22 14:43:13.315 [ main ] - [ WARN  ] [ org.mybatis.spring.mapper.ClassPathMapperScanner : 44 ] - No MyBatis mapper was found in '[com.universe.marketing.*.mapper]' package. Please check your configuration.
2022-06-22 18:23:31.081 [ main ] - [ WARN  ] [ org.mybatis.spring.mapper.ClassPathMapperScanner : 44 ] - No MyBatis mapper was found in '[com.mapper]' package. Please check your configuration.
2022-06-22 18:23:31.084 [ main ] - [ WARN  ] [ org.mybatis.spring.mapper.ClassPathMapperScanner : 44 ] - Skipping MapperFactoryBean with name 'userMapper' and 'com.universe.marketing.login.mapper.UserMapper' mapperInterface. Bean already defined with the same name!
2022-06-22 18:23:31.084 [ main ] - [ WARN  ] [ org.mybatis.spring.mapper.ClassPathMapperScanner : 44 ] - Skipping MapperFactoryBean with name 'productMapper' and 'com.universe.marketing.product.mapper.ProductMapper' mapperInterface. Bean already defined with the same name!
2022-06-22 18:23:31.084 [ main ] - [ WARN  ] [ org.mybatis.spring.mapper.ClassPathMapperScanner : 44 ] - Skipping MapperFactoryBean with name 'sortMapper' and 'com.universe.marketing.product.mapper.SortMapper' mapperInterface. Bean already defined with the same name!
2022-06-22 18:23:31.084 [ main ] - [ WARN  ] [ org.mybatis.spring.mapper.ClassPathMapperScanner : 44 ] - Skipping MapperFactoryBean with name 'purchaseMapper' and 'com.universe.marketing.purchase.mapper.PurchaseMapper' mapperInterface. Bean already defined with the same name!
2022-06-22 18:23:31.084 [ main ] - [ WARN  ] [ org.mybatis.spring.mapper.ClassPathMapperScanner : 44 ] - Skipping MapperFactoryBean with name 'purchaseSonMapper' and 'com.universe.marketing.purchase.mapper.PurchaseSonMapper' mapperInterface. Bean already defined with the same name!
2022-06-22 18:23:31.084 [ main ] - [ WARN  ] [ org.mybatis.spring.mapper.ClassPathMapperScanner : 44 ] - Skipping MapperFactoryBean with name 'purchaseSwapMapper' and 'com.universe.marketing.purchase.mapper.PurchaseSwapMapper' mapperInterface. Bean already defined with the same name!
2022-06-22 18:23:31.084 [ main ] - [ WARN  ] [ org.mybatis.spring.mapper.ClassPathMapperScanner : 44 ] - Skipping MapperFactoryBean with name 'productStoreMapper' and 'com.universe.marketing.store.mapper.ProductStoreMapper' mapperInterface. Bean already defined with the same name!
2022-06-22 18:23:31.084 [ main ] - [ WARN  ] [ org.mybatis.spring.mapper.ClassPathMapperScanner : 44 ] - No MyBatis mapper was found in '[com.universe.marketing.*.mapper]' package. Please check your configuration.
2022-06-22 18:24:22.960 [ main ] - [ WARN  ] [ org.mybatis.spring.mapper.ClassPathMapperScanner : 44 ] - No MyBatis mapper was found in '[com.mapper]' package. Please check your configuration.
2022-06-22 18:24:22.965 [ main ] - [ WARN  ] [ org.mybatis.spring.mapper.ClassPathMapperScanner : 44 ] - Skipping MapperFactoryBean with name 'userMapper' and 'com.universe.marketing.login.mapper.UserMapper' mapperInterface. Bean already defined with the same name!
2022-06-22 18:24:22.965 [ main ] - [ WARN  ] [ org.mybatis.spring.mapper.ClassPathMapperScanner : 44 ] - Skipping MapperFactoryBean with name 'productMapper' and 'com.universe.marketing.product.mapper.ProductMapper' mapperInterface. Bean already defined with the same name!
2022-06-22 18:24:22.966 [ main ] - [ WARN  ] [ org.mybatis.spring.mapper.ClassPathMapperScanner : 44 ] - Skipping MapperFactoryBean with name 'sortMapper' and 'com.universe.marketing.product.mapper.SortMapper' mapperInterface. Bean already defined with the same name!
2022-06-22 18:24:22.966 [ main ] - [ WARN  ] [ org.mybatis.spring.mapper.ClassPathMapperScanner : 44 ] - Skipping MapperFactoryBean with name 'purchaseMapper' and 'com.universe.marketing.purchase.mapper.PurchaseMapper' mapperInterface. Bean already defined with the same name!
2022-06-22 18:24:22.966 [ main ] - [ WARN  ] [ org.mybatis.spring.mapper.ClassPathMapperScanner : 44 ] - Skipping MapperFactoryBean with name 'purchaseSonMapper' and 'com.universe.marketing.purchase.mapper.PurchaseSonMapper' mapperInterface. Bean already defined with the same name!
2022-06-22 18:24:22.966 [ main ] - [ WARN  ] [ org.mybatis.spring.mapper.ClassPathMapperScanner : 44 ] - Skipping MapperFactoryBean with name 'purchaseSwapMapper' and 'com.universe.marketing.purchase.mapper.PurchaseSwapMapper' mapperInterface. Bean already defined with the same name!
2022-06-22 18:24:22.966 [ main ] - [ WARN  ] [ org.mybatis.spring.mapper.ClassPathMapperScanner : 44 ] - Skipping MapperFactoryBean with name 'productStoreMapper' and 'com.universe.marketing.store.mapper.ProductStoreMapper' mapperInterface. Bean already defined with the same name!
2022-06-22 18:24:22.966 [ main ] - [ WARN  ] [ org.mybatis.spring.mapper.ClassPathMapperScanner : 44 ] - No MyBatis mapper was found in '[com.universe.marketing.*.mapper]' package. Please check your configuration.
2022-06-22 18:24:23.593 [ main ] - [ WARN  ] [ org.mybatis.spring.mapper.ClassPathMapperScanner : 44 ] - No MyBatis mapper was found in '[com.mapper]' package. Please check your configuration.
2022-06-22 18:24:23.596 [ main ] - [ WARN  ] [ org.mybatis.spring.mapper.ClassPathMapperScanner : 44 ] - Skipping MapperFactoryBean with name 'userMapper' and 'com.universe.marketing.login.mapper.UserMapper' mapperInterface. Bean already defined with the same name!
2022-06-22 18:24:23.596 [ main ] - [ WARN  ] [ org.mybatis.spring.mapper.ClassPathMapperScanner : 44 ] - Skipping MapperFactoryBean with name 'productMapper' and 'com.universe.marketing.product.mapper.ProductMapper' mapperInterface. Bean already defined with the same name!
2022-06-22 18:24:23.596 [ main ] - [ WARN  ] [ org.mybatis.spring.mapper.ClassPathMapperScanner : 44 ] - Skipping MapperFactoryBean with name 'sortMapper' and 'com.universe.marketing.product.mapper.SortMapper' mapperInterface. Bean already defined with the same name!
2022-06-22 18:24:23.596 [ main ] - [ WARN  ] [ org.mybatis.spring.mapper.ClassPathMapperScanner : 44 ] - Skipping MapperFactoryBean with name 'purchaseMapper' and 'com.universe.marketing.purchase.mapper.PurchaseMapper' mapperInterface. Bean already defined with the same name!
2022-06-22 18:24:23.596 [ main ] - [ WARN  ] [ org.mybatis.spring.mapper.ClassPathMapperScanner : 44 ] - Skipping MapperFactoryBean with name 'purchaseSonMapper' and 'com.universe.marketing.purchase.mapper.PurchaseSonMapper' mapperInterface. Bean already defined with the same name!
2022-06-22 18:24:23.596 [ main ] - [ WARN  ] [ org.mybatis.spring.mapper.ClassPathMapperScanner : 44 ] - Skipping MapperFactoryBean with name 'purchaseSwapMapper' and 'com.universe.marketing.purchase.mapper.PurchaseSwapMapper' mapperInterface. Bean already defined with the same name!
2022-06-22 18:24:23.596 [ main ] - [ WARN  ] [ org.mybatis.spring.mapper.ClassPathMapperScanner : 44 ] - Skipping MapperFactoryBean with name 'productStoreMapper' and 'com.universe.marketing.store.mapper.ProductStoreMapper' mapperInterface. Bean already defined with the same name!
2022-06-22 18:24:23.597 [ main ] - [ WARN  ] [ org.mybatis.spring.mapper.ClassPathMapperScanner : 44 ] - No MyBatis mapper was found in '[com.universe.marketing.*.mapper]' package. Please check your configuration.
2022-06-22 18:24:59.877 [ main ] - [ WARN  ] [ org.mybatis.spring.mapper.ClassPathMapperScanner : 44 ] - No MyBatis mapper was found in '[com.mapper]' package. Please check your configuration.
2022-06-22 18:24:59.880 [ main ] - [ WARN  ] [ org.mybatis.spring.mapper.ClassPathMapperScanner : 44 ] - Skipping MapperFactoryBean with name 'userMapper' and 'com.universe.marketing.login.mapper.UserMapper' mapperInterface. Bean already defined with the same name!
2022-06-22 18:24:59.880 [ main ] - [ WARN  ] [ org.mybatis.spring.mapper.ClassPathMapperScanner : 44 ] - Skipping MapperFactoryBean with name 'productMapper' and 'com.universe.marketing.product.mapper.ProductMapper' mapperInterface. Bean already defined with the same name!
2022-06-22 18:24:59.880 [ main ] - [ WARN  ] [ org.mybatis.spring.mapper.ClassPathMapperScanner : 44 ] - Skipping MapperFactoryBean with name 'sortMapper' and 'com.universe.marketing.product.mapper.SortMapper' mapperInterface. Bean already defined with the same name!
2022-06-22 18:24:59.880 [ main ] - [ WARN  ] [ org.mybatis.spring.mapper.ClassPathMapperScanner : 44 ] - Skipping MapperFactoryBean with name 'purchaseMapper' and 'com.universe.marketing.purchase.mapper.PurchaseMapper' mapperInterface. Bean already defined with the same name!
2022-06-22 18:24:59.880 [ main ] - [ WARN  ] [ org.mybatis.spring.mapper.ClassPathMapperScanner : 44 ] - Skipping MapperFactoryBean with name 'purchaseSonMapper' and 'com.universe.marketing.purchase.mapper.PurchaseSonMapper' mapperInterface. Bean already defined with the same name!
2022-06-22 18:24:59.880 [ main ] - [ WARN  ] [ org.mybatis.spring.mapper.ClassPathMapperScanner : 44 ] - Skipping MapperFactoryBean with name 'purchaseSwapMapper' and 'com.universe.marketing.purchase.mapper.PurchaseSwapMapper' mapperInterface. Bean already defined with the same name!
2022-06-22 18:24:59.880 [ main ] - [ WARN  ] [ org.mybatis.spring.mapper.ClassPathMapperScanner : 44 ] - Skipping MapperFactoryBean with name 'productStoreMapper' and 'com.universe.marketing.store.mapper.ProductStoreMapper' mapperInterface. Bean already defined with the same name!
2022-06-22 18:24:59.880 [ main ] - [ WARN  ] [ org.mybatis.spring.mapper.ClassPathMapperScanner : 44 ] - No MyBatis mapper was found in '[com.universe.marketing.*.mapper]' package. Please check your configuration.
2022-06-22 18:29:37.100 [ main ] - [ WARN  ] [ org.mybatis.spring.mapper.ClassPathMapperScanner : 44 ] - No MyBatis mapper was found in '[com.mapper]' package. Please check your configuration.
2022-06-22 18:29:37.103 [ main ] - [ WARN  ] [ org.mybatis.spring.mapper.ClassPathMapperScanner : 44 ] - Skipping MapperFactoryBean with name 'userMapper' and 'com.universe.marketing.login.mapper.UserMapper' mapperInterface. Bean already defined with the same name!
2022-06-22 18:29:37.103 [ main ] - [ WARN  ] [ org.mybatis.spring.mapper.ClassPathMapperScanner : 44 ] - Skipping MapperFactoryBean with name 'productMapper' and 'com.universe.marketing.product.mapper.ProductMapper' mapperInterface. Bean already defined with the same name!
2022-06-22 18:29:37.103 [ main ] - [ WARN  ] [ org.mybatis.spring.mapper.ClassPathMapperScanner : 44 ] - Skipping MapperFactoryBean with name 'sortMapper' and 'com.universe.marketing.product.mapper.SortMapper' mapperInterface. Bean already defined with the same name!
2022-06-22 18:29:37.103 [ main ] - [ WARN  ] [ org.mybatis.spring.mapper.ClassPathMapperScanner : 44 ] - Skipping MapperFactoryBean with name 'purchaseMapper' and 'com.universe.marketing.purchase.mapper.PurchaseMapper' mapperInterface. Bean already defined with the same name!
2022-06-22 18:29:37.103 [ main ] - [ WARN  ] [ org.mybatis.spring.mapper.ClassPathMapperScanner : 44 ] - Skipping MapperFactoryBean with name 'purchaseSonMapper' and 'com.universe.marketing.purchase.mapper.PurchaseSonMapper' mapperInterface. Bean already defined with the same name!
2022-06-22 18:29:37.103 [ main ] - [ WARN  ] [ org.mybatis.spring.mapper.ClassPathMapperScanner : 44 ] - Skipping MapperFactoryBean with name 'purchaseSwapMapper' and 'com.universe.marketing.purchase.mapper.PurchaseSwapMapper' mapperInterface. Bean already defined with the same name!
2022-06-22 18:29:37.103 [ main ] - [ WARN  ] [ org.mybatis.spring.mapper.ClassPathMapperScanner : 44 ] - Skipping MapperFactoryBean with name 'productStoreMapper' and 'com.universe.marketing.store.mapper.ProductStoreMapper' mapperInterface. Bean already defined with the same name!
2022-06-22 18:29:37.103 [ main ] - [ WARN  ] [ org.mybatis.spring.mapper.ClassPathMapperScanner : 44 ] - No MyBatis mapper was found in '[com.universe.marketing.*.mapper]' package. Please check your configuration.
2022-06-22 18:31:12.081 [ main ] - [ WARN  ] [ org.mybatis.spring.mapper.ClassPathMapperScanner : 44 ] - No MyBatis mapper was found in '[com.mapper]' package. Please check your configuration.
2022-06-22 18:31:12.083 [ main ] - [ WARN  ] [ org.mybatis.spring.mapper.ClassPathMapperScanner : 44 ] - Skipping MapperFactoryBean with name 'userMapper' and 'com.universe.marketing.login.mapper.UserMapper' mapperInterface. Bean already defined with the same name!
2022-06-22 18:31:12.083 [ main ] - [ WARN  ] [ org.mybatis.spring.mapper.ClassPathMapperScanner : 44 ] - Skipping MapperFactoryBean with name 'productMapper' and 'com.universe.marketing.product.mapper.ProductMapper' mapperInterface. Bean already defined with the same name!
2022-06-22 18:31:12.083 [ main ] - [ WARN  ] [ org.mybatis.spring.mapper.ClassPathMapperScanner : 44 ] - Skipping MapperFactoryBean with name 'sortMapper' and 'com.universe.marketing.product.mapper.SortMapper' mapperInterface. Bean already defined with the same name!
2022-06-22 18:31:12.084 [ main ] - [ WARN  ] [ org.mybatis.spring.mapper.ClassPathMapperScanner : 44 ] - Skipping MapperFactoryBean with name 'purchaseMapper' and 'com.universe.marketing.purchase.mapper.PurchaseMapper' mapperInterface. Bean already defined with the same name!
2022-06-22 18:31:12.084 [ main ] - [ WARN  ] [ org.mybatis.spring.mapper.ClassPathMapperScanner : 44 ] - Skipping MapperFactoryBean with name 'purchaseSonMapper' and 'com.universe.marketing.purchase.mapper.PurchaseSonMapper' mapperInterface. Bean already defined with the same name!
2022-06-22 18:31:12.084 [ main ] - [ WARN  ] [ org.mybatis.spring.mapper.ClassPathMapperScanner : 44 ] - Skipping MapperFactoryBean with name 'purchaseSwapMapper' and 'com.universe.marketing.purchase.mapper.PurchaseSwapMapper' mapperInterface. Bean already defined with the same name!
2022-06-22 18:31:12.084 [ main ] - [ WARN  ] [ org.mybatis.spring.mapper.ClassPathMapperScanner : 44 ] - Skipping MapperFactoryBean with name 'productStoreMapper' and 'com.universe.marketing.store.mapper.ProductStoreMapper' mapperInterface. Bean already defined with the same name!
2022-06-22 18:31:12.084 [ main ] - [ WARN  ] [ org.mybatis.spring.mapper.ClassPathMapperScanner : 44 ] - No MyBatis mapper was found in '[com.universe.marketing.*.mapper]' package. Please check your configuration.
2022-06-22 18:31:45.993 [ main ] - [ WARN  ] [ org.mybatis.spring.mapper.ClassPathMapperScanner : 44 ] - No MyBatis mapper was found in '[com.mapper]' package. Please check your configuration.
2022-06-22 18:31:45.995 [ main ] - [ WARN  ] [ org.mybatis.spring.mapper.ClassPathMapperScanner : 44 ] - Skipping MapperFactoryBean with name 'userMapper' and 'com.universe.marketing.login.mapper.UserMapper' mapperInterface. Bean already defined with the same name!
2022-06-22 18:31:45.995 [ main ] - [ WARN  ] [ org.mybatis.spring.mapper.ClassPathMapperScanner : 44 ] - Skipping MapperFactoryBean with name 'productMapper' and 'com.universe.marketing.product.mapper.ProductMapper' mapperInterface. Bean already defined with the same name!
2022-06-22 18:31:45.995 [ main ] - [ WARN  ] [ org.mybatis.spring.mapper.ClassPathMapperScanner : 44 ] - Skipping MapperFactoryBean with name 'sortMapper' and 'com.universe.marketing.product.mapper.SortMapper' mapperInterface. Bean already defined with the same name!
2022-06-22 18:31:45.995 [ main ] - [ WARN  ] [ org.mybatis.spring.mapper.ClassPathMapperScanner : 44 ] - Skipping MapperFactoryBean with name 'purchaseMapper' and 'com.universe.marketing.purchase.mapper.PurchaseMapper' mapperInterface. Bean already defined with the same name!
2022-06-22 18:31:45.995 [ main ] - [ WARN  ] [ org.mybatis.spring.mapper.ClassPathMapperScanner : 44 ] - Skipping MapperFactoryBean with name 'purchaseSonMapper' and 'com.universe.marketing.purchase.mapper.PurchaseSonMapper' mapperInterface. Bean already defined with the same name!
2022-06-22 18:31:45.995 [ main ] - [ WARN  ] [ org.mybatis.spring.mapper.ClassPathMapperScanner : 44 ] - Skipping MapperFactoryBean with name 'purchaseSwapMapper' and 'com.universe.marketing.purchase.mapper.PurchaseSwapMapper' mapperInterface. Bean already defined with the same name!
2022-06-22 18:31:45.995 [ main ] - [ WARN  ] [ org.mybatis.spring.mapper.ClassPathMapperScanner : 44 ] - Skipping MapperFactoryBean with name 'productStoreMapper' and 'com.universe.marketing.store.mapper.ProductStoreMapper' mapperInterface. Bean already defined with the same name!
2022-06-22 18:31:45.995 [ main ] - [ WARN  ] [ org.mybatis.spring.mapper.ClassPathMapperScanner : 44 ] - No MyBatis mapper was found in '[com.universe.marketing.*.mapper]' package. Please check your configuration.
2022-06-22 18:35:01.282 [ main ] - [ WARN  ] [ org.mybatis.spring.mapper.ClassPathMapperScanner : 44 ] - No MyBatis mapper was found in '[com.mapper]' package. Please check your configuration.
2022-06-22 18:35:01.286 [ main ] - [ WARN  ] [ org.mybatis.spring.mapper.ClassPathMapperScanner : 44 ] - Skipping MapperFactoryBean with name 'userMapper' and 'com.universe.marketing.login.mapper.UserMapper' mapperInterface. Bean already defined with the same name!
2022-06-22 18:35:01.286 [ main ] - [ WARN  ] [ org.mybatis.spring.mapper.ClassPathMapperScanner : 44 ] - Skipping MapperFactoryBean with name 'productMapper' and 'com.universe.marketing.product.mapper.ProductMapper' mapperInterface. Bean already defined with the same name!
2022-06-22 18:35:01.286 [ main ] - [ WARN  ] [ org.mybatis.spring.mapper.ClassPathMapperScanner : 44 ] - Skipping MapperFactoryBean with name 'sortMapper' and 'com.universe.marketing.product.mapper.SortMapper' mapperInterface. Bean already defined with the same name!
2022-06-22 18:35:01.286 [ main ] - [ WARN  ] [ org.mybatis.spring.mapper.ClassPathMapperScanner : 44 ] - Skipping MapperFactoryBean with name 'purchaseMapper' and 'com.universe.marketing.purchase.mapper.PurchaseMapper' mapperInterface. Bean already defined with the same name!
2022-06-22 18:35:01.286 [ main ] - [ WARN  ] [ org.mybatis.spring.mapper.ClassPathMapperScanner : 44 ] - Skipping MapperFactoryBean with name 'purchaseSonMapper' and 'com.universe.marketing.purchase.mapper.PurchaseSonMapper' mapperInterface. Bean already defined with the same name!
2022-06-22 18:35:01.286 [ main ] - [ WARN  ] [ org.mybatis.spring.mapper.ClassPathMapperScanner : 44 ] - Skipping MapperFactoryBean with name 'purchaseSwapMapper' and 'com.universe.marketing.purchase.mapper.PurchaseSwapMapper' mapperInterface. Bean already defined with the same name!
2022-06-22 18:35:01.286 [ main ] - [ WARN  ] [ org.mybatis.spring.mapper.ClassPathMapperScanner : 44 ] - Skipping MapperFactoryBean with name 'productStoreMapper' and 'com.universe.marketing.store.mapper.ProductStoreMapper' mapperInterface. Bean already defined with the same name!
2022-06-22 18:35:01.286 [ main ] - [ WARN  ] [ org.mybatis.spring.mapper.ClassPathMapperScanner : 44 ] - No MyBatis mapper was found in '[com.universe.marketing.*.mapper]' package. Please check your configuration.
2022-06-22 18:35:48.096 [ main ] - [ WARN  ] [ org.mybatis.spring.mapper.ClassPathMapperScanner : 44 ] - No MyBatis mapper was found in '[com.mapper]' package. Please check your configuration.
2022-06-22 18:35:48.098 [ main ] - [ WARN  ] [ org.mybatis.spring.mapper.ClassPathMapperScanner : 44 ] - Skipping MapperFactoryBean with name 'userMapper' and 'com.universe.marketing.login.mapper.UserMapper' mapperInterface. Bean already defined with the same name!
2022-06-22 18:35:48.098 [ main ] - [ WARN  ] [ org.mybatis.spring.mapper.ClassPathMapperScanner : 44 ] - Skipping MapperFactoryBean with name 'productMapper' and 'com.universe.marketing.product.mapper.ProductMapper' mapperInterface. Bean already defined with the same name!
2022-06-22 18:35:48.098 [ main ] - [ WARN  ] [ org.mybatis.spring.mapper.ClassPathMapperScanner : 44 ] - Skipping MapperFactoryBean with name 'sortMapper' and 'com.universe.marketing.product.mapper.SortMapper' mapperInterface. Bean already defined with the same name!
2022-06-22 18:35:48.099 [ main ] - [ WARN  ] [ org.mybatis.spring.mapper.ClassPathMapperScanner : 44 ] - Skipping MapperFactoryBean with name 'purchaseMapper' and 'com.universe.marketing.purchase.mapper.PurchaseMapper' mapperInterface. Bean already defined with the same name!
2022-06-22 18:35:48.099 [ main ] - [ WARN  ] [ org.mybatis.spring.mapper.ClassPathMapperScanner : 44 ] - Skipping MapperFactoryBean with name 'purchaseSonMapper' and 'com.universe.marketing.purchase.mapper.PurchaseSonMapper' mapperInterface. Bean already defined with the same name!
2022-06-22 18:35:48.099 [ main ] - [ WARN  ] [ org.mybatis.spring.mapper.ClassPathMapperScanner : 44 ] - Skipping MapperFactoryBean with name 'purchaseSwapMapper' and 'com.universe.marketing.purchase.mapper.PurchaseSwapMapper' mapperInterface. Bean already defined with the same name!
2022-06-22 18:35:48.099 [ main ] - [ WARN  ] [ org.mybatis.spring.mapper.ClassPathMapperScanner : 44 ] - Skipping MapperFactoryBean with name 'productStoreMapper' and 'com.universe.marketing.store.mapper.ProductStoreMapper' mapperInterface. Bean already defined with the same name!
2022-06-22 18:35:48.099 [ main ] - [ WARN  ] [ org.mybatis.spring.mapper.ClassPathMapperScanner : 44 ] - No MyBatis mapper was found in '[com.universe.marketing.*.mapper]' package. Please check your configuration.
2022-06-22 18:36:26.298 [ main ] - [ WARN  ] [ org.mybatis.spring.mapper.ClassPathMapperScanner : 44 ] - No MyBatis mapper was found in '[com.mapper]' package. Please check your configuration.
2022-06-22 18:36:26.301 [ main ] - [ WARN  ] [ org.mybatis.spring.mapper.ClassPathMapperScanner : 44 ] - Skipping MapperFactoryBean with name 'userMapper' and 'com.universe.marketing.login.mapper.UserMapper' mapperInterface. Bean already defined with the same name!
2022-06-22 18:36:26.301 [ main ] - [ WARN  ] [ org.mybatis.spring.mapper.ClassPathMapperScanner : 44 ] - Skipping MapperFactoryBean with name 'productMapper' and 'com.universe.marketing.product.mapper.ProductMapper' mapperInterface. Bean already defined with the same name!
2022-06-22 18:36:26.301 [ main ] - [ WARN  ] [ org.mybatis.spring.mapper.ClassPathMapperScanner : 44 ] - Skipping MapperFactoryBean with name 'sortMapper' and 'com.universe.marketing.product.mapper.SortMapper' mapperInterface. Bean already defined with the same name!
2022-06-22 18:36:26.301 [ main ] - [ WARN  ] [ org.mybatis.spring.mapper.ClassPathMapperScanner : 44 ] - Skipping MapperFactoryBean with name 'purchaseMapper' and 'com.universe.marketing.purchase.mapper.PurchaseMapper' mapperInterface. Bean already defined with the same name!
2022-06-22 18:36:26.301 [ main ] - [ WARN  ] [ org.mybatis.spring.mapper.ClassPathMapperScanner : 44 ] - Skipping MapperFactoryBean with name 'purchaseSonMapper' and 'com.universe.marketing.purchase.mapper.PurchaseSonMapper' mapperInterface. Bean already defined with the same name!
2022-06-22 18:36:26.302 [ main ] - [ WARN  ] [ org.mybatis.spring.mapper.ClassPathMapperScanner : 44 ] - Skipping MapperFactoryBean with name 'purchaseSwapMapper' and 'com.universe.marketing.purchase.mapper.PurchaseSwapMapper' mapperInterface. Bean already defined with the same name!
2022-06-22 18:36:26.302 [ main ] - [ WARN  ] [ org.mybatis.spring.mapper.ClassPathMapperScanner : 44 ] - Skipping MapperFactoryBean with name 'productStoreMapper' and 'com.universe.marketing.store.mapper.ProductStoreMapper' mapperInterface. Bean already defined with the same name!
2022-06-22 18:36:26.302 [ main ] - [ WARN  ] [ org.mybatis.spring.mapper.ClassPathMapperScanner : 44 ] - No MyBatis mapper was found in '[com.universe.marketing.*.mapper]' package. Please check your configuration.
2022-06-22 21:59:08.301 [ main ] - [ WARN  ] [ org.mybatis.spring.mapper.ClassPathMapperScanner : 44 ] - No MyBatis mapper was found in '[com.mapper]' package. Please check your configuration.
2022-06-22 21:59:08.303 [ main ] - [ WARN  ] [ org.mybatis.spring.mapper.ClassPathMapperScanner : 44 ] - Skipping MapperFactoryBean with name 'userMapper' and 'com.universe.marketing.login.mapper.UserMapper' mapperInterface. Bean already defined with the same name!
2022-06-22 21:59:08.303 [ main ] - [ WARN  ] [ org.mybatis.spring.mapper.ClassPathMapperScanner : 44 ] - Skipping MapperFactoryBean with name 'productMapper' and 'com.universe.marketing.product.mapper.ProductMapper' mapperInterface. Bean already defined with the same name!
2022-06-22 21:59:08.303 [ main ] - [ WARN  ] [ org.mybatis.spring.mapper.ClassPathMapperScanner : 44 ] - Skipping MapperFactoryBean with name 'sortMapper' and 'com.universe.marketing.product.mapper.SortMapper' mapperInterface. Bean already defined with the same name!
2022-06-22 21:59:08.304 [ main ] - [ WARN  ] [ org.mybatis.spring.mapper.ClassPathMapperScanner : 44 ] - Skipping MapperFactoryBean with name 'purchaseMapper' and 'com.universe.marketing.purchase.mapper.PurchaseMapper' mapperInterface. Bean already defined with the same name!
2022-06-22 21:59:08.304 [ main ] - [ WARN  ] [ org.mybatis.spring.mapper.ClassPathMapperScanner : 44 ] - Skipping MapperFactoryBean with name 'purchaseSonMapper' and 'com.universe.marketing.purchase.mapper.PurchaseSonMapper' mapperInterface. Bean already defined with the same name!
2022-06-22 21:59:08.304 [ main ] - [ WARN  ] [ org.mybatis.spring.mapper.ClassPathMapperScanner : 44 ] - Skipping MapperFactoryBean with name 'purchaseSwapMapper' and 'com.universe.marketing.purchase.mapper.PurchaseSwapMapper' mapperInterface. Bean already defined with the same name!
2022-06-22 21:59:08.304 [ main ] - [ WARN  ] [ org.mybatis.spring.mapper.ClassPathMapperScanner : 44 ] - Skipping MapperFactoryBean with name 'productStoreMapper' and 'com.universe.marketing.store.mapper.ProductStoreMapper' mapperInterface. Bean already defined with the same name!
2022-06-22 21:59:08.304 [ main ] - [ WARN  ] [ org.mybatis.spring.mapper.ClassPathMapperScanner : 44 ] - No MyBatis mapper was found in '[com.universe.marketing.*.mapper]' package. Please check your configuration.
2022-06-22 22:03:12.222 [ main ] - [ WARN  ] [ org.mybatis.spring.mapper.ClassPathMapperScanner : 44 ] - No MyBatis mapper was found in '[com.mapper]' package. Please check your configuration.
2022-06-22 22:03:12.225 [ main ] - [ WARN  ] [ org.mybatis.spring.mapper.ClassPathMapperScanner : 44 ] - Skipping MapperFactoryBean with name 'userMapper' and 'com.universe.marketing.login.mapper.UserMapper' mapperInterface. Bean already defined with the same name!
2022-06-22 22:03:12.225 [ main ] - [ WARN  ] [ org.mybatis.spring.mapper.ClassPathMapperScanner : 44 ] - Skipping MapperFactoryBean with name 'productMapper' and 'com.universe.marketing.product.mapper.ProductMapper' mapperInterface. Bean already defined with the same name!
2022-06-22 22:03:12.225 [ main ] - [ WARN  ] [ org.mybatis.spring.mapper.ClassPathMapperScanner : 44 ] - Skipping MapperFactoryBean with name 'sortMapper' and 'com.universe.marketing.product.mapper.SortMapper' mapperInterface. Bean already defined with the same name!
2022-06-22 22:03:12.225 [ main ] - [ WARN  ] [ org.mybatis.spring.mapper.ClassPathMapperScanner : 44 ] - Skipping MapperFactoryBean with name 'purchaseMapper' and 'com.universe.marketing.purchase.mapper.PurchaseMapper' mapperInterface. Bean already defined with the same name!
2022-06-22 22:03:12.225 [ main ] - [ WARN  ] [ org.mybatis.spring.mapper.ClassPathMapperScanner : 44 ] - Skipping MapperFactoryBean with name 'purchaseSonMapper' and 'com.universe.marketing.purchase.mapper.PurchaseSonMapper' mapperInterface. Bean already defined with the same name!
2022-06-22 22:03:12.225 [ main ] - [ WARN  ] [ org.mybatis.spring.mapper.ClassPathMapperScanner : 44 ] - Skipping MapperFactoryBean with name 'purchaseSwapMapper' and 'com.universe.marketing.purchase.mapper.PurchaseSwapMapper' mapperInterface. Bean already defined with the same name!
2022-06-22 22:03:12.226 [ main ] - [ WARN  ] [ org.mybatis.spring.mapper.ClassPathMapperScanner : 44 ] - Skipping MapperFactoryBean with name 'productStoreMapper' and 'com.universe.marketing.store.mapper.ProductStoreMapper' mapperInterface. Bean already defined with the same name!
2022-06-22 22:03:12.226 [ main ] - [ WARN  ] [ org.mybatis.spring.mapper.ClassPathMapperScanner : 44 ] - No MyBatis mapper was found in '[com.universe.marketing.*.mapper]' package. Please check your configuration.
2022-06-22 22:03:31.057 [ main ] - [ WARN  ] [ org.mybatis.spring.mapper.ClassPathMapperScanner : 44 ] - No MyBatis mapper was found in '[com.mapper]' package. Please check your configuration.
2022-06-22 22:03:31.059 [ main ] - [ WARN  ] [ org.mybatis.spring.mapper.ClassPathMapperScanner : 44 ] - Skipping MapperFactoryBean with name 'userMapper' and 'com.universe.marketing.login.mapper.UserMapper' mapperInterface. Bean already defined with the same name!
2022-06-22 22:03:31.059 [ main ] - [ WARN  ] [ org.mybatis.spring.mapper.ClassPathMapperScanner : 44 ] - Skipping MapperFactoryBean with name 'productMapper' and 'com.universe.marketing.product.mapper.ProductMapper' mapperInterface. Bean already defined with the same name!
2022-06-22 22:03:31.059 [ main ] - [ WARN  ] [ org.mybatis.spring.mapper.ClassPathMapperScanner : 44 ] - Skipping MapperFactoryBean with name 'sortMapper' and 'com.universe.marketing.product.mapper.SortMapper' mapperInterface. Bean already defined with the same name!
2022-06-22 22:03:31.060 [ main ] - [ WARN  ] [ org.mybatis.spring.mapper.ClassPathMapperScanner : 44 ] - Skipping MapperFactoryBean with name 'purchaseMapper' and 'com.universe.marketing.purchase.mapper.PurchaseMapper' mapperInterface. Bean already defined with the same name!
2022-06-22 22:03:31.060 [ main ] - [ WARN  ] [ org.mybatis.spring.mapper.ClassPathMapperScanner : 44 ] - Skipping MapperFactoryBean with name 'purchaseSonMapper' and 'com.universe.marketing.purchase.mapper.PurchaseSonMapper' mapperInterface. Bean already defined with the same name!
2022-06-22 22:03:31.060 [ main ] - [ WARN  ] [ org.mybatis.spring.mapper.ClassPathMapperScanner : 44 ] - Skipping MapperFactoryBean with name 'purchaseSwapMapper' and 'com.universe.marketing.purchase.mapper.PurchaseSwapMapper' mapperInterface. Bean already defined with the same name!
2022-06-22 22:03:31.060 [ main ] - [ WARN  ] [ org.mybatis.spring.mapper.ClassPathMapperScanner : 44 ] - Skipping MapperFactoryBean with name 'productStoreMapper' and 'com.universe.marketing.store.mapper.ProductStoreMapper' mapperInterface. Bean already defined with the same name!
2022-06-22 22:03:31.060 [ main ] - [ WARN  ] [ org.mybatis.spring.mapper.ClassPathMapperScanner : 44 ] - No MyBatis mapper was found in '[com.universe.marketing.*.mapper]' package. Please check your configuration.
2022-06-22 22:04:25.378 [ main ] - [ WARN  ] [ org.mybatis.spring.mapper.ClassPathMapperScanner : 44 ] - No MyBatis mapper was found in '[com.mapper]' package. Please check your configuration.
2022-06-22 22:04:25.381 [ main ] - [ WARN  ] [ org.mybatis.spring.mapper.ClassPathMapperScanner : 44 ] - Skipping MapperFactoryBean with name 'userMapper' and 'com.universe.marketing.login.mapper.UserMapper' mapperInterface. Bean already defined with the same name!
2022-06-22 22:04:25.381 [ main ] - [ WARN  ] [ org.mybatis.spring.mapper.ClassPathMapperScanner : 44 ] - Skipping MapperFactoryBean with name 'productMapper' and 'com.universe.marketing.product.mapper.ProductMapper' mapperInterface. Bean already defined with the same name!
2022-06-22 22:04:25.381 [ main ] - [ WARN  ] [ org.mybatis.spring.mapper.ClassPathMapperScanner : 44 ] - Skipping MapperFactoryBean with name 'sortMapper' and 'com.universe.marketing.product.mapper.SortMapper' mapperInterface. Bean already defined with the same name!
2022-06-22 22:04:25.381 [ main ] - [ WARN  ] [ org.mybatis.spring.mapper.ClassPathMapperScanner : 44 ] - Skipping MapperFactoryBean with name 'purchaseMapper' and 'com.universe.marketing.purchase.mapper.PurchaseMapper' mapperInterface. Bean already defined with the same name!
2022-06-22 22:04:25.381 [ main ] - [ WARN  ] [ org.mybatis.spring.mapper.ClassPathMapperScanner : 44 ] - Skipping MapperFactoryBean with name 'purchaseSonMapper' and 'com.universe.marketing.purchase.mapper.PurchaseSonMapper' mapperInterface. Bean already defined with the same name!
2022-06-22 22:04:25.381 [ main ] - [ WARN  ] [ org.mybatis.spring.mapper.ClassPathMapperScanner : 44 ] - Skipping MapperFactoryBean with name 'purchaseSwapMapper' and 'com.universe.marketing.purchase.mapper.PurchaseSwapMapper' mapperInterface. Bean already defined with the same name!
2022-06-22 22:04:25.381 [ main ] - [ WARN  ] [ org.mybatis.spring.mapper.ClassPathMapperScanner : 44 ] - Skipping MapperFactoryBean with name 'productStoreMapper' and 'com.universe.marketing.store.mapper.ProductStoreMapper' mapperInterface. Bean already defined with the same name!
2022-06-22 22:04:25.381 [ main ] - [ WARN  ] [ org.mybatis.spring.mapper.ClassPathMapperScanner : 44 ] - No MyBatis mapper was found in '[com.universe.marketing.*.mapper]' package. Please check your configuration.
2022-06-22 22:05:00.421 [ main ] - [ WARN  ] [ org.mybatis.spring.mapper.ClassPathMapperScanner : 44 ] - No MyBatis mapper was found in '[com.mapper]' package. Please check your configuration.
2022-06-22 22:05:00.424 [ main ] - [ WARN  ] [ org.mybatis.spring.mapper.ClassPathMapperScanner : 44 ] - Skipping MapperFactoryBean with name 'userMapper' and 'com.universe.marketing.login.mapper.UserMapper' mapperInterface. Bean already defined with the same name!
2022-06-22 22:05:00.424 [ main ] - [ WARN  ] [ org.mybatis.spring.mapper.ClassPathMapperScanner : 44 ] - Skipping MapperFactoryBean with name 'productMapper' and 'com.universe.marketing.product.mapper.ProductMapper' mapperInterface. Bean already defined with the same name!
2022-06-22 22:05:00.424 [ main ] - [ WARN  ] [ org.mybatis.spring.mapper.ClassPathMapperScanner : 44 ] - Skipping MapperFactoryBean with name 'sortMapper' and 'com.universe.marketing.product.mapper.SortMapper' mapperInterface. Bean already defined with the same name!
2022-06-22 22:05:00.424 [ main ] - [ WARN  ] [ org.mybatis.spring.mapper.ClassPathMapperScanner : 44 ] - Skipping MapperFactoryBean with name 'purchaseMapper' and 'com.universe.marketing.purchase.mapper.PurchaseMapper' mapperInterface. Bean already defined with the same name!
2022-06-22 22:05:00.424 [ main ] - [ WARN  ] [ org.mybatis.spring.mapper.ClassPathMapperScanner : 44 ] - Skipping MapperFactoryBean with name 'purchaseSonMapper' and 'com.universe.marketing.purchase.mapper.PurchaseSonMapper' mapperInterface. Bean already defined with the same name!
2022-06-22 22:05:00.424 [ main ] - [ WARN  ] [ org.mybatis.spring.mapper.ClassPathMapperScanner : 44 ] - Skipping MapperFactoryBean with name 'purchaseSwapMapper' and 'com.universe.marketing.purchase.mapper.PurchaseSwapMapper' mapperInterface. Bean already defined with the same name!
2022-06-22 22:05:00.425 [ main ] - [ WARN  ] [ org.mybatis.spring.mapper.ClassPathMapperScanner : 44 ] - Skipping MapperFactoryBean with name 'productStoreMapper' and 'com.universe.marketing.store.mapper.ProductStoreMapper' mapperInterface. Bean already defined with the same name!
2022-06-22 22:05:00.425 [ main ] - [ WARN  ] [ org.mybatis.spring.mapper.ClassPathMapperScanner : 44 ] - No MyBatis mapper was found in '[com.universe.marketing.*.mapper]' package. Please check your configuration.
2022-06-22 22:05:10.960 [ main ] - [ WARN  ] [ org.mybatis.spring.mapper.ClassPathMapperScanner : 44 ] - No MyBatis mapper was found in '[com.mapper]' package. Please check your configuration.
2022-06-22 22:05:10.962 [ main ] - [ WARN  ] [ org.mybatis.spring.mapper.ClassPathMapperScanner : 44 ] - Skipping MapperFactoryBean with name 'userMapper' and 'com.universe.marketing.login.mapper.UserMapper' mapperInterface. Bean already defined with the same name!
2022-06-22 22:05:10.963 [ main ] - [ WARN  ] [ org.mybatis.spring.mapper.ClassPathMapperScanner : 44 ] - Skipping MapperFactoryBean with name 'productMapper' and 'com.universe.marketing.product.mapper.ProductMapper' mapperInterface. Bean already defined with the same name!
2022-06-22 22:05:10.963 [ main ] - [ WARN  ] [ org.mybatis.spring.mapper.ClassPathMapperScanner : 44 ] - Skipping MapperFactoryBean with name 'sortMapper' and 'com.universe.marketing.product.mapper.SortMapper' mapperInterface. Bean already defined with the same name!
2022-06-22 22:05:10.963 [ main ] - [ WARN  ] [ org.mybatis.spring.mapper.ClassPathMapperScanner : 44 ] - Skipping MapperFactoryBean with name 'purchaseMapper' and 'com.universe.marketing.purchase.mapper.PurchaseMapper' mapperInterface. Bean already defined with the same name!
2022-06-22 22:05:10.963 [ main ] - [ WARN  ] [ org.mybatis.spring.mapper.ClassPathMapperScanner : 44 ] - Skipping MapperFactoryBean with name 'purchaseSonMapper' and 'com.universe.marketing.purchase.mapper.PurchaseSonMapper' mapperInterface. Bean already defined with the same name!
2022-06-22 22:05:10.963 [ main ] - [ WARN  ] [ org.mybatis.spring.mapper.ClassPathMapperScanner : 44 ] - Skipping MapperFactoryBean with name 'purchaseSwapMapper' and 'com.universe.marketing.purchase.mapper.PurchaseSwapMapper' mapperInterface. Bean already defined with the same name!
2022-06-22 22:05:10.963 [ main ] - [ WARN  ] [ org.mybatis.spring.mapper.ClassPathMapperScanner : 44 ] - Skipping MapperFactoryBean with name 'productStoreMapper' and 'com.universe.marketing.store.mapper.ProductStoreMapper' mapperInterface. Bean already defined with the same name!
2022-06-22 22:05:10.963 [ main ] - [ WARN  ] [ org.mybatis.spring.mapper.ClassPathMapperScanner : 44 ] - No MyBatis mapper was found in '[com.universe.marketing.*.mapper]' package. Please check your configuration.
2022-06-22 22:05:48.882 [ main ] - [ WARN  ] [ org.mybatis.spring.mapper.ClassPathMapperScanner : 44 ] - No MyBatis mapper was found in '[com.mapper]' package. Please check your configuration.
2022-06-22 22:05:48.885 [ main ] - [ WARN  ] [ org.mybatis.spring.mapper.ClassPathMapperScanner : 44 ] - Skipping MapperFactoryBean with name 'userMapper' and 'com.universe.marketing.login.mapper.UserMapper' mapperInterface. Bean already defined with the same name!
2022-06-22 22:05:48.885 [ main ] - [ WARN  ] [ org.mybatis.spring.mapper.ClassPathMapperScanner : 44 ] - Skipping MapperFactoryBean with name 'productMapper' and 'com.universe.marketing.product.mapper.ProductMapper' mapperInterface. Bean already defined with the same name!
2022-06-22 22:05:48.885 [ main ] - [ WARN  ] [ org.mybatis.spring.mapper.ClassPathMapperScanner : 44 ] - Skipping MapperFactoryBean with name 'sortMapper' and 'com.universe.marketing.product.mapper.SortMapper' mapperInterface. Bean already defined with the same name!
2022-06-22 22:05:48.885 [ main ] - [ WARN  ] [ org.mybatis.spring.mapper.ClassPathMapperScanner : 44 ] - Skipping MapperFactoryBean with name 'purchaseMapper' and 'com.universe.marketing.purchase.mapper.PurchaseMapper' mapperInterface. Bean already defined with the same name!
2022-06-22 22:05:48.885 [ main ] - [ WARN  ] [ org.mybatis.spring.mapper.ClassPathMapperScanner : 44 ] - Skipping MapperFactoryBean with name 'purchaseSonMapper' and 'com.universe.marketing.purchase.mapper.PurchaseSonMapper' mapperInterface. Bean already defined with the same name!
2022-06-22 22:05:48.886 [ main ] - [ WARN  ] [ org.mybatis.spring.mapper.ClassPathMapperScanner : 44 ] - Skipping MapperFactoryBean with name 'purchaseSwapMapper' and 'com.universe.marketing.purchase.mapper.PurchaseSwapMapper' mapperInterface. Bean already defined with the same name!
2022-06-22 22:05:48.886 [ main ] - [ WARN  ] [ org.mybatis.spring.mapper.ClassPathMapperScanner : 44 ] - Skipping MapperFactoryBean with name 'productStoreMapper' and 'com.universe.marketing.store.mapper.ProductStoreMapper' mapperInterface. Bean already defined with the same name!
2022-06-22 22:05:48.886 [ main ] - [ WARN  ] [ org.mybatis.spring.mapper.ClassPathMapperScanner : 44 ] - No MyBatis mapper was found in '[com.universe.marketing.*.mapper]' package. Please check your configuration.
2022-06-22 22:08:53.207 [ main ] - [ WARN  ] [ org.mybatis.spring.mapper.ClassPathMapperScanner : 44 ] - No MyBatis mapper was found in '[com.mapper]' package. Please check your configuration.
2022-06-22 22:08:53.210 [ main ] - [ WARN  ] [ org.mybatis.spring.mapper.ClassPathMapperScanner : 44 ] - Skipping MapperFactoryBean with name 'userMapper' and 'com.universe.marketing.login.mapper.UserMapper' mapperInterface. Bean already defined with the same name!
2022-06-22 22:08:53.210 [ main ] - [ WARN  ] [ org.mybatis.spring.mapper.ClassPathMapperScanner : 44 ] - Skipping MapperFactoryBean with name 'productMapper' and 'com.universe.marketing.product.mapper.ProductMapper' mapperInterface. Bean already defined with the same name!
2022-06-22 22:08:53.210 [ main ] - [ WARN  ] [ org.mybatis.spring.mapper.ClassPathMapperScanner : 44 ] - Skipping MapperFactoryBean with name 'sortMapper' and 'com.universe.marketing.product.mapper.SortMapper' mapperInterface. Bean already defined with the same name!
2022-06-22 22:08:53.210 [ main ] - [ WARN  ] [ org.mybatis.spring.mapper.ClassPathMapperScanner : 44 ] - Skipping MapperFactoryBean with name 'purchaseMapper' and 'com.universe.marketing.purchase.mapper.PurchaseMapper' mapperInterface. Bean already defined with the same name!
2022-06-22 22:08:53.210 [ main ] - [ WARN  ] [ org.mybatis.spring.mapper.ClassPathMapperScanner : 44 ] - Skipping MapperFactoryBean with name 'purchaseSonMapper' and 'com.universe.marketing.purchase.mapper.PurchaseSonMapper' mapperInterface. Bean already defined with the same name!
2022-06-22 22:08:53.210 [ main ] - [ WARN  ] [ org.mybatis.spring.mapper.ClassPathMapperScanner : 44 ] - Skipping MapperFactoryBean with name 'purchaseSwapMapper' and 'com.universe.marketing.purchase.mapper.PurchaseSwapMapper' mapperInterface. Bean already defined with the same name!
2022-06-22 22:08:53.210 [ main ] - [ WARN  ] [ org.mybatis.spring.mapper.ClassPathMapperScanner : 44 ] - Skipping MapperFactoryBean with name 'productStoreMapper' and 'com.universe.marketing.store.mapper.ProductStoreMapper' mapperInterface. Bean already defined with the same name!
2022-06-22 22:08:53.210 [ main ] - [ WARN  ] [ org.mybatis.spring.mapper.ClassPathMapperScanner : 44 ] - No MyBatis mapper was found in '[com.universe.marketing.*.mapper]' package. Please check your configuration.
2022-06-22 22:11:35.302 [ main ] - [ WARN  ] [ org.mybatis.spring.mapper.ClassPathMapperScanner : 44 ] - No MyBatis mapper was found in '[com.mapper]' package. Please check your configuration.
2022-06-22 22:11:35.304 [ main ] - [ WARN  ] [ org.mybatis.spring.mapper.ClassPathMapperScanner : 44 ] - Skipping MapperFactoryBean with name 'userMapper' and 'com.universe.marketing.login.mapper.UserMapper' mapperInterface. Bean already defined with the same name!
2022-06-22 22:11:35.304 [ main ] - [ WARN  ] [ org.mybatis.spring.mapper.ClassPathMapperScanner : 44 ] - Skipping MapperFactoryBean with name 'productMapper' and 'com.universe.marketing.product.mapper.ProductMapper' mapperInterface. Bean already defined with the same name!
2022-06-22 22:11:35.304 [ main ] - [ WARN  ] [ org.mybatis.spring.mapper.ClassPathMapperScanner : 44 ] - Skipping MapperFactoryBean with name 'sortMapper' and 'com.universe.marketing.product.mapper.SortMapper' mapperInterface. Bean already defined with the same name!
2022-06-22 22:11:35.304 [ main ] - [ WARN  ] [ org.mybatis.spring.mapper.ClassPathMapperScanner : 44 ] - Skipping MapperFactoryBean with name 'purchaseMapper' and 'com.universe.marketing.purchase.mapper.PurchaseMapper' mapperInterface. Bean already defined with the same name!
2022-06-22 22:11:35.304 [ main ] - [ WARN  ] [ org.mybatis.spring.mapper.ClassPathMapperScanner : 44 ] - Skipping MapperFactoryBean with name 'purchaseSonMapper' and 'com.universe.marketing.purchase.mapper.PurchaseSonMapper' mapperInterface. Bean already defined with the same name!
2022-06-22 22:11:35.305 [ main ] - [ WARN  ] [ org.mybatis.spring.mapper.ClassPathMapperScanner : 44 ] - Skipping MapperFactoryBean with name 'purchaseSwapMapper' and 'com.universe.marketing.purchase.mapper.PurchaseSwapMapper' mapperInterface. Bean already defined with the same name!
2022-06-22 22:11:35.305 [ main ] - [ WARN  ] [ org.mybatis.spring.mapper.ClassPathMapperScanner : 44 ] - Skipping MapperFactoryBean with name 'productStoreMapper' and 'com.universe.marketing.store.mapper.ProductStoreMapper' mapperInterface. Bean already defined with the same name!
2022-06-22 22:11:35.305 [ main ] - [ WARN  ] [ org.mybatis.spring.mapper.ClassPathMapperScanner : 44 ] - No MyBatis mapper was found in '[com.universe.marketing.*.mapper]' package. Please check your configuration.
