2022-06-19 10:21:33.974 [ main ] - [ WARN  ] [ c.b.mybatisplus.core.metadata.TableInfoHelper : 327 ] - Can not find table primary key in Class: "com.universe.marketing.users.entity.RoleMenu".
2022-06-19 10:22:47.515 [ http-nio-8080-exec-1 ] - [ WARN  ] [ o.s.w.s.m.support.DefaultHandlerExceptionResolver : 199 ] - Resolved [org.springframework.web.bind.MissingServletRequestParameterException: Required Integer parameter 'pageNum' is not present]
2022-06-19 10:24:21.157 [ http-nio-8080-exec-2 ] - [ WARN  ] [ o.s.w.s.m.support.DefaultHandlerExceptionResolver : 199 ] - Resolved [org.springframework.web.bind.MissingServletRequestParameterException: Required Integer parameter 'pageNum' is not present]
2022-06-19 10:24:29.516 [ http-nio-8080-exec-10 ] - [ WARN  ] [ o.s.w.s.m.support.DefaultHandlerExceptionResolver : 199 ] - Resolved [org.springframework.web.bind.MissingServletRequestParameterException: Required Integer parameter 'pageNum' is not present]
2022-06-19 13:01:04.452 [ http-nio-8080-exec-9 ] - [ WARN  ] [ o.s.w.s.m.support.DefaultHandlerExceptionResolver : 199 ] - Resolved [org.springframework.web.bind.MissingServletRequestParameterException: Required Integer parameter 'pageNum' is not present]
2022-06-19 14:22:15.838 [ http-nio-8080-exec-1 ] - [ WARN  ] [ com.zaxxer.hikari.pool.PoolBase : 179 ] - HikariPool-1 - Failed to validate connection org.postgresql.jdbc.PgConnection@470987dd (This connection has been closed.). Possibly consider using a shorter maxLifetime value.
2022-06-19 14:22:28.025 [ main ] - [ WARN  ] [ c.b.mybatisplus.core.metadata.TableInfoHelper : 327 ] - Can not find table primary key in Class: "com.universe.marketing.users.entity.RoleMenu".
2022-06-19 14:25:05.334 [ http-nio-8080-exec-2 ] - [ WARN  ] [ o.s.w.s.m.support.DefaultHandlerExceptionResolver : 199 ] - Resolved [org.springframework.web.bind.MissingServletRequestParameterException: Required Integer parameter 'pageNum' is not present]
2022-06-19 14:25:59.414 [ http-nio-8080-exec-4 ] - [ WARN  ] [ o.s.w.s.m.support.DefaultHandlerExceptionResolver : 199 ] - Resolved [org.springframework.web.bind.MissingServletRequestParameterException: Required Integer parameter 'pageSize' is not present]
2022-06-19 14:37:57.106 [ http-nio-8080-exec-5 ] - [ WARN  ] [ o.s.w.s.m.support.DefaultHandlerExceptionResolver : 199 ] - Resolved [org.springframework.web.bind.MissingServletRequestParameterException: Required Integer parameter 'pageNum' is not present]
2022-06-19 14:44:03.409 [ http-nio-8080-exec-7 ] - [ WARN  ] [ com.zaxxer.hikari.pool.PoolBase : 179 ] - HikariPool-1 - Failed to validate connection org.postgresql.jdbc.PgConnection@271258d6 (This connection has been closed.). Possibly consider using a shorter maxLifetime value.
2022-06-19 14:44:14.335 [ main ] - [ WARN  ] [ c.b.mybatisplus.core.metadata.TableInfoHelper : 327 ] - Can not find table primary key in Class: "com.universe.marketing.users.entity.RoleMenu".
2022-06-19 20:24:35.845 [ main ] - [ WARN  ] [ c.b.mybatisplus.core.metadata.TableInfoHelper : 327 ] - Can not find table primary key in Class: "com.universe.marketing.users.entity.RoleMenu".
2022-06-19 20:24:52.550 [ http-nio-8080-exec-1 ] - [ WARN  ] [ o.s.w.s.m.support.DefaultHandlerExceptionResolver : 199 ] - Resolved [org.springframework.web.method.annotation.MethodArgumentTypeMismatchException: Failed to convert value of type 'java.lang.String[]' to required type 'java.lang.Integer'; nested exception is java.lang.NumberFormatException: For input string: "10?queryKey=,10"]
2022-06-19 20:24:55.829 [ http-nio-8080-exec-2 ] - [ WARN  ] [ o.s.w.s.m.support.DefaultHandlerExceptionResolver : 199 ] - Resolved [org.springframework.web.method.annotation.MethodArgumentTypeMismatchException: Failed to convert value of type 'java.lang.String[]' to required type 'java.lang.Integer'; nested exception is java.lang.NumberFormatException: For input string: "10?queryKey=,10"]
2022-06-19 20:25:01.659 [ http-nio-8080-exec-5 ] - [ WARN  ] [ o.s.w.s.m.support.DefaultHandlerExceptionResolver : 199 ] - Resolved [org.springframework.web.method.annotation.MethodArgumentTypeMismatchException: Failed to convert value of type 'java.lang.String[]' to required type 'java.lang.Integer'; nested exception is java.lang.NumberFormatException: For input string: "10?queryKey=,10"]
2022-06-19 20:25:06.243 [ http-nio-8080-exec-7 ] - [ WARN  ] [ o.s.w.s.m.support.DefaultHandlerExceptionResolver : 199 ] - Resolved [org.springframework.web.method.annotation.MethodArgumentTypeMismatchException: Failed to convert value of type 'java.lang.String[]' to required type 'java.lang.Integer'; nested exception is java.lang.NumberFormatException: For input string: "10?queryKey=,10"]
2022-06-19 20:25:08.539 [ http-nio-8080-exec-3 ] - [ WARN  ] [ o.s.w.s.m.support.DefaultHandlerExceptionResolver : 199 ] - Resolved [org.springframework.web.method.annotation.MethodArgumentTypeMismatchException: Failed to convert value of type 'java.lang.String[]' to required type 'java.lang.Integer'; nested exception is java.lang.NumberFormatException: For input string: "10?queryKey=,10"]
2022-06-19 20:28:20.311 [ http-nio-8080-exec-6 ] - [ WARN  ] [ o.s.w.s.m.support.DefaultHandlerExceptionResolver : 199 ] - Resolved [org.springframework.web.method.annotation.MethodArgumentTypeMismatchException: Failed to convert value of type 'java.lang.String[]' to required type 'java.lang.Integer'; nested exception is java.lang.NumberFormatException: For input string: "10?queryKey=,10"]
2022-06-19 20:28:23.227 [ http-nio-8080-exec-4 ] - [ WARN  ] [ o.s.w.s.m.support.DefaultHandlerExceptionResolver : 199 ] - Resolved [org.springframework.web.method.annotation.MethodArgumentTypeMismatchException: Failed to convert value of type 'java.lang.String[]' to required type 'java.lang.Integer'; nested exception is java.lang.NumberFormatException: For input string: "10?queryKey=,10"]
2022-06-19 20:28:54.403 [ http-nio-8080-exec-8 ] - [ WARN  ] [ o.s.w.s.m.support.DefaultHandlerExceptionResolver : 199 ] - Resolved [org.springframework.web.method.annotation.MethodArgumentTypeMismatchException: Failed to convert value of type 'java.lang.String[]' to required type 'java.lang.Integer'; nested exception is java.lang.NumberFormatException: For input string: "10?queryKey=,10"]
2022-06-19 20:30:15.969 [ http-nio-8080-exec-9 ] - [ WARN  ] [ o.s.w.s.m.support.DefaultHandlerExceptionResolver : 199 ] - Resolved [org.springframework.web.method.annotation.MethodArgumentTypeMismatchException: Failed to convert value of type 'java.lang.String[]' to required type 'java.lang.Integer'; nested exception is java.lang.NumberFormatException: For input string: "10?queryKey=,10"]
2022-06-19 20:31:06.787 [ http-nio-8080-exec-5 ] - [ WARN  ] [ o.s.w.s.m.support.DefaultHandlerExceptionResolver : 199 ] - Resolved [org.springframework.web.method.annotation.MethodArgumentTypeMismatchException: Failed to convert value of type 'java.lang.String[]' to required type 'java.lang.Integer'; nested exception is java.lang.NumberFormatException: For input string: "3?queryKey=,10"]
2022-06-19 20:32:15.417 [ http-nio-8080-exec-3 ] - [ WARN  ] [ o.s.w.s.m.support.DefaultHandlerExceptionResolver : 199 ] - Resolved [org.springframework.web.method.annotation.MethodArgumentTypeMismatchException: Failed to convert value of type 'java.lang.String[]' to required type 'java.lang.Integer'; nested exception is java.lang.NumberFormatException: For input string: "3?queryKey=,10"]
2022-06-19 20:32:30.377 [ http-nio-8080-exec-6 ] - [ WARN  ] [ o.s.w.s.m.support.DefaultHandlerExceptionResolver : 199 ] - Resolved [org.springframework.web.method.annotation.MethodArgumentTypeMismatchException: Failed to convert value of type 'java.lang.String[]' to required type 'java.lang.Integer'; nested exception is java.lang.NumberFormatException: For input string: "3?queryKey=,10"]
2022-06-19 20:32:46.621 [ http-nio-8080-exec-4 ] - [ WARN  ] [ o.s.w.s.m.support.DefaultHandlerExceptionResolver : 199 ] - Resolved [org.springframework.web.method.annotation.MethodArgumentTypeMismatchException: Failed to convert value of type 'java.lang.String[]' to required type 'java.lang.Integer'; nested exception is java.lang.NumberFormatException: For input string: "10?queryKey=,10"]
2022-06-19 20:59:40.456 [ http-nio-8080-exec-10 ] - [ WARN  ] [ com.zaxxer.hikari.pool.PoolBase : 179 ] - HikariPool-1 - Failed to validate connection org.postgresql.jdbc.PgConnection@3879126e (This connection has been closed.). Possibly consider using a shorter maxLifetime value.
2022-06-19 20:59:51.698 [ main ] - [ WARN  ] [ c.b.mybatisplus.core.metadata.TableInfoHelper : 327 ] - Can not find table primary key in Class: "com.universe.marketing.users.entity.RoleMenu".
2022-06-19 21:07:50.505 [ http-nio-8080-exec-9 ] - [ WARN  ] [ com.zaxxer.hikari.pool.PoolBase : 179 ] - HikariPool-1 - Failed to validate connection org.postgresql.jdbc.PgConnection@5aef08fe (This connection has been closed.). Possibly consider using a shorter maxLifetime value.
2022-06-19 21:07:50.507 [ http-nio-8080-exec-9 ] - [ WARN  ] [ com.zaxxer.hikari.pool.PoolBase : 179 ] - HikariPool-1 - Failed to validate connection org.postgresql.jdbc.PgConnection@7db7215e (This connection has been closed.). Possibly consider using a shorter maxLifetime value.
2022-06-19 21:07:50.508 [ http-nio-8080-exec-9 ] - [ WARN  ] [ com.zaxxer.hikari.pool.PoolBase : 179 ] - HikariPool-1 - Failed to validate connection org.postgresql.jdbc.PgConnection@5fbd6eee (This connection has been closed.). Possibly consider using a shorter maxLifetime value.
2022-06-19 21:07:50.509 [ http-nio-8080-exec-9 ] - [ WARN  ] [ com.zaxxer.hikari.pool.PoolBase : 179 ] - HikariPool-1 - Failed to validate connection org.postgresql.jdbc.PgConnection@1fa30838 (This connection has been closed.). Possibly consider using a shorter maxLifetime value.
2022-06-19 21:07:50.510 [ http-nio-8080-exec-9 ] - [ WARN  ] [ com.zaxxer.hikari.pool.PoolBase : 179 ] - HikariPool-1 - Failed to validate connection org.postgresql.jdbc.PgConnection@7c24133d (This connection has been closed.). Possibly consider using a shorter maxLifetime value.
2022-06-19 21:07:50.510 [ http-nio-8080-exec-9 ] - [ WARN  ] [ com.zaxxer.hikari.pool.PoolBase : 179 ] - HikariPool-1 - Failed to validate connection org.postgresql.jdbc.PgConnection@38dd6036 (This connection has been closed.). Possibly consider using a shorter maxLifetime value.
2022-06-19 21:07:50.511 [ http-nio-8080-exec-9 ] - [ WARN  ] [ com.zaxxer.hikari.pool.PoolBase : 179 ] - HikariPool-1 - Failed to validate connection org.postgresql.jdbc.PgConnection@ca3a3dd (This connection has been closed.). Possibly consider using a shorter maxLifetime value.
2022-06-19 21:07:50.512 [ http-nio-8080-exec-9 ] - [ WARN  ] [ com.zaxxer.hikari.pool.PoolBase : 179 ] - HikariPool-1 - Failed to validate connection org.postgresql.jdbc.PgConnection@b4688b9 (This connection has been closed.). Possibly consider using a shorter maxLifetime value.
2022-06-19 21:07:50.513 [ http-nio-8080-exec-9 ] - [ WARN  ] [ com.zaxxer.hikari.pool.PoolBase : 179 ] - HikariPool-1 - Failed to validate connection org.postgresql.jdbc.PgConnection@5727cf17 (This connection has been closed.). Possibly consider using a shorter maxLifetime value.
2022-06-19 21:07:50.513 [ http-nio-8080-exec-9 ] - [ WARN  ] [ com.zaxxer.hikari.pool.PoolBase : 179 ] - HikariPool-1 - Failed to validate connection org.postgresql.jdbc.PgConnection@4a8d915 (This connection has been closed.). Possibly consider using a shorter maxLifetime value.
2022-06-19 21:21:37.064 [ http-nio-8080-exec-4 ] - [ WARN  ] [ com.zaxxer.hikari.pool.PoolBase : 179 ] - HikariPool-1 - Failed to validate connection org.postgresql.jdbc.PgConnection@1f8b4108 (This connection has been closed.). Possibly consider using a shorter maxLifetime value.
2022-06-19 21:21:37.665 [ http-nio-8080-exec-4 ] - [ WARN  ] [ com.zaxxer.hikari.pool.PoolBase : 179 ] - HikariPool-1 - Failed to validate connection org.postgresql.jdbc.PgConnection@2d1e7536 (This connection has been closed.). Possibly consider using a shorter maxLifetime value.
2022-06-19 21:21:50.217 [ main ] - [ WARN  ] [ c.b.mybatisplus.core.metadata.TableInfoHelper : 327 ] - Can not find table primary key in Class: "com.universe.marketing.users.entity.RoleMenu".
2022-06-19 21:52:50.150 [ http-nio-8080-exec-9 ] - [ WARN  ] [ o.s.w.s.m.support.DefaultHandlerExceptionResolver : 199 ] - Resolved [org.springframework.web.HttpRequestMethodNotSupportedException: Request method 'POST' not supported]
2022-06-19 21:53:04.713 [ main ] - [ WARN  ] [ c.b.mybatisplus.core.metadata.TableInfoHelper : 327 ] - Can not find table primary key in Class: "com.universe.marketing.users.entity.RoleMenu".
2022-06-19 22:15:26.682 [ http-nio-8080-exec-4 ] - [ WARN  ] [ com.zaxxer.hikari.pool.PoolBase : 179 ] - HikariPool-1 - Failed to validate connection org.postgresql.jdbc.PgConnection@1bb63b54 (This connection has been closed.). Possibly consider using a shorter maxLifetime value.
2022-06-19 22:15:39.511 [ main ] - [ WARN  ] [ c.b.mybatisplus.core.metadata.TableInfoHelper : 327 ] - Can not find table primary key in Class: "com.universe.marketing.users.entity.RoleMenu".
2022-06-19 22:21:43.664 [ http-nio-8080-exec-10 ] - [ WARN  ] [ com.zaxxer.hikari.pool.PoolBase : 179 ] - HikariPool-1 - Failed to validate connection org.postgresql.jdbc.PgConnection@6842eaf0 (This connection has been closed.). Possibly consider using a shorter maxLifetime value.
2022-06-19 22:21:55.913 [ main ] - [ WARN  ] [ c.b.mybatisplus.core.metadata.TableInfoHelper : 327 ] - Can not find table primary key in Class: "com.universe.marketing.users.entity.RoleMenu".
2022-06-19 22:29:21.930 [ http-nio-8080-exec-7 ] - [ WARN  ] [ com.zaxxer.hikari.pool.PoolBase : 179 ] - HikariPool-1 - Failed to validate connection org.postgresql.jdbc.PgConnection@7b76846a (This connection has been closed.). Possibly consider using a shorter maxLifetime value.
2022-06-19 22:33:08.828 [ main ] - [ WARN  ] [ c.b.mybatisplus.core.metadata.TableInfoHelper : 327 ] - Can not find table primary key in Class: "com.universe.marketing.users.entity.RoleMenu".
2022-06-19 22:33:25.519 [ http-nio-8080-exec-2 ] - [ WARN  ] [ o.s.w.s.m.support.DefaultHandlerExceptionResolver : 199 ] - Resolved [org.springframework.web.HttpRequestMethodNotSupportedException: Request method 'POST' not supported]
2022-06-19 22:45:55.666 [ http-nio-8080-exec-8 ] - [ WARN  ] [ com.zaxxer.hikari.pool.PoolBase : 179 ] - HikariPool-1 - Failed to validate connection org.postgresql.jdbc.PgConnection@d774f92 (This connection has been closed.). Possibly consider using a shorter maxLifetime value.
2022-06-19 22:46:00.856 [ http-nio-8080-exec-8 ] - [ WARN  ] [ com.zaxxer.hikari.pool.PoolBase : 179 ] - HikariPool-1 - Failed to validate connection org.postgresql.jdbc.PgConnection@561078 (This connection has been closed.). Possibly consider using a shorter maxLifetime value.
2022-06-19 22:46:01.494 [ http-nio-8080-exec-8 ] - [ WARN  ] [ com.zaxxer.hikari.pool.PoolBase : 179 ] - HikariPool-1 - Failed to validate connection org.postgresql.jdbc.PgConnection@20d6b8b9 (This connection has been closed.). Possibly consider using a shorter maxLifetime value.
2022-06-19 22:46:01.494 [ http-nio-8080-exec-10 ] - [ WARN  ] [ com.zaxxer.hikari.pool.PoolBase : 179 ] - HikariPool-1 - Failed to validate connection org.postgresql.jdbc.PgConnection@58b5412c (This connection has been closed.). Possibly consider using a shorter maxLifetime value.
2022-06-19 22:46:14.558 [ main ] - [ WARN  ] [ c.b.mybatisplus.core.metadata.TableInfoHelper : 327 ] - Can not find table primary key in Class: "com.universe.marketing.users.entity.RoleMenu".
2022-06-19 22:52:33.898 [ http-nio-8080-exec-7 ] - [ WARN  ] [ o.s.w.s.m.support.DefaultHandlerExceptionResolver : 199 ] - Resolved [org.springframework.http.converter.HttpMessageNotReadableException: JSON parse error: Cannot deserialize instance of `java.lang.Integer` out of START_OBJECT token; nested exception is com.fasterxml.jackson.databind.exc.MismatchedInputException: Cannot deserialize instance of `java.lang.Integer` out of START_OBJECT token
 at [Source: (PushbackInputStream); line: 2, column: 5] (through reference chain: java.util.ArrayList[0])]
2022-06-19 22:53:54.083 [ http-nio-8080-exec-10 ] - [ WARN  ] [ o.s.w.s.m.support.DefaultHandlerExceptionResolver : 199 ] - Resolved [org.springframework.http.converter.HttpMessageNotReadableException: JSON parse error: Cannot deserialize instance of `java.lang.Integer` out of START_OBJECT token; nested exception is com.fasterxml.jackson.databind.exc.MismatchedInputException: Cannot deserialize instance of `java.lang.Integer` out of START_OBJECT token
 at [Source: (PushbackInputStream); line: 2, column: 5] (through reference chain: java.util.ArrayList[0])]
2022-06-19 23:04:50.312 [ http-nio-8080-exec-1 ] - [ WARN  ] [ com.zaxxer.hikari.pool.PoolBase : 179 ] - HikariPool-1 - Failed to validate connection org.postgresql.jdbc.PgConnection@305d7210 (This connection has been closed.). Possibly consider using a shorter maxLifetime value.
2022-06-19 23:05:03.680 [ main ] - [ WARN  ] [ c.b.mybatisplus.core.metadata.TableInfoHelper : 327 ] - Can not find table primary key in Class: "com.universe.marketing.users.entity.RoleMenu".
2022-06-19 23:06:54.169 [ http-nio-8080-exec-9 ] - [ WARN  ] [ o.s.w.s.m.support.DefaultHandlerExceptionResolver : 199 ] - Resolved [org.springframework.http.converter.HttpMessageNotReadableException: JSON parse error: Cannot deserialize instance of `java.util.ArrayList<java.lang.Integer>` out of START_OBJECT token; nested exception is com.fasterxml.jackson.databind.exc.MismatchedInputException: Cannot deserialize instance of `java.util.ArrayList<java.lang.Integer>` out of START_OBJECT token
 at [Source: (PushbackInputStream); line: 1, column: 1]]
2022-06-19 23:07:18.915 [ http-nio-8080-exec-1 ] - [ WARN  ] [ o.s.w.s.m.support.DefaultHandlerExceptionResolver : 199 ] - Resolved [org.springframework.http.converter.HttpMessageNotReadableException: JSON parse error: Cannot deserialize instance of `java.util.ArrayList<java.lang.Integer>` out of START_OBJECT token; nested exception is com.fasterxml.jackson.databind.exc.MismatchedInputException: Cannot deserialize instance of `java.util.ArrayList<java.lang.Integer>` out of START_OBJECT token
 at [Source: (PushbackInputStream); line: 1, column: 1]]
2022-06-19 23:07:38.129 [ http-nio-8080-exec-4 ] - [ WARN  ] [ o.s.w.s.m.support.DefaultHandlerExceptionResolver : 199 ] - Resolved [org.springframework.http.converter.HttpMessageNotReadableException: JSON parse error: Cannot deserialize instance of `java.util.ArrayList<java.lang.Integer>` out of START_OBJECT token; nested exception is com.fasterxml.jackson.databind.exc.MismatchedInputException: Cannot deserialize instance of `java.util.ArrayList<java.lang.Integer>` out of START_OBJECT token
 at [Source: (PushbackInputStream); line: 1, column: 1]]
2022-06-19 23:08:33.448 [ http-nio-8080-exec-6 ] - [ WARN  ] [ o.s.w.s.m.support.DefaultHandlerExceptionResolver : 199 ] - Resolved [org.springframework.http.converter.HttpMessageNotReadableException: JSON parse error: Cannot deserialize instance of `java.util.ArrayList<java.lang.Integer>` out of START_OBJECT token; nested exception is com.fasterxml.jackson.databind.exc.MismatchedInputException: Cannot deserialize instance of `java.util.ArrayList<java.lang.Integer>` out of START_OBJECT token
 at [Source: (PushbackInputStream); line: 1, column: 1]]
2022-06-19 23:08:39.980 [ http-nio-8080-exec-5 ] - [ WARN  ] [ o.s.w.s.m.support.DefaultHandlerExceptionResolver : 199 ] - Resolved [org.springframework.http.converter.HttpMessageNotReadableException: JSON parse error: Cannot deserialize instance of `java.util.ArrayList<java.lang.Integer>` out of START_OBJECT token; nested exception is com.fasterxml.jackson.databind.exc.MismatchedInputException: Cannot deserialize instance of `java.util.ArrayList<java.lang.Integer>` out of START_OBJECT token
 at [Source: (PushbackInputStream); line: 1, column: 1]]
2022-06-19 23:10:21.595 [ http-nio-8080-exec-8 ] - [ WARN  ] [ o.s.w.s.m.support.DefaultHandlerExceptionResolver : 199 ] - Resolved [org.springframework.http.converter.HttpMessageNotReadableException: JSON parse error: Cannot deserialize instance of `java.util.ArrayList<java.lang.Integer>` out of START_OBJECT token; nested exception is com.fasterxml.jackson.databind.exc.MismatchedInputException: Cannot deserialize instance of `java.util.ArrayList<java.lang.Integer>` out of START_OBJECT token
 at [Source: (PushbackInputStream); line: 1, column: 1]]
2022-06-19 23:11:13.363 [ http-nio-8080-exec-10 ] - [ WARN  ] [ o.s.w.s.m.support.DefaultHandlerExceptionResolver : 199 ] - Resolved [org.springframework.http.converter.HttpMessageNotReadableException: JSON parse error: Cannot deserialize value of type `java.lang.Integer` from String "830fddf86951400bab0ce9575f53a768": not a valid Integer value; nested exception is com.fasterxml.jackson.databind.exc.InvalidFormatException: Cannot deserialize value of type `java.lang.Integer` from String "830fddf86951400bab0ce9575f53a768": not a valid Integer value
 at [Source: (PushbackInputStream); line: 2, column: 5] (through reference chain: java.util.ArrayList[0])]
2022-06-19 23:14:51.543 [ http-nio-8080-exec-2 ] - [ WARN  ] [ o.s.w.s.m.support.DefaultHandlerExceptionResolver : 199 ] - Resolved [org.springframework.http.converter.HttpMessageNotReadableException: JSON parse error: Cannot deserialize value of type `java.lang.Integer` from String "830fddf86951400bab0ce9575f53a768": not a valid Integer value; nested exception is com.fasterxml.jackson.databind.exc.InvalidFormatException: Cannot deserialize value of type `java.lang.Integer` from String "830fddf86951400bab0ce9575f53a768": not a valid Integer value
 at [Source: (PushbackInputStream); line: 2, column: 5] (through reference chain: java.util.ArrayList[0])]
2022-06-19 23:18:55.396 [ http-nio-8080-exec-4 ] - [ WARN  ] [ com.zaxxer.hikari.pool.PoolBase : 179 ] - HikariPool-1 - Failed to validate connection org.postgresql.jdbc.PgConnection@74c5f058 (This connection has been closed.). Possibly consider using a shorter maxLifetime value.
2022-06-19 23:19:08.413 [ main ] - [ WARN  ] [ c.b.mybatisplus.core.metadata.TableInfoHelper : 327 ] - Can not find table primary key in Class: "com.universe.marketing.users.entity.RoleMenu".
2022-06-19 23:32:23.970 [ http-nio-8080-exec-5 ] - [ WARN  ] [ com.zaxxer.hikari.pool.PoolBase : 179 ] - HikariPool-1 - Failed to validate connection org.postgresql.jdbc.PgConnection@716b54c (This connection has been closed.). Possibly consider using a shorter maxLifetime value.
2022-06-19 23:32:24.244 [ http-nio-8080-exec-5 ] - [ WARN  ] [ com.zaxxer.hikari.pool.PoolBase : 179 ] - HikariPool-1 - Failed to validate connection org.postgresql.jdbc.PgConnection@6b6a300c (This connection has been closed.). Possibly consider using a shorter maxLifetime value.
2022-06-19 23:32:38.005 [ main ] - [ WARN  ] [ c.b.mybatisplus.core.metadata.TableInfoHelper : 327 ] - Can not find table primary key in Class: "com.universe.marketing.users.entity.RoleMenu".
2022-06-19 23:48:27.587 [ http-nio-8080-exec-4 ] - [ WARN  ] [ com.zaxxer.hikari.pool.PoolBase : 179 ] - HikariPool-1 - Failed to validate connection org.postgresql.jdbc.PgConnection@66af9fd6 (This connection has been closed.). Possibly consider using a shorter maxLifetime value.
2022-06-19 23:48:28.460 [ http-nio-8080-exec-4 ] - [ WARN  ] [ com.zaxxer.hikari.pool.PoolBase : 179 ] - HikariPool-1 - Failed to validate connection org.postgresql.jdbc.PgConnection@36f5bfe9 (This connection has been closed.). Possibly consider using a shorter maxLifetime value.
2022-06-19 23:48:28.460 [ http-nio-8080-exec-5 ] - [ WARN  ] [ com.zaxxer.hikari.pool.PoolBase : 179 ] - HikariPool-1 - Failed to validate connection org.postgresql.jdbc.PgConnection@121df9c2 (This connection has been closed.). Possibly consider using a shorter maxLifetime value.
2022-06-19 23:48:42.286 [ main ] - [ WARN  ] [ c.b.mybatisplus.core.metadata.TableInfoHelper : 327 ] - Can not find table primary key in Class: "com.universe.marketing.users.entity.RoleMenu".
